<?xml version="1.0" encoding="UTF-8"?>
<robot generator="Robot 5.0.1 (Python 3.10.6 on win32)" generated="20220828 16:37:03.701" rpa="false" schemaversion="3">
<suite id="s1" name="EditQoute(QC)Add" source="C:\Users\abeer.hasan\Desktop\CaesarStone-Prod\Tests\EditQoute(QC)Add.robot">
<kw name="Initiate Web Tests" library="Login Retailer" type="SETUP">
<arg>${BROWSER}</arg>
<arg>${BROWSER_OPTIONS}</arg>
<kw name="Begin Web Test" library="Common">
<arg>${Browser}</arg>
<arg>${Options}</arg>
<kw name="Open Browser" library="SeleniumLibrary">
<arg>about:blank</arg>
<arg>${Browser}</arg>
<arg>options=${Options}</arg>
<doc>Opens a new browser instance to the optional ``url``.</doc>
<msg timestamp="20220828 16:37:04.295" level="INFO">Opening browser 'chrome' to base url 'about:blank'.</msg>
<status status="PASS" starttime="20220828 16:37:04.295" endtime="20220828 16:37:06.870"/>
</kw>
<status status="PASS" starttime="20220828 16:37:04.295" endtime="20220828 16:37:06.870"/>
</kw>
<kw name="Login To CSpartial" library="Login Retailer">
<kw name="Read Input" library="functions">
<var>${cspartial login_page}</var>
<arg>2</arg>
<arg>1</arg>
<msg timestamp="20220828 16:37:06.877" level="INFO">${cspartial login_page} = https://caesarstone.my.salesforce.com/</msg>
<status status="PASS" starttime="20220828 16:37:06.870" endtime="20220828 16:37:06.877"/>
</kw>
<kw name="Read Input" library="functions">
<var>${login_username}</var>
<arg>2</arg>
<arg>2</arg>
<msg timestamp="20220828 16:37:06.882" level="INFO">${login_username} = sftestuser@caesarstone.com</msg>
<status status="PASS" starttime="20220828 16:37:06.877" endtime="20220828 16:37:06.882"/>
</kw>
<kw name="Read Input" library="functions">
<var>${login_password}</var>
<arg>2</arg>
<arg>3</arg>
<msg timestamp="20220828 16:37:06.887" level="INFO">${login_password} = 1q2w3e4r5t6y</msg>
<status status="PASS" starttime="20220828 16:37:06.882" endtime="20220828 16:37:06.887"/>
</kw>
<kw name="Go To" library="SeleniumLibrary">
<arg>${cspartial login_page}</arg>
<doc>Navigates the current browser window to the provided ``url``.</doc>
<msg timestamp="20220828 16:37:06.888" level="INFO">Opening url 'https://caesarstone.my.salesforce.com/'</msg>
<status status="PASS" starttime="20220828 16:37:06.887" endtime="20220828 16:37:10.097"/>
</kw>
<kw name="Get Window Size" library="SeleniumLibrary">
<var>${G}</var>
<doc>Returns current window width and height as integers.</doc>
<msg timestamp="20220828 16:37:10.107" level="INFO">${G} = (1360, 768)</msg>
<status status="PASS" starttime="20220828 16:37:10.097" endtime="20220828 16:37:10.107"/>
</kw>
<kw name="Wait Until Page Contains" library="SeleniumLibrary">
<arg>Forgot Your Password?</arg>
<doc>Waits until ``text`` appears on the current page.</doc>
<status status="PASS" starttime="20220828 16:37:10.108" endtime="20220828 16:37:10.124"/>
</kw>
<kw name="Execute Javascript" library="SeleniumLibrary">
<arg>document.getElementById('username').value="sftestuser@caesarstone.com"</arg>
<doc>Executes the given JavaScript code with possible arguments.</doc>
<msg timestamp="20220828 16:37:10.124" level="INFO">Executing JavaScript:
document.getElementById('username').value="sftestuser@caesarstone.com"
Without any arguments.</msg>
<status status="PASS" starttime="20220828 16:37:10.124" endtime="20220828 16:37:10.130"/>
</kw>
<kw name="Capture Page Screenshot" library="SeleniumLibrary">
<doc>Takes a screenshot of the current page and embeds it into a log file.</doc>
<msg timestamp="20220828 16:37:10.213" level="INFO" html="true">&lt;/td&gt;&lt;/tr&gt;&lt;tr&gt;&lt;td colspan="3"&gt;&lt;a href="selenium-screenshot-7.png"&gt;&lt;img src="selenium-screenshot-7.png" width="800px"&gt;&lt;/a&gt;</msg>
<status status="PASS" starttime="20220828 16:37:10.130" endtime="20220828 16:37:10.213"/>
</kw>
<kw name="Execute Javascript" library="SeleniumLibrary">
<arg>document.getElementById('password').value="1q2w3e4r5t6y"</arg>
<doc>Executes the given JavaScript code with possible arguments.</doc>
<msg timestamp="20220828 16:37:10.214" level="INFO">Executing JavaScript:
document.getElementById('password').value="1q2w3e4r5t6y"
Without any arguments.</msg>
<status status="PASS" starttime="20220828 16:37:10.214" endtime="20220828 16:37:10.223"/>
</kw>
<kw name="Capture Page Screenshot" library="SeleniumLibrary">
<doc>Takes a screenshot of the current page and embeds it into a log file.</doc>
<msg timestamp="20220828 16:37:10.291" level="INFO" html="true">&lt;/td&gt;&lt;/tr&gt;&lt;tr&gt;&lt;td colspan="3"&gt;&lt;a href="selenium-screenshot-8.png"&gt;&lt;img src="selenium-screenshot-8.png" width="800px"&gt;&lt;/a&gt;</msg>
<status status="PASS" starttime="20220828 16:37:10.224" endtime="20220828 16:37:10.292"/>
</kw>
<kw name="Get Window Size" library="SeleniumLibrary">
<var>${G}</var>
<doc>Returns current window width and height as integers.</doc>
<msg timestamp="20220828 16:37:10.325" level="INFO">${G} = (1360, 768)</msg>
<status status="PASS" starttime="20220828 16:37:10.292" endtime="20220828 16:37:10.325"/>
</kw>
<kw name="Click Element" library="SeleniumLibrary">
<arg>rememberUn</arg>
<doc>Click the element identified by ``locator``.</doc>
<msg timestamp="20220828 16:37:10.325" level="INFO">Clicking element 'rememberUn'.</msg>
<status status="PASS" starttime="20220828 16:37:10.325" endtime="20220828 16:37:10.374"/>
</kw>
<kw name="Capture Page Screenshot" library="SeleniumLibrary">
<doc>Takes a screenshot of the current page and embeds it into a log file.</doc>
<msg timestamp="20220828 16:37:10.465" level="INFO" html="true">&lt;/td&gt;&lt;/tr&gt;&lt;tr&gt;&lt;td colspan="3"&gt;&lt;a href="selenium-screenshot-9.png"&gt;&lt;img src="selenium-screenshot-9.png" width="800px"&gt;&lt;/a&gt;</msg>
<status status="PASS" starttime="20220828 16:37:10.374" endtime="20220828 16:37:10.465"/>
</kw>
<kw name="Click Button" library="SeleniumLibrary">
<arg>Login</arg>
<doc>Clicks the button identified by ``locator``.</doc>
<msg timestamp="20220828 16:37:10.466" level="INFO">Clicking button 'Login'.</msg>
<status status="PASS" starttime="20220828 16:37:10.465" endtime="20220828 16:37:13.540"/>
</kw>
<kw name="Wait Until Page Contains Element" library="SeleniumLibrary">
<arg>xpath://*[contains(text(),"Caesarstone")]</arg>
<arg>60s</arg>
<doc>Waits until the element ``locator`` appears on the current page.</doc>
<status status="PASS" starttime="20220828 16:37:13.540" endtime="20220828 16:37:18.833"/>
</kw>
<status status="PASS" starttime="20220828 16:37:06.870" endtime="20220828 16:37:18.833"/>
</kw>
<status status="PASS" starttime="20220828 16:37:04.295" endtime="20220828 16:37:18.833"/>
</kw>
<test id="s1-t1" name="Create Qoute one produst+room" line="16">
<kw name="Proccess" library="Create Qoute">
<kw name="Read Input" library="functions">
<var>${User_Link_Page}</var>
<arg>2</arg>
<arg>5</arg>
<msg timestamp="20220828 16:37:18.843" level="INFO">${User_Link_Page} = https://caesarstone.lightning.force.com/lightning/r/Contact/0033V00000QR1D0QAL/view</msg>
<status status="PASS" starttime="20220828 16:37:18.834" endtime="20220828 16:37:18.843"/>
</kw>
<kw name="Navigating To &quot;Experience As User&quot;" library="Common">
<arg>${User_Link_Page}</arg>
<kw name="Navigate To To Giving Link Page" library="Common">
<arg>${User_Link}</arg>
<kw name="Go To" library="SeleniumLibrary">
<arg>${User_Link}</arg>
<doc>Navigates the current browser window to the provided ``url``.</doc>
<msg timestamp="20220828 16:37:18.843" level="INFO">Opening url 'https://caesarstone.lightning.force.com/lightning/r/Contact/0033V00000QR1D0QAL/view'</msg>
<status status="PASS" starttime="20220828 16:37:18.843" endtime="20220828 16:37:19.814"/>
</kw>
<kw name="Go To" library="SeleniumLibrary">
<arg>${User_Link}</arg>
<doc>Navigates the current browser window to the provided ``url``.</doc>
<msg timestamp="20220828 16:37:19.815" level="INFO">Opening url 'https://caesarstone.lightning.force.com/lightning/r/Contact/0033V00000QR1D0QAL/view'</msg>
<status status="PASS" starttime="20220828 16:37:19.815" endtime="20220828 16:37:20.241"/>
</kw>
<kw name="Wait Until Page Contains Element" library="SeleniumLibrary">
<arg>xpath://*[text()="Account Name"]</arg>
<arg>60s</arg>
<doc>Waits until the element ``locator`` appears on the current page.</doc>
<status status="PASS" starttime="20220828 16:37:20.241" endtime="20220828 16:37:22.008"/>
</kw>
<kw name="Wait Until Page Contains Element" library="SeleniumLibrary">
<arg>${ARROW&gt;Show more actions}</arg>
<arg>60s</arg>
<doc>Waits until the element ``locator`` appears on the current page.</doc>
<status status="PASS" starttime="20220828 16:37:22.008" endtime="20220828 16:37:22.530"/>
</kw>
<status status="PASS" starttime="20220828 16:37:18.843" endtime="20220828 16:37:22.530"/>
</kw>
<kw name="Login To Experience As User" library="Common">
<kw name="Wait Until Element Is Visible" library="SeleniumLibrary">
<arg>${ARROW&gt;Show more actions}</arg>
<arg>60s</arg>
<doc>Waits until the element ``locator`` is visible.</doc>
<status status="PASS" starttime="20220828 16:37:22.531" endtime="20220828 16:37:22.606"/>
</kw>
<kw name="Sleep" library="BuiltIn">
<arg>0.5s</arg>
<doc>Pauses the test executed for the given time.</doc>
<msg timestamp="20220828 16:37:23.113" level="INFO">Slept 500 milliseconds</msg>
<status status="PASS" starttime="20220828 16:37:22.606" endtime="20220828 16:37:23.113"/>
</kw>
<kw name="Click Button" library="SeleniumLibrary">
<arg>${ARROW&gt;Show more actions}</arg>
<doc>Clicks the button identified by ``locator``.</doc>
<msg timestamp="20220828 16:37:23.114" level="INFO">Clicking button 'xpath://*[@class="slds-button slds-button_icon-border-filled"]'.</msg>
<status status="PASS" starttime="20220828 16:37:23.113" endtime="20220828 16:37:23.225"/>
</kw>
<kw name="Get Element Count" library="SeleniumLibrary">
<var>${CountProducts}</var>
<arg>xpath://*[text()="Log in to Experience as User"]</arg>
<doc>Returns the number of elements matching ``locator``.</doc>
<msg timestamp="20220828 16:37:23.240" level="INFO">${CountProducts} = 1</msg>
<status status="PASS" starttime="20220828 16:37:23.225" endtime="20220828 16:37:23.240"/>
</kw>
<if>
<branch type="IF" condition="${CountProducts}==0">
<kw name="Click Element" library="SeleniumLibrary">
<arg>${ARROW&gt;Show more actions}</arg>
<doc>Click the element identified by ``locator``.</doc>
<status status="NOT RUN" starttime="20220828 16:37:23.240" endtime="20220828 16:37:23.240"/>
</kw>
<status status="NOT RUN" starttime="20220828 16:37:23.240" endtime="20220828 16:37:23.240"/>
</branch>
<status status="PASS" starttime="20220828 16:37:23.240" endtime="20220828 16:37:23.240"/>
</if>
<kw name="Wait Until Page Contains Element" library="SeleniumLibrary">
<arg>xpath://*[text()="Log in to Experience as User"]</arg>
<arg>60s</arg>
<doc>Waits until the element ``locator`` appears on the current page.</doc>
<status status="PASS" starttime="20220828 16:37:23.240" endtime="20220828 16:37:23.251"/>
</kw>
<kw name="Click Element" library="SeleniumLibrary">
<arg>${Log in to Experience as User}</arg>
<doc>Click the element identified by ``locator``.</doc>
<msg timestamp="20220828 16:37:23.252" level="INFO">Clicking element 'xpath://*[text()="Log in to Experience as User"]'.</msg>
<status status="PASS" starttime="20220828 16:37:23.251" endtime="20220828 16:37:23.305"/>
</kw>
<kw name="Wait Until Page Does Not Contain Element" library="SeleniumLibrary">
<arg>xpath://*[text()="Log in to Experience as User"]</arg>
<arg>30s</arg>
<doc>Waits until the element ``locator`` disappears from the current page.</doc>
<status status="PASS" starttime="20220828 16:37:23.306" endtime="20220828 16:37:35.383"/>
</kw>
<kw name="Get Element Count" library="SeleniumLibrary">
<var>${CountProducts}</var>
<arg>${ARROW&gt;Show more actions}</arg>
<doc>Returns the number of elements matching ``locator``.</doc>
<msg timestamp="20220828 16:37:35.391" level="INFO">${CountProducts} = 0</msg>
<status status="PASS" starttime="20220828 16:37:35.383" endtime="20220828 16:37:35.391"/>
</kw>
<if>
<branch type="IF" condition="${CountProducts}==1">
<kw name="Login To Experience As User" library="Common">
<status status="NOT RUN" starttime="20220828 16:37:35.391" endtime="20220828 16:37:35.391"/>
</kw>
<status status="NOT RUN" starttime="20220828 16:37:35.391" endtime="20220828 16:37:35.391"/>
</branch>
<status status="PASS" starttime="20220828 16:37:35.391" endtime="20220828 16:37:35.391"/>
</if>
<status status="PASS" starttime="20220828 16:37:22.531" endtime="20220828 16:37:35.391"/>
</kw>
<status status="PASS" starttime="20220828 16:37:18.843" endtime="20220828 16:37:35.392"/>
</kw>
<kw name="Select Frames" library="Create Qoute">
<kw name="Wait Until Page Contains Element" library="SeleniumLibrary">
<arg>xpath:(//*[@class="slds-button slds-button_brand"])[1]</arg>
<arg>130s</arg>
<doc>Waits until the element ``locator`` appears on the current page.</doc>
<status status="PASS" starttime="20220828 16:37:35.392" endtime="20220828 16:37:35.403"/>
</kw>
<kw name="Click Element" library="SeleniumLibrary">
<arg>xpath:(//*[@class="slds-button slds-button_brand"])[1]</arg>
<doc>Click the element identified by ``locator``.</doc>
<msg timestamp="20220828 16:37:35.404" level="INFO">Clicking element 'xpath:(//*[@class="slds-button slds-button_brand"])[1]'.</msg>
<status status="PASS" starttime="20220828 16:37:35.404" endtime="20220828 16:37:35.466"/>
</kw>
<kw name="Wait Until Element Is Visible" library="SeleniumLibrary">
<arg>xpath://iframe[@class="canvasIframe"]</arg>
<arg>90s</arg>
<doc>Waits until the element ``locator`` is visible.</doc>
<status status="PASS" starttime="20220828 16:37:35.466" endtime="20220828 16:37:35.933"/>
</kw>
<kw name="Select Frame" library="SeleniumLibrary">
<arg>//iframe[@class="canvasIframe"]</arg>
<doc>Sets frame identified by ``locator`` as the current frame.</doc>
<msg timestamp="20220828 16:37:35.933" level="INFO">Selecting frame '//iframe[@class="canvasIframe"]'.</msg>
<status status="PASS" starttime="20220828 16:37:35.933" endtime="20220828 16:37:37.113"/>
</kw>
<kw name="Sleep" library="BuiltIn">
<arg>0.9m</arg>
<doc>Pauses the test executed for the given time.</doc>
<msg timestamp="20220828 16:38:31.116" level="INFO">Slept 54 seconds</msg>
<status status="PASS" starttime="20220828 16:37:37.114" endtime="20220828 16:38:31.116"/>
</kw>
<kw name="Wait Until Element Is Enabled" library="SeleniumLibrary">
<arg>xpath://iframe[@title="Canvas IFrame for application QuoteCountertops."]</arg>
<arg>90s</arg>
<doc>Waits until the element ``locator`` is enabled.</doc>
<status status="PASS" starttime="20220828 16:38:31.116" endtime="20220828 16:38:31.154"/>
</kw>
<kw name="Select Frame" library="SeleniumLibrary">
<arg>//iframe[@title="Canvas IFrame for application QuoteCountertops."]</arg>
<doc>Sets frame identified by ``locator`` as the current frame.</doc>
<msg timestamp="20220828 16:38:31.154" level="INFO">Selecting frame '//iframe[@title="Canvas IFrame for application QuoteCountertops."]'.</msg>
<status status="PASS" starttime="20220828 16:38:31.154" endtime="20220828 16:38:31.185"/>
</kw>
<kw name="Select Frame" library="SeleniumLibrary">
<arg>//iframe[@title="QuoteCountertops"]</arg>
<doc>Sets frame identified by ``locator`` as the current frame.</doc>
<msg timestamp="20220828 16:38:31.186" level="INFO">Selecting frame '//iframe[@title="QuoteCountertops"]'.</msg>
<status status="PASS" starttime="20220828 16:38:31.185" endtime="20220828 16:38:31.221"/>
</kw>
<status status="PASS" starttime="20220828 16:37:35.392" endtime="20220828 16:38:31.222"/>
</kw>
<kw name="Choose Room" library="Create Qoute">
<kw name="Wait Until Page Does Not Contain Element" library="SeleniumLibrary">
<arg>xpath://*[text()="Please wait while the design is ready."]</arg>
<doc>Waits until the element ``locator`` disappears from the current page.</doc>
<status status="PASS" starttime="20220828 16:38:31.222" endtime="20220828 16:38:31.234"/>
</kw>
<kw name="Wait Until Element Is Enabled" library="SeleniumLibrary">
<arg>xpath://*[@class="bv-item-container"]/div/div/div/div[2]</arg>
<arg>100s</arg>
<doc>Waits until the element ``locator`` is enabled.</doc>
<status status="PASS" starttime="20220828 16:38:31.234" endtime="20220828 16:38:31.273"/>
</kw>
<kw name="Click Element" library="SeleniumLibrary">
<arg>xpath://*[@class="bv-item-container"]/div/div/div/div[2]</arg>
<doc>Click the element identified by ``locator``.</doc>
<msg timestamp="20220828 16:38:31.274" level="INFO">Clicking element 'xpath://*[@class="bv-item-container"]/div/div/div/div[2]'.</msg>
<status status="PASS" starttime="20220828 16:38:31.273" endtime="20220828 16:38:31.530"/>
</kw>
<kw name="Sleep" library="BuiltIn">
<arg>2s</arg>
<doc>Pauses the test executed for the given time.</doc>
<msg timestamp="20220828 16:38:33.545" level="INFO">Slept 2 seconds</msg>
<status status="PASS" starttime="20220828 16:38:31.530" endtime="20220828 16:38:33.545"/>
</kw>
<kw name="Wait Until Element Is Enabled" library="SeleniumLibrary">
<arg>xpath://*[@class="bv-item-container"]/div/div/div/div[2]/div/div[2]/button</arg>
<arg>100s</arg>
<doc>Waits until the element ``locator`` is enabled.</doc>
<status status="PASS" starttime="20220828 16:38:33.545" endtime="20220828 16:38:33.580"/>
</kw>
<kw name="Click Button" library="SeleniumLibrary">
<arg>xpath://*[@class="bv-item-container"]/div/div/div/div[2]/div/div[2]/button</arg>
<doc>Clicks the button identified by ``locator``.</doc>
<msg timestamp="20220828 16:38:33.580" level="INFO">Clicking button 'xpath://*[@class="bv-item-container"]/div/div/div/div[2]/div/div[2]/button'.</msg>
<status status="PASS" starttime="20220828 16:38:33.580" endtime="20220828 16:38:33.774"/>
</kw>
<kw name="Get Element Count" library="SeleniumLibrary">
<var>${CountProducts}</var>
<arg>xpath://*[@class="bv-item-container"]/div/div/div/div[2]/div/div[2]/button</arg>
<doc>Returns the number of elements matching ``locator``.</doc>
<msg timestamp="20220828 16:38:33.782" level="INFO">${CountProducts} = 0</msg>
<status status="PASS" starttime="20220828 16:38:33.774" endtime="20220828 16:38:33.782"/>
</kw>
<if>
<branch type="IF" condition="${CountProducts}==1">
<kw name="Click Element" library="SeleniumLibrary">
<arg>xpath://*[@class="bv-item-container"]/div/div/div/div[2]/div/div[2]/button</arg>
<doc>Click the element identified by ``locator``.</doc>
<status status="NOT RUN" starttime="20220828 16:38:33.782" endtime="20220828 16:38:33.782"/>
</kw>
<status status="NOT RUN" starttime="20220828 16:38:33.782" endtime="20220828 16:38:33.782"/>
</branch>
<status status="PASS" starttime="20220828 16:38:33.782" endtime="20220828 16:38:33.782"/>
</if>
<kw name="Wait Until Element Is Visible" library="SeleniumLibrary">
<arg>xpath://*[text()="Add to Quote"]</arg>
<arg>100s</arg>
<doc>Waits until the element ``locator`` is visible.</doc>
<status status="PASS" starttime="20220828 16:38:33.783" endtime="20220828 16:38:33.807"/>
</kw>
<kw name="Click Element" library="SeleniumLibrary">
<arg>xpath://*[text()="Add to Quote"]</arg>
<doc>Click the element identified by ``locator``.</doc>
<msg timestamp="20220828 16:38:33.808" level="INFO">Clicking element 'xpath://*[text()="Add to Quote"]'.</msg>
<status status="PASS" starttime="20220828 16:38:33.807" endtime="20220828 16:38:34.050"/>
</kw>
<kw name="Get Element Count" library="SeleniumLibrary">
<var>${CountProducts}</var>
<arg>xpath://*[contains(text(),"Product info")]</arg>
<doc>Returns the number of elements matching ``locator``.</doc>
<msg timestamp="20220828 16:38:34.085" level="INFO">${CountProducts} = 0</msg>
<status status="PASS" starttime="20220828 16:38:34.050" endtime="20220828 16:38:34.085"/>
</kw>
<if>
<branch type="IF" condition="${CountProducts}==1">
<kw name="Click Element" library="SeleniumLibrary">
<arg>xpath://*[text()="Add to Quote"]</arg>
<doc>Click the element identified by ``locator``.</doc>
<status status="NOT RUN" starttime="20220828 16:38:34.086" endtime="20220828 16:38:34.086"/>
</kw>
<status status="NOT RUN" starttime="20220828 16:38:34.085" endtime="20220828 16:38:34.086"/>
</branch>
<status status="PASS" starttime="20220828 16:38:34.085" endtime="20220828 16:38:34.086"/>
</if>
<kw name="Wait Until Element Is Visible" library="SeleniumLibrary">
<arg>xpath://*[@class="bv-item-container"]/div/div/div/div/div/div[2]/button</arg>
<arg>90s</arg>
<doc>Waits until the element ``locator`` is visible.</doc>
<status status="PASS" starttime="20220828 16:38:34.086" endtime="20220828 16:38:37.664"/>
</kw>
<kw name="Sleep" library="BuiltIn">
<arg>2s</arg>
<doc>Pauses the test executed for the given time.</doc>
<msg timestamp="20220828 16:38:39.675" level="INFO">Slept 2 seconds</msg>
<status status="PASS" starttime="20220828 16:38:37.664" endtime="20220828 16:38:39.675"/>
</kw>
<kw name="Click Button" library="SeleniumLibrary">
<arg>xpath://*[@class="bv-item-container"]/div/div/div/div/div/div[2]/button</arg>
<doc>Clicks the button identified by ``locator``.</doc>
<msg timestamp="20220828 16:38:39.675" level="INFO">Clicking button 'xpath://*[@class="bv-item-container"]/div/div/div/div/div/div[2]/button'.</msg>
<status status="PASS" starttime="20220828 16:38:39.675" endtime="20220828 16:38:39.878"/>
</kw>
<kw name="Wait Until Element Is Visible" library="SeleniumLibrary">
<arg>xpath://*[@class="ui-quantity-button ui-quantity-button--plus"]</arg>
<arg>90s</arg>
<doc>Waits until the element ``locator`` is visible.</doc>
<status status="PASS" starttime="20220828 16:38:39.879" endtime="20220828 16:38:39.903"/>
</kw>
<kw name="Click Button" library="SeleniumLibrary">
<arg>xpath://*[@class="ui-quantity-button ui-quantity-button--plus"]</arg>
<doc>Clicks the button identified by ``locator``.</doc>
<msg timestamp="20220828 16:38:39.904" level="INFO">Clicking button 'xpath://*[@class="ui-quantity-button ui-quantity-button--plus"]'.</msg>
<status status="PASS" starttime="20220828 16:38:39.904" endtime="20220828 16:38:40.116"/>
</kw>
<kw name="Click Element" library="SeleniumLibrary">
<arg>xpath://*[text()="Add to Quote"]</arg>
<doc>Click the element identified by ``locator``.</doc>
<msg timestamp="20220828 16:38:40.117" level="INFO">Clicking element 'xpath://*[text()="Add to Quote"]'.</msg>
<status status="PASS" starttime="20220828 16:38:40.117" endtime="20220828 16:38:40.399"/>
</kw>
<status status="PASS" starttime="20220828 16:38:31.222" endtime="20220828 16:38:40.399"/>
</kw>
<kw name="Add SPLASHBACK" library="Create Qoute">
<kw name="Wait Until Element Is Visible" library="SeleniumLibrary">
<arg>xpath://*[@class="bv-item-container"]/div/div/div/div/div/div[2]/button</arg>
<arg>90s</arg>
<doc>Waits until the element ``locator`` is visible.</doc>
<status status="PASS" starttime="20220828 16:38:40.399" endtime="20220828 16:38:40.439"/>
</kw>
<kw name="Sleep" library="BuiltIn">
<arg>3s</arg>
<doc>Pauses the test executed for the given time.</doc>
<msg timestamp="20220828 16:38:43.455" level="INFO">Slept 3 seconds</msg>
<status status="PASS" starttime="20220828 16:38:40.439" endtime="20220828 16:38:43.455"/>
</kw>
<kw name="Click Button" library="SeleniumLibrary">
<arg>xpath://*[@class="bv-item-container"]/div/div/div/div/div/div[2]/button</arg>
<doc>Clicks the button identified by ``locator``.</doc>
<msg timestamp="20220828 16:38:43.455" level="INFO">Clicking button 'xpath://*[@class="bv-item-container"]/div/div/div/div/div/div[2]/button'.</msg>
<status status="PASS" starttime="20220828 16:38:43.455" endtime="20220828 16:38:43.661"/>
</kw>
<kw name="Wait Until Element Is Visible" library="SeleniumLibrary">
<arg>xpath://*[@class="ui-quantity-button ui-quantity-button--plus"]</arg>
<arg>90s</arg>
<doc>Waits until the element ``locator`` is visible.</doc>
<status status="PASS" starttime="20220828 16:38:43.661" endtime="20220828 16:38:43.689"/>
</kw>
<kw name="Click Button" library="SeleniumLibrary">
<arg>xpath://*[@class="ui-quantity-button ui-quantity-button--plus"]</arg>
<doc>Clicks the button identified by ``locator``.</doc>
<msg timestamp="20220828 16:38:43.690" level="INFO">Clicking button 'xpath://*[@class="ui-quantity-button ui-quantity-button--plus"]'.</msg>
<status status="PASS" starttime="20220828 16:38:43.689" endtime="20220828 16:38:43.807"/>
</kw>
<kw name="Click Element" library="SeleniumLibrary">
<arg>xpath://*[text()="Add to Quote"]</arg>
<doc>Click the element identified by ``locator``.</doc>
<msg timestamp="20220828 16:38:43.807" level="INFO">Clicking element 'xpath://*[text()="Add to Quote"]'.</msg>
<status status="PASS" starttime="20220828 16:38:43.807" endtime="20220828 16:38:44.040"/>
</kw>
<kw name="Sleep" library="BuiltIn">
<arg>1s</arg>
<doc>Pauses the test executed for the given time.</doc>
<msg timestamp="20220828 16:38:45.042" level="INFO">Slept 1 second</msg>
<status status="PASS" starttime="20220828 16:38:44.040" endtime="20220828 16:38:45.042"/>
</kw>
<status status="PASS" starttime="20220828 16:38:40.399" endtime="20220828 16:38:45.042"/>
</kw>
<kw name="Add Edge" library="Create Qoute">
<kw name="Wait Until Element Is Visible" library="SeleniumLibrary">
<arg>xpath://*[@class="bv-item-container"]/div/div[1]/div/div[1]/div/div[1]</arg>
<arg>90s</arg>
<doc>Waits until the element ``locator`` is visible.</doc>
<status status="PASS" starttime="20220828 16:38:45.043" endtime="20220828 16:38:45.072"/>
</kw>
<kw name="Click Element" library="SeleniumLibrary">
<arg>xpath://*[@class="bv-item-container"]/div/div[1]/div/div[1]/div</arg>
<doc>Click the element identified by ``locator``.</doc>
<msg timestamp="20220828 16:38:45.073" level="INFO">Clicking element 'xpath://*[@class="bv-item-container"]/div/div[1]/div/div[1]/div'.</msg>
<status status="PASS" starttime="20220828 16:38:45.073" endtime="20220828 16:38:45.299"/>
</kw>
<kw name="Click Element" library="SeleniumLibrary">
<arg>xpath://*[@class="bv-item-container"]/div/div[1]/div/div[1]/div[1]/div[2]/button</arg>
<doc>Click the element identified by ``locator``.</doc>
<msg timestamp="20220828 16:38:45.300" level="INFO">Clicking element 'xpath://*[@class="bv-item-container"]/div/div[1]/div/div[1]/div[1]/div[2]/button'.</msg>
<status status="PASS" starttime="20220828 16:38:45.300" endtime="20220828 16:38:45.461"/>
</kw>
<kw name="Sleep" library="BuiltIn">
<arg>1s</arg>
<doc>Pauses the test executed for the given time.</doc>
<msg timestamp="20220828 16:38:46.462" level="INFO">Slept 1 second</msg>
<status status="PASS" starttime="20220828 16:38:45.462" endtime="20220828 16:38:46.462"/>
</kw>
<kw name="Get Element Count" library="SeleniumLibrary">
<var>${CountProducts1}</var>
<arg>xpath://*[@class="bv-item-container"]/div/div[1]/div/div[1]/div[1]/div[2]/button</arg>
<doc>Returns the number of elements matching ``locator``.</doc>
<msg timestamp="20220828 16:38:46.481" level="INFO">${CountProducts1} = 0</msg>
<status status="PASS" starttime="20220828 16:38:46.463" endtime="20220828 16:38:46.481"/>
</kw>
<if>
<branch type="IF" condition="${CountProducts1}==1">
<kw name="Click Element" library="SeleniumLibrary">
<arg>xpath://*[@class="bv-item-container"]/div/div[1]/div/div[1]/div[1]/div[2]/button</arg>
<doc>Click the element identified by ``locator``.</doc>
<status status="NOT RUN" starttime="20220828 16:38:46.482" endtime="20220828 16:38:46.482"/>
</kw>
<status status="NOT RUN" starttime="20220828 16:38:46.481" endtime="20220828 16:38:46.482"/>
</branch>
<status status="PASS" starttime="20220828 16:38:46.481" endtime="20220828 16:38:46.482"/>
</if>
<kw name="Wait Until Element Is Visible" library="SeleniumLibrary">
<arg>xpath://*[text()="Add to Quote"]</arg>
<arg>90s</arg>
<doc>Waits until the element ``locator`` is visible.</doc>
<status status="PASS" starttime="20220828 16:38:46.482" endtime="20220828 16:38:46.513"/>
</kw>
<kw name="Click Element" library="SeleniumLibrary">
<arg>xpath://*[text()="Add to Quote"]</arg>
<doc>Click the element identified by ``locator``.</doc>
<msg timestamp="20220828 16:38:46.513" level="INFO">Clicking element 'xpath://*[text()="Add to Quote"]'.</msg>
<status status="PASS" starttime="20220828 16:38:46.513" endtime="20220828 16:38:46.778"/>
</kw>
<kw name="Get Element Count" library="SeleniumLibrary">
<var>${CountProducts}</var>
<arg>xpath://*[contains(text(),"Product info")]</arg>
<doc>Returns the number of elements matching ``locator``.</doc>
<msg timestamp="20220828 16:38:46.801" level="INFO">${CountProducts} = 0</msg>
<status status="PASS" starttime="20220828 16:38:46.778" endtime="20220828 16:38:46.801"/>
</kw>
<if>
<branch type="IF" condition="${CountProducts}&gt;0">
<kw name="Click Element" library="SeleniumLibrary">
<arg>xpath://*[text()="Add to Quote"]</arg>
<doc>Click the element identified by ``locator``.</doc>
<status status="NOT RUN" starttime="20220828 16:38:46.801" endtime="20220828 16:38:46.802"/>
</kw>
<status status="NOT RUN" starttime="20220828 16:38:46.801" endtime="20220828 16:38:46.802"/>
</branch>
<status status="PASS" starttime="20220828 16:38:46.801" endtime="20220828 16:38:46.802"/>
</if>
<kw name="Wait Until Page Does Not Contain Element" library="SeleniumLibrary">
<arg>xpath://*[contains(text(),"Product info")]</arg>
<arg>50s</arg>
<doc>Waits until the element ``locator`` disappears from the current page.</doc>
<status status="PASS" starttime="20220828 16:38:46.802" endtime="20220828 16:38:46.811"/>
</kw>
<status status="PASS" starttime="20220828 16:38:45.043" endtime="20220828 16:38:46.812"/>
</kw>
<kw name="Add CUTOUTS" library="Create Qoute">
<kw name="Wait Until Element Is Visible" library="SeleniumLibrary">
<arg>xpath:(//*[@class="ui-quantity-button ui-quantity-button--plus"])[1]</arg>
<arg>90s</arg>
<doc>Waits until the element ``locator`` is visible.</doc>
<status status="PASS" starttime="20220828 16:38:46.812" endtime="20220828 16:38:47.049"/>
</kw>
<kw name="Click Button" library="SeleniumLibrary">
<arg>xpath:(//*[@class="ui-quantity-button ui-quantity-button--plus"])[1]</arg>
<doc>Clicks the button identified by ``locator``.</doc>
<msg timestamp="20220828 16:38:47.049" level="INFO">Clicking button 'xpath:(//*[@class="ui-quantity-button ui-quantity-button--plus"])[1]'.</msg>
<status status="PASS" starttime="20220828 16:38:47.049" endtime="20220828 16:38:47.240"/>
</kw>
<kw name="Click Element" library="SeleniumLibrary">
<arg>xpath://*[text()="Add to Quote"]</arg>
<doc>Click the element identified by ``locator``.</doc>
<msg timestamp="20220828 16:38:47.241" level="INFO">Clicking element 'xpath://*[text()="Add to Quote"]'.</msg>
<status status="PASS" starttime="20220828 16:38:47.241" endtime="20220828 16:38:47.466"/>
</kw>
<kw name="Wait Until Page Does Not Contain Element" library="SeleniumLibrary">
<arg>xpath://*[contains(text(),"Additional Tap Hole")]</arg>
<arg>50s</arg>
<doc>Waits until the element ``locator`` disappears from the current page.</doc>
<status status="PASS" starttime="20220828 16:38:47.467" endtime="20220828 16:38:47.506"/>
</kw>
<status status="PASS" starttime="20220828 16:38:46.812" endtime="20220828 16:38:47.506"/>
</kw>
<kw name="Add SPECIALY CUTS" library="Create Qoute">
<kw name="Wait Until Element Is Visible" library="SeleniumLibrary">
<arg>xpath:(//*[@class="ui-quantity-button ui-quantity-button--plus"])[1]</arg>
<arg>90s</arg>
<doc>Waits until the element ``locator`` is visible.</doc>
<status status="PASS" starttime="20220828 16:38:47.507" endtime="20220828 16:38:47.758"/>
</kw>
<kw name="Click Button" library="SeleniumLibrary">
<arg>xpath:(//*[@class="ui-quantity-button ui-quantity-button--plus"])[1]</arg>
<doc>Clicks the button identified by ``locator``.</doc>
<msg timestamp="20220828 16:38:47.759" level="INFO">Clicking button 'xpath:(//*[@class="ui-quantity-button ui-quantity-button--plus"])[1]'.</msg>
<status status="PASS" starttime="20220828 16:38:47.758" endtime="20220828 16:38:47.935"/>
</kw>
<kw name="Click Element" library="SeleniumLibrary">
<arg>xpath://*[text()="Add to Quote"]</arg>
<doc>Click the element identified by ``locator``.</doc>
<msg timestamp="20220828 16:38:47.935" level="INFO">Clicking element 'xpath://*[text()="Add to Quote"]'.</msg>
<status status="PASS" starttime="20220828 16:38:47.935" endtime="20220828 16:38:48.149"/>
</kw>
<status status="PASS" starttime="20220828 16:38:47.506" endtime="20220828 16:38:48.149"/>
</kw>
<kw name="Add ADDITIONAL TRAVEL" library="Create Qoute">
<kw name="Sleep" library="BuiltIn">
<arg>2s</arg>
<doc>Pauses the test executed for the given time.</doc>
<msg timestamp="20220828 16:38:50.153" level="INFO">Slept 2 seconds</msg>
<status status="PASS" starttime="20220828 16:38:48.149" endtime="20220828 16:38:50.153"/>
</kw>
<kw name="Wait Until Element Is Visible" library="SeleniumLibrary">
<arg>xpath:(//*[@class="ui-quantity-button ui-quantity-button--plus"])[1]</arg>
<arg>90s</arg>
<doc>Waits until the element ``locator`` is visible.</doc>
<status status="PASS" starttime="20220828 16:38:50.153" endtime="20220828 16:38:50.177"/>
</kw>
<kw name="Click Button" library="SeleniumLibrary">
<arg>xpath:(//*[@class="ui-quantity-button ui-quantity-button--plus"])[1]</arg>
<doc>Clicks the button identified by ``locator``.</doc>
<msg timestamp="20220828 16:38:50.177" level="INFO">Clicking button 'xpath:(//*[@class="ui-quantity-button ui-quantity-button--plus"])[1]'.</msg>
<status status="PASS" starttime="20220828 16:38:50.177" endtime="20220828 16:38:50.362"/>
</kw>
<kw name="Click Element" library="SeleniumLibrary">
<arg>xpath://*[text()="Add to Quote"]</arg>
<doc>Click the element identified by ``locator``.</doc>
<msg timestamp="20220828 16:38:50.362" level="INFO">Clicking element 'xpath://*[text()="Add to Quote"]'.</msg>
<status status="PASS" starttime="20220828 16:38:50.362" endtime="20220828 16:38:50.694"/>
</kw>
<kw name="Click Element" library="SeleniumLibrary">
<arg>xpath://*[text()="Save Quote"]</arg>
<doc>Click the element identified by ``locator``.</doc>
<msg timestamp="20220828 16:38:50.695" level="INFO">Clicking element 'xpath://*[text()="Save Quote"]'.</msg>
<status status="PASS" starttime="20220828 16:38:50.694" endtime="20220828 16:38:50.847"/>
</kw>
<kw name="Sleep" library="BuiltIn">
<arg>2s</arg>
<doc>Pauses the test executed for the given time.</doc>
<msg timestamp="20220828 16:38:52.848" level="INFO">Slept 2 seconds</msg>
<status status="PASS" starttime="20220828 16:38:50.847" endtime="20220828 16:38:52.848"/>
</kw>
<status status="PASS" starttime="20220828 16:38:48.149" endtime="20220828 16:38:52.848"/>
</kw>
<kw name="Capture Page Screenshot" library="SeleniumLibrary">
<doc>Takes a screenshot of the current page and embeds it into a log file.</doc>
<msg timestamp="20220828 16:38:52.997" level="INFO" html="true">&lt;/td&gt;&lt;/tr&gt;&lt;tr&gt;&lt;td colspan="3"&gt;&lt;a href="selenium-screenshot-10.png"&gt;&lt;img src="selenium-screenshot-10.png" width="800px"&gt;&lt;/a&gt;</msg>
<status status="PASS" starttime="20220828 16:38:52.848" endtime="20220828 16:38:52.997"/>
</kw>
<kw name="Get Text" library="SeleniumLibrary">
<var>${Total_Inc}</var>
<arg>xpath:(//*[@class="dcart-column__value"])[2]</arg>
<doc>Returns the text value of the element identified by ``locator``.</doc>
<msg timestamp="20220828 16:38:53.023" level="INFO">${Total_Inc} = $2355.10</msg>
<status status="PASS" starttime="20220828 16:38:52.997" endtime="20220828 16:38:53.023"/>
</kw>
<kw name="Get Text" library="SeleniumLibrary">
<var>${Total_Exc}</var>
<arg>xpath:(//*[@class="dcart-column__value"])[1]</arg>
<doc>Returns the text value of the element identified by ``locator``.</doc>
<msg timestamp="20220828 16:38:53.053" level="INFO">${Total_Exc} = $214.10</msg>
<status status="PASS" starttime="20220828 16:38:53.023" endtime="20220828 16:38:53.053"/>
</kw>
<kw name="Substringg" library="functions">
<var>${Total_Inc}</var>
<arg>${Total_Inc}</arg>
<msg timestamp="20220828 16:38:53.053" level="INFO">${Total_Inc} = 2355.10</msg>
<status status="PASS" starttime="20220828 16:38:53.053" endtime="20220828 16:38:53.053"/>
</kw>
<kw name="Substringg" library="functions">
<var>${Total_Exc}</var>
<arg>${Total_Exc}</arg>
<msg timestamp="20220828 16:38:53.053" level="INFO">${Total_Exc} = 214.10</msg>
<status status="PASS" starttime="20220828 16:38:53.053" endtime="20220828 16:38:53.053"/>
</kw>
<kw name="Multiple 10" library="functions">
<var>${Total_Exc}</var>
<arg>${Total_Exc}</arg>
<msg timestamp="20220828 16:38:53.054" level="INFO">${Total_Exc} = 2141.0</msg>
<status status="PASS" starttime="20220828 16:38:53.054" endtime="20220828 16:38:53.054"/>
</kw>
<kw name="Choose Customer" library="Create Qoute">
<kw name="Get Element Count" library="SeleniumLibrary">
<var>${CountProducts}</var>
<arg>xpath://span[text()="customer"]/parent::div/following-sibling::div/div/li</arg>
<doc>Returns the number of elements matching ``locator``.</doc>
<msg timestamp="20220828 16:38:53.069" level="INFO">${CountProducts} = 2</msg>
<status status="PASS" starttime="20220828 16:38:53.054" endtime="20220828 16:38:53.069"/>
</kw>
<if>
<branch type="IF" condition="${CountProducts}==0">
<kw name="Click Element" library="SeleniumLibrary">
<arg>xpath://*[text()="Add Customer"]</arg>
<doc>Click the element identified by ``locator``.</doc>
<status status="NOT RUN" starttime="20220828 16:38:53.069" endtime="20220828 16:38:53.069"/>
</kw>
<kw name="Input Text" library="SeleniumLibrary">
<arg>firstName</arg>
<arg>Automated</arg>
<doc>Types the given ``text`` into the text field identified by ``locator``.</doc>
<status status="NOT RUN" starttime="20220828 16:38:53.069" endtime="20220828 16:38:53.069"/>
</kw>
<kw name="Input Text" library="SeleniumLibrary">
<arg>lastName</arg>
<arg>Test</arg>
<doc>Types the given ``text`` into the text field identified by ``locator``.</doc>
<status status="NOT RUN" starttime="20220828 16:38:53.069" endtime="20220828 16:38:53.069"/>
</kw>
<kw name="Input Text" library="SeleniumLibrary">
<arg>city</arg>
<arg>${CityInput}</arg>
<doc>Types the given ``text`` into the text field identified by ``locator``.</doc>
<status status="NOT RUN" starttime="20220828 16:38:53.069" endtime="20220828 16:38:53.069"/>
</kw>
<kw name="Input Text" library="SeleniumLibrary">
<arg>state</arg>
<arg>Australian Capital Territory</arg>
<doc>Types the given ``text`` into the text field identified by ``locator``.</doc>
<status status="NOT RUN" starttime="20220828 16:38:53.069" endtime="20220828 16:38:53.069"/>
</kw>
<status status="NOT RUN" starttime="20220828 16:38:53.069" endtime="20220828 16:38:53.069"/>
</branch>
<branch type="ELSE IF" condition="${CountProducts}&gt;0">
<kw name="Click Element" library="SeleniumLibrary">
<arg>xpath://*[text()="customer"]/parent::div/parent::div/div[2]/div/li[${CountProducts}]</arg>
<doc>Click the element identified by ``locator``.</doc>
<msg timestamp="20220828 16:38:53.070" level="INFO">Clicking element 'xpath://*[text()="customer"]/parent::div/parent::div/div[2]/div/li[2]'.</msg>
<status status="PASS" starttime="20220828 16:38:53.070" endtime="20220828 16:38:53.221"/>
</kw>
<status status="PASS" starttime="20220828 16:38:53.069" endtime="20220828 16:38:53.221"/>
</branch>
<status status="PASS" starttime="20220828 16:38:53.069" endtime="20220828 16:38:53.221"/>
</if>
<status status="PASS" starttime="20220828 16:38:53.054" endtime="20220828 16:38:53.221"/>
</kw>
<kw name="Save Qoute" library="Create Qoute">
<kw name="Get Title" library="SeleniumLibrary">
<var>${url}</var>
<doc>Returns the title of the current page.</doc>
<msg timestamp="20220828 16:38:53.230" level="INFO">${url} = Quote</msg>
<status status="PASS" starttime="20220828 16:38:53.222" endtime="20220828 16:38:53.230"/>
</kw>
<kw name="Click Element" library="SeleniumLibrary">
<arg>xpath:(//*[text()="Save Quote"])[2]</arg>
<doc>Click the element identified by ``locator``.</doc>
<msg timestamp="20220828 16:38:53.231" level="INFO">Clicking element 'xpath:(//*[text()="Save Quote"])[2]'.</msg>
<status status="PASS" starttime="20220828 16:38:53.231" endtime="20220828 16:38:53.382"/>
</kw>
<kw name="Wait Until Page Contains Element" library="SeleniumLibrary">
<arg>xpath://*[text()="View &amp; Process Job"]</arg>
<arg>100s</arg>
<doc>Waits until the element ``locator`` appears on the current page.</doc>
<status status="PASS" starttime="20220828 16:38:53.383" endtime="20220828 16:39:00.486"/>
</kw>
<kw name="Switch Window" library="SeleniumLibrary">
<arg>${url}</arg>
<doc>Switches to browser window matching ``locator``.</doc>
<status status="PASS" starttime="20220828 16:39:00.486" endtime="20220828 16:39:00.510"/>
</kw>
<status status="PASS" starttime="20220828 16:38:53.221" endtime="20220828 16:39:00.510"/>
</kw>
<kw name="View &amp; Process Job" library="Create Qoute">
<kw name="Select Frame" library="SeleniumLibrary">
<arg>//iframe[@class="canvasIframe"]</arg>
<doc>Sets frame identified by ``locator`` as the current frame.</doc>
<msg timestamp="20220828 16:39:00.511" level="INFO">Selecting frame '//iframe[@class="canvasIframe"]'.</msg>
<status status="PASS" starttime="20220828 16:39:00.511" endtime="20220828 16:39:00.535"/>
</kw>
<kw name="Select Frame" library="SeleniumLibrary">
<arg>//iframe[@title="Canvas IFrame for application QuoteCountertops."]</arg>
<doc>Sets frame identified by ``locator`` as the current frame.</doc>
<msg timestamp="20220828 16:39:00.535" level="INFO">Selecting frame '//iframe[@title="Canvas IFrame for application QuoteCountertops."]'.</msg>
<status status="PASS" starttime="20220828 16:39:00.535" endtime="20220828 16:39:00.561"/>
</kw>
<kw name="Select Frame" library="SeleniumLibrary">
<arg>//iframe[@title="QuoteCountertops"]</arg>
<doc>Sets frame identified by ``locator`` as the current frame.</doc>
<msg timestamp="20220828 16:39:00.562" level="INFO">Selecting frame '//iframe[@title="QuoteCountertops"]'.</msg>
<status status="PASS" starttime="20220828 16:39:00.561" endtime="20220828 16:39:00.589"/>
</kw>
<kw name="QC CREATED" library="Create Qoute">
<kw name="Wait Until Page Contains Element" library="SeleniumLibrary">
<arg>xpath://*[text()="View &amp; Process Job"]</arg>
<arg>60s</arg>
<doc>Waits until the element ``locator`` appears on the current page.</doc>
<status status="PASS" starttime="20220828 16:39:00.589" endtime="20220828 16:39:00.600"/>
</kw>
<kw name="Click Element" library="SeleniumLibrary">
<arg>xpath://*[text()="View &amp; Process Job"]</arg>
<doc>Click the element identified by ``locator``.</doc>
<msg timestamp="20220828 16:39:00.600" level="INFO">Clicking element 'xpath://*[text()="View &amp; Process Job"]'.</msg>
<status status="PASS" starttime="20220828 16:39:00.600" endtime="20220828 16:39:00.720"/>
</kw>
<kw name="Capture Page Screenshot" library="SeleniumLibrary">
<doc>Takes a screenshot of the current page and embeds it into a log file.</doc>
<msg timestamp="20220828 16:39:00.914" level="INFO" html="true">&lt;/td&gt;&lt;/tr&gt;&lt;tr&gt;&lt;td colspan="3"&gt;&lt;a href="selenium-screenshot-11.png"&gt;&lt;img src="selenium-screenshot-11.png" width="800px"&gt;&lt;/a&gt;</msg>
<status status="PASS" starttime="20220828 16:39:00.720" endtime="20220828 16:39:00.914"/>
</kw>
<status status="PASS" starttime="20220828 16:39:00.589" endtime="20220828 16:39:00.914"/>
</kw>
<status status="PASS" starttime="20220828 16:39:00.510" endtime="20220828 16:39:00.914"/>
</kw>
<kw name="Sleep" library="BuiltIn">
<arg>35s</arg>
<doc>Pauses the test executed for the given time.</doc>
<msg timestamp="20220828 16:39:35.915" level="INFO">Slept 35 seconds</msg>
<status status="PASS" starttime="20220828 16:39:00.914" endtime="20220828 16:39:35.915"/>
</kw>
<kw name="Reload Page" library="SeleniumLibrary">
<doc>Simulates user reloading page.</doc>
<status status="PASS" starttime="20220828 16:39:35.915" endtime="20220828 16:39:35.923"/>
</kw>
<kw name="Wait Until Page Contains Element" library="SeleniumLibrary">
<arg>xpath://*[text()="Job"]</arg>
<arg>120s</arg>
<doc>Waits until the element ``locator`` appears on the current page.</doc>
<status status="PASS" starttime="20220828 16:39:35.923" endtime="20220828 16:39:39.661"/>
</kw>
<kw name="Check Price" library="EditeRemoveCreateQC">
<arg>${Total_Inc}</arg>
<arg>${Total_Exc}</arg>
<kw name="Wait Until Page Contains Element" library="SeleniumLibrary">
<arg>xpath://*[text()="Job Details"]</arg>
<arg>50s</arg>
<doc>Waits until the element ``locator`` appears on the current page.</doc>
<status status="PASS" starttime="20220828 16:39:39.662" endtime="20220828 16:39:39.765"/>
</kw>
<kw name="Get Text" library="SeleniumLibrary">
<var>${CURJOB}</var>
<arg>//div[text()="Job"]/parent::h1/div/span</arg>
<doc>Returns the text value of the element identified by ``locator``.</doc>
<msg timestamp="20220828 16:39:39.797" level="INFO">${CURJOB} = JOB-17343</msg>
<status status="PASS" starttime="20220828 16:39:39.765" endtime="20220828 16:39:39.797"/>
</kw>
<kw name="Sleep" library="BuiltIn">
<arg>5s</arg>
<doc>Pauses the test executed for the given time.</doc>
<msg timestamp="20220828 16:39:44.812" level="INFO">Slept 5 seconds</msg>
<status status="PASS" starttime="20220828 16:39:39.797" endtime="20220828 16:39:44.812"/>
</kw>
<kw name="Click Search CaesarStone Page" library="Common">
<arg>${CURJOB}</arg>
<kw name="Reload Page" library="SeleniumLibrary">
<doc>Simulates user reloading page.</doc>
<status status="PASS" starttime="20220828 16:39:44.813" endtime="20220828 16:39:44.823"/>
</kw>
<kw name="Wait Until Page Contains Element" library="SeleniumLibrary">
<arg>xpath://*[@class="slds-button slds-no-space slds-m-bottom_xx-small"]</arg>
<arg>60s</arg>
<doc>Waits until the element ``locator`` appears on the current page.</doc>
<status status="PASS" starttime="20220828 16:39:44.823" endtime="20220828 16:39:46.526"/>
</kw>
<kw name="Wait Until Element Is Enabled" library="SeleniumLibrary">
<arg>xpath://*[@class="slds-button slds-no-space slds-m-bottom_xx-small"]</arg>
<arg>60s</arg>
<doc>Waits until the element ``locator`` is enabled.</doc>
<status status="PASS" starttime="20220828 16:39:46.526" endtime="20220828 16:39:46.559"/>
</kw>
<kw name="Wait Until Element Is Visible" library="SeleniumLibrary">
<arg>xpath://*[@class="slds-button slds-no-space slds-m-bottom_xx-small"]</arg>
<arg>60s</arg>
<doc>Waits until the element ``locator`` is visible.</doc>
<status status="PASS" starttime="20220828 16:39:46.559" endtime="20220828 16:39:46.581"/>
</kw>
<kw name="Sleep" library="BuiltIn">
<arg>5.5s</arg>
<doc>Pauses the test executed for the given time.</doc>
<msg timestamp="20220828 16:39:52.084" level="INFO">Slept 5 seconds 500 milliseconds</msg>
<status status="PASS" starttime="20220828 16:39:46.581" endtime="20220828 16:39:52.084"/>
</kw>
<kw name="Wait Until Element Is Enabled" library="SeleniumLibrary">
<arg>xpath:(//*[@data-key="search"]/parent::lightning-primitive-icon)[1]</arg>
<arg>60s</arg>
<doc>Waits until the element ``locator`` is enabled.</doc>
<status status="PASS" starttime="20220828 16:39:52.084" endtime="20220828 16:39:52.131"/>
</kw>
<kw name="Mouse Down" library="SeleniumLibrary">
<arg>xpath:(//*[@data-key="search"]/parent::lightning-primitive-icon)[1]</arg>
<doc>Simulates pressing the left mouse button on the element ``locator``.</doc>
<msg timestamp="20220828 16:39:52.131" level="INFO">Simulating Mouse Down on element 'xpath:(//*[@data-key="search"]/parent::lightning-primitive-icon)[1]'.</msg>
<status status="PASS" starttime="20220828 16:39:52.131" endtime="20220828 16:39:52.437"/>
</kw>
<kw name="Mouse Up" library="SeleniumLibrary">
<arg>xpath:(//*[@data-key="search"]/parent::lightning-primitive-icon)[1]</arg>
<doc>Simulates releasing the left mouse button on the element ``locator``.</doc>
<msg timestamp="20220828 16:39:52.437" level="INFO">Simulating Mouse Up on element 'xpath:(//*[@data-key="search"]/parent::lightning-primitive-icon)[1]'.</msg>
<status status="PASS" starttime="20220828 16:39:52.437" endtime="20220828 16:39:52.785"/>
</kw>
<kw name="Sleep" library="BuiltIn">
<arg>1s</arg>
<doc>Pauses the test executed for the given time.</doc>
<msg timestamp="20220828 16:39:53.793" level="INFO">Slept 1 second</msg>
<status status="PASS" starttime="20220828 16:39:52.786" endtime="20220828 16:39:53.793"/>
</kw>
<kw name="Input Text" library="SeleniumLibrary">
<arg>//*[@aria-label="Search..."]</arg>
<arg>${CURJOB}</arg>
<doc>Types the given ``text`` into the text field identified by ``locator``.</doc>
<msg timestamp="20220828 16:39:53.795" level="INFO">Typing text 'JOB-17343' into text field '//*[@aria-label="Search..."]'.</msg>
<status status="PASS" starttime="20220828 16:39:53.794" endtime="20220828 16:39:53.914"/>
</kw>
<kw name="Click Element" library="SeleniumLibrary">
<arg>xpath://*[@title="Search"]</arg>
<doc>Click the element identified by ``locator``.</doc>
<msg timestamp="20220828 16:39:53.914" level="INFO">Clicking element 'xpath://*[@title="Search"]'.</msg>
<status status="PASS" starttime="20220828 16:39:53.914" endtime="20220828 16:39:53.984"/>
</kw>
<kw name="Sleep" library="BuiltIn">
<arg>2s</arg>
<doc>Pauses the test executed for the given time.</doc>
<msg timestamp="20220828 16:39:55.988" level="INFO">Slept 2 seconds</msg>
<status status="PASS" starttime="20220828 16:39:53.984" endtime="20220828 16:39:55.988"/>
</kw>
<kw name="Wait Until Page Contains Element" library="SeleniumLibrary">
<arg>xpath://*[contains(text(),"${CURJOB}")]</arg>
<arg>60s</arg>
<doc>Waits until the element ``locator`` appears on the current page.</doc>
<status status="PASS" starttime="20220828 16:39:55.989" endtime="20220828 16:39:56.011"/>
</kw>
<kw name="Wait Until Element Is Enabled" library="SeleniumLibrary">
<arg>xpath://*[contains(text(),"${CURJOB}")]</arg>
<arg>60s</arg>
<doc>Waits until the element ``locator`` is enabled.</doc>
<status status="PASS" starttime="20220828 16:39:56.011" endtime="20220828 16:39:56.044"/>
</kw>
<kw name="Sleep" library="BuiltIn">
<arg>2s</arg>
<doc>Pauses the test executed for the given time.</doc>
<msg timestamp="20220828 16:39:58.051" level="INFO">Slept 2 seconds</msg>
<status status="PASS" starttime="20220828 16:39:56.044" endtime="20220828 16:39:58.051"/>
</kw>
<kw name="Get Element Count" library="SeleniumLibrary">
<var>${CountProducts}</var>
<arg>xpath://*[contains(text(),"We searched for")]</arg>
<doc>Returns the number of elements matching ``locator``.</doc>
<msg timestamp="20220828 16:39:58.069" level="INFO">${CountProducts} = 0</msg>
<status status="PASS" starttime="20220828 16:39:58.052" endtime="20220828 16:39:58.069"/>
</kw>
<kw name="Capture Page Screenshot" library="SeleniumLibrary">
<doc>Takes a screenshot of the current page and embeds it into a log file.</doc>
<msg timestamp="20220828 16:39:58.143" level="INFO" html="true">&lt;/td&gt;&lt;/tr&gt;&lt;tr&gt;&lt;td colspan="3"&gt;&lt;a href="selenium-screenshot-12.png"&gt;&lt;img src="selenium-screenshot-12.png" width="800px"&gt;&lt;/a&gt;</msg>
<status status="PASS" starttime="20220828 16:39:58.070" endtime="20220828 16:39:58.143"/>
</kw>
<if>
<branch type="IF" condition="${CountProducts}==1">
<kw name="Capture Page Screenshot" library="SeleniumLibrary">
<doc>Takes a screenshot of the current page and embeds it into a log file.</doc>
<status status="NOT RUN" starttime="20220828 16:39:58.143" endtime="20220828 16:39:58.143"/>
</kw>
<kw name="Click Search CaesarStone Page" library="Common">
<arg>${CURJOB}</arg>
<status status="NOT RUN" starttime="20220828 16:39:58.143" endtime="20220828 16:39:58.143"/>
</kw>
<status status="NOT RUN" starttime="20220828 16:39:58.143" endtime="20220828 16:39:58.143"/>
</branch>
<status status="PASS" starttime="20220828 16:39:58.143" endtime="20220828 16:39:58.143"/>
</if>
<kw name="Get Element Count" library="SeleniumLibrary">
<var>${CountProducts}</var>
<arg>xpath://a[text()="${CURJOB}"]</arg>
<doc>Returns the number of elements matching ``locator``.</doc>
<msg timestamp="20220828 16:39:58.156" level="INFO">${CountProducts} = 1</msg>
<status status="PASS" starttime="20220828 16:39:58.143" endtime="20220828 16:39:58.156"/>
</kw>
<kw name="Capture Page Screenshot" library="SeleniumLibrary">
<doc>Takes a screenshot of the current page and embeds it into a log file.</doc>
<msg timestamp="20220828 16:39:58.224" level="INFO" html="true">&lt;/td&gt;&lt;/tr&gt;&lt;tr&gt;&lt;td colspan="3"&gt;&lt;a href="selenium-screenshot-13.png"&gt;&lt;img src="selenium-screenshot-13.png" width="800px"&gt;&lt;/a&gt;</msg>
<status status="PASS" starttime="20220828 16:39:58.156" endtime="20220828 16:39:58.224"/>
</kw>
<if>
<branch type="IF" condition="${CountProducts}==0">
<kw name="Capture Page Screenshot" library="SeleniumLibrary">
<doc>Takes a screenshot of the current page and embeds it into a log file.</doc>
<status status="NOT RUN" starttime="20220828 16:39:58.225" endtime="20220828 16:39:58.225"/>
</kw>
<kw name="Click Search CaesarStone Page" library="Common">
<arg>${CURJOB}</arg>
<status status="NOT RUN" starttime="20220828 16:39:58.225" endtime="20220828 16:39:58.225"/>
</kw>
<status status="NOT RUN" starttime="20220828 16:39:58.225" endtime="20220828 16:39:58.225"/>
</branch>
<status status="PASS" starttime="20220828 16:39:58.224" endtime="20220828 16:39:58.225"/>
</if>
<kw name="Wait Until Page Contains Element" library="SeleniumLibrary">
<arg>xpath://*[@title="${CURJOB}"]</arg>
<arg>60s</arg>
<doc>Waits until the element ``locator`` appears on the current page.</doc>
<status status="PASS" starttime="20220828 16:39:58.225" endtime="20220828 16:39:58.239"/>
</kw>
<kw name="Wait Until Element Is Visible" library="SeleniumLibrary">
<arg>xpath://*[@title="${CURJOB}"]</arg>
<arg>60s</arg>
<doc>Waits until the element ``locator`` is visible.</doc>
<status status="PASS" starttime="20220828 16:39:58.239" endtime="20220828 16:39:58.260"/>
</kw>
<kw name="Get Element Count" library="SeleniumLibrary">
<var>${CountProducts}</var>
<arg>xpath://a[text()="${CURJOB}"]</arg>
<doc>Returns the number of elements matching ``locator``.</doc>
<msg timestamp="20220828 16:39:58.268" level="INFO">${CountProducts} = 1</msg>
<status status="PASS" starttime="20220828 16:39:58.260" endtime="20220828 16:39:58.268"/>
</kw>
<kw name="Capture Page Screenshot" library="SeleniumLibrary">
<doc>Takes a screenshot of the current page and embeds it into a log file.</doc>
<msg timestamp="20220828 16:39:58.341" level="INFO" html="true">&lt;/td&gt;&lt;/tr&gt;&lt;tr&gt;&lt;td colspan="3"&gt;&lt;a href="selenium-screenshot-14.png"&gt;&lt;img src="selenium-screenshot-14.png" width="800px"&gt;&lt;/a&gt;</msg>
<status status="PASS" starttime="20220828 16:39:58.268" endtime="20220828 16:39:58.341"/>
</kw>
<kw name="Sleep" library="BuiltIn">
<arg>2s</arg>
<doc>Pauses the test executed for the given time.</doc>
<msg timestamp="20220828 16:40:00.355" level="INFO">Slept 2 seconds</msg>
<status status="PASS" starttime="20220828 16:39:58.341" endtime="20220828 16:40:00.355"/>
</kw>
<if>
<branch type="IF" condition="${CountProducts}==1">
<kw name="Wait Until Page Contains Element" library="SeleniumLibrary">
<arg>xpath://*[@title="${CURJOB}"]</arg>
<arg>60s</arg>
<doc>Waits until the element ``locator`` appears on the current page.</doc>
<status status="PASS" starttime="20220828 16:40:00.356" endtime="20220828 16:40:00.374"/>
</kw>
<kw name="Wait Until Element Is Visible" library="SeleniumLibrary">
<arg>xpath://*[@title="${CURJOB}"]</arg>
<arg>60s</arg>
<doc>Waits until the element ``locator`` is visible.</doc>
<status status="PASS" starttime="20220828 16:40:00.374" endtime="20220828 16:40:00.401"/>
</kw>
<kw name="Click Element" library="SeleniumLibrary">
<arg>xpath://*[@title="${CURJOB}"]</arg>
<doc>Click the element identified by ``locator``.</doc>
<msg timestamp="20220828 16:40:00.402" level="INFO">Clicking element 'xpath://*[@title="JOB-17343"]'.</msg>
<status status="PASS" starttime="20220828 16:40:00.401" endtime="20220828 16:40:00.494"/>
</kw>
<status status="PASS" starttime="20220828 16:40:00.356" endtime="20220828 16:40:00.494"/>
</branch>
<status status="PASS" starttime="20220828 16:40:00.355" endtime="20220828 16:40:00.494"/>
</if>
<status status="PASS" starttime="20220828 16:39:44.813" endtime="20220828 16:40:00.494"/>
</kw>
<kw name="Wait Until Page Contains Element" library="SeleniumLibrary">
<arg>xpath://*[text()="Total Retail Price Inc GST"]/parent::div/following-sibling::div/span/span</arg>
<arg>50s</arg>
<doc>Waits until the element ``locator`` appears on the current page.</doc>
<status status="PASS" starttime="20220828 16:40:00.494" endtime="20220828 16:40:01.271"/>
</kw>
<kw name="Sleep" library="BuiltIn">
<arg>7s</arg>
<doc>Pauses the test executed for the given time.</doc>
<msg timestamp="20220828 16:40:08.283" level="INFO">Slept 7 seconds</msg>
<status status="PASS" starttime="20220828 16:40:01.271" endtime="20220828 16:40:08.283"/>
</kw>
<kw name="Reload Page" library="SeleniumLibrary">
<doc>Simulates user reloading page.</doc>
<status status="PASS" starttime="20220828 16:40:08.283" endtime="20220828 16:40:08.288"/>
</kw>
<kw name="Sleep" library="BuiltIn">
<arg>7s</arg>
<doc>Pauses the test executed for the given time.</doc>
<msg timestamp="20220828 16:40:15.304" level="INFO">Slept 7 seconds</msg>
<status status="PASS" starttime="20220828 16:40:08.288" endtime="20220828 16:40:15.304"/>
</kw>
<kw name="Reload Page" library="SeleniumLibrary">
<doc>Simulates user reloading page.</doc>
<status status="PASS" starttime="20220828 16:40:15.304" endtime="20220828 16:40:15.312"/>
</kw>
<kw name="Wait Until Page Contains Element" library="SeleniumLibrary">
<arg>xpath://*[text()="Total Retail Price Inc GST"]/parent::div/following-sibling::div/span/span</arg>
<arg>50s</arg>
<doc>Waits until the element ``locator`` appears on the current page.</doc>
<status status="PASS" starttime="20220828 16:40:15.313" endtime="20220828 16:40:18.507"/>
</kw>
<kw name="Get Text" library="SeleniumLibrary">
<var>${var}</var>
<arg>xpath://*[text()="Total Retail Price Inc GST"]/parent::div/following-sibling::div/span/span</arg>
<doc>Returns the text value of the element identified by ``locator``.</doc>
<msg timestamp="20220828 16:40:18.522" level="INFO">${var} = AUD 2,355.10</msg>
<status status="PASS" starttime="20220828 16:40:18.508" endtime="20220828 16:40:18.522"/>
</kw>
<kw name="Product Price" library="functions">
<var>${Cur_Total_Exc}</var>
<arg>${var}</arg>
<msg timestamp="20220828 16:40:18.522" level="INFO">${Cur_Total_Exc} = 2,355.10</msg>
<status status="PASS" starttime="20220828 16:40:18.522" endtime="20220828 16:40:18.522"/>
</kw>
<kw name="Cut Comma" library="functions">
<var>${Cur_Total_Exc}</var>
<arg>${Cur_Total_Exc}</arg>
<msg timestamp="20220828 16:40:18.523" level="INFO">${Cur_Total_Exc} = 2355.10</msg>
<status status="PASS" starttime="20220828 16:40:18.523" endtime="20220828 16:40:18.523"/>
</kw>
<kw name="Scroll Element Into View" library="SeleniumLibrary">
<arg>xpath://*[text()="Fabricator Comments"]</arg>
<doc>Scrolls the element identified by ``locator`` into view.</doc>
<status status="PASS" starttime="20220828 16:40:18.523" endtime="20220828 16:40:18.856"/>
</kw>
<kw name="Capture Page Screenshot" library="SeleniumLibrary">
<doc>Takes a screenshot of the current page and embeds it into a log file.</doc>
<msg timestamp="20220828 16:40:18.934" level="INFO" html="true">&lt;/td&gt;&lt;/tr&gt;&lt;tr&gt;&lt;td colspan="3"&gt;&lt;a href="selenium-screenshot-15.png"&gt;&lt;img src="selenium-screenshot-15.png" width="800px"&gt;&lt;/a&gt;</msg>
<status status="PASS" starttime="20220828 16:40:18.856" endtime="20220828 16:40:18.934"/>
</kw>
<kw name="Should Be True" library="BuiltIn">
<arg>${Total_Inc} == ${Cur_Total_Exc}</arg>
<doc>Fails if the given condition is not true.</doc>
<status status="PASS" starttime="20220828 16:40:18.934" endtime="20220828 16:40:18.935"/>
</kw>
<status status="PASS" starttime="20220828 16:39:39.661" endtime="20220828 16:40:18.935"/>
</kw>
<kw name="VARIFY QC CREATED" library="Create Qoute">
<kw name="Wait Until Page Contains Element" library="SeleniumLibrary">
<arg>xpath://*[text()="Job"]</arg>
<arg>120s</arg>
<doc>Waits until the element ``locator`` appears on the current page.</doc>
<status status="PASS" starttime="20220828 16:40:18.935" endtime="20220828 16:40:18.944"/>
</kw>
<kw name="Capture Page Screenshot" library="SeleniumLibrary">
<doc>Takes a screenshot of the current page and embeds it into a log file.</doc>
<msg timestamp="20220828 16:40:19.078" level="INFO" html="true">&lt;/td&gt;&lt;/tr&gt;&lt;tr&gt;&lt;td colspan="3"&gt;&lt;a href="selenium-screenshot-16.png"&gt;&lt;img src="selenium-screenshot-16.png" width="800px"&gt;&lt;/a&gt;</msg>
<status status="PASS" starttime="20220828 16:40:18.944" endtime="20220828 16:40:19.078"/>
</kw>
<status status="PASS" starttime="20220828 16:40:18.935" endtime="20220828 16:40:19.078"/>
</kw>
<status status="PASS" starttime="20220828 16:37:18.834" endtime="20220828 16:40:19.078"/>
</kw>
<kw name="Get Text" library="SeleniumLibrary">
<var>${var}</var>
<arg>xpath://*[text()="Total Retail Price Inc GST"]/parent::div/following-sibling::div/span/span</arg>
<doc>Returns the text value of the element identified by ``locator``.</doc>
<msg timestamp="20220828 16:40:19.091" level="INFO">${var} = AUD 2,355.10</msg>
<status status="PASS" starttime="20220828 16:40:19.079" endtime="20220828 16:40:19.091"/>
</kw>
<kw name="Product Price" library="functions">
<var>${Old_Total_Inc}</var>
<arg>${var}</arg>
<msg timestamp="20220828 16:40:19.092" level="INFO">${Old_Total_Inc} = 2,355.10</msg>
<status status="PASS" starttime="20220828 16:40:19.092" endtime="20220828 16:40:19.092"/>
</kw>
<kw name="Get Text" library="SeleniumLibrary">
<var>${var}</var>
<arg>xpath://*[text()="Total Retail Price Inc GST"]/parent::div/following-sibling::div/span/span</arg>
<doc>Returns the text value of the element identified by ``locator``.</doc>
<msg timestamp="20220828 16:40:19.101" level="INFO">${var} = AUD 2,355.10</msg>
<status status="PASS" starttime="20220828 16:40:19.092" endtime="20220828 16:40:19.101"/>
</kw>
<kw name="Product Price" library="functions">
<var>${Old_Total_Exc}</var>
<arg>${var}</arg>
<msg timestamp="20220828 16:40:19.102" level="INFO">${Old_Total_Exc} = 2,355.10</msg>
<status status="PASS" starttime="20220828 16:40:19.101" endtime="20220828 16:40:19.102"/>
</kw>
<kw name="Cut Comma" library="functions">
<var>${Old_Total_Inc}</var>
<arg>${Old_Total_Inc}</arg>
<msg timestamp="20220828 16:40:19.102" level="INFO">${Old_Total_Inc} = 2355.10</msg>
<status status="PASS" starttime="20220828 16:40:19.102" endtime="20220828 16:40:19.102"/>
</kw>
<kw name="Cut Comma" library="functions">
<var>${Old_Total_Exc}</var>
<arg>${Old_Total_Exc}</arg>
<msg timestamp="20220828 16:40:19.103" level="INFO">${Old_Total_Exc} = 2355.10</msg>
<status status="PASS" starttime="20220828 16:40:19.103" endtime="20220828 16:40:19.103"/>
</kw>
<kw name="Click Edit Quote QC" library="Create Qoute">
<kw name="Wait Until Page Contains Element" library="SeleniumLibrary">
<arg>xpath://*[text()="Edit Quote"]</arg>
<arg>60s</arg>
<doc>Waits until the element ``locator`` appears on the current page.</doc>
<status status="PASS" starttime="20220828 16:40:19.103" endtime="20220828 16:40:19.336"/>
</kw>
<kw name="Mouse Down" library="SeleniumLibrary">
<arg>xpath://*[text()="Edit Quote"]</arg>
<doc>Simulates pressing the left mouse button on the element ``locator``.</doc>
<msg timestamp="20220828 16:40:19.337" level="INFO">Simulating Mouse Down on element 'xpath://*[text()="Edit Quote"]'.</msg>
<status status="PASS" starttime="20220828 16:40:19.337" endtime="20220828 16:40:19.626"/>
</kw>
<kw name="Mouse Up" library="SeleniumLibrary">
<arg>xpath://*[text()="Edit Quote"]</arg>
<doc>Simulates releasing the left mouse button on the element ``locator``.</doc>
<msg timestamp="20220828 16:40:19.626" level="INFO">Simulating Mouse Up on element 'xpath://*[text()="Edit Quote"]'.</msg>
<status status="PASS" starttime="20220828 16:40:19.626" endtime="20220828 16:40:19.922"/>
</kw>
<kw name="Sleep" library="BuiltIn">
<arg>0.5s</arg>
<doc>Pauses the test executed for the given time.</doc>
<msg timestamp="20220828 16:40:20.436" level="INFO">Slept 500 milliseconds</msg>
<status status="PASS" starttime="20220828 16:40:19.922" endtime="20220828 16:40:20.436"/>
</kw>
<status status="PASS" starttime="20220828 16:40:19.103" endtime="20220828 16:40:20.436"/>
</kw>
<kw name="Capture Page Screenshot" library="SeleniumLibrary">
<doc>Takes a screenshot of the current page and embeds it into a log file.</doc>
<msg timestamp="20220828 16:40:20.522" level="INFO" html="true">&lt;/td&gt;&lt;/tr&gt;&lt;tr&gt;&lt;td colspan="3"&gt;&lt;a href="selenium-screenshot-17.png"&gt;&lt;img src="selenium-screenshot-17.png" width="800px"&gt;&lt;/a&gt;</msg>
<status status="PASS" starttime="20220828 16:40:20.437" endtime="20220828 16:40:20.522"/>
</kw>
<kw name="Switch handle alert Edit" library="Create Qoute">
<kw name="Sleep" library="BuiltIn">
<arg>2s</arg>
<doc>Pauses the test executed for the given time.</doc>
<msg timestamp="20220828 16:40:22.539" level="INFO">Slept 2 seconds</msg>
<status status="PASS" starttime="20220828 16:40:20.523" endtime="20220828 16:40:22.539"/>
</kw>
<kw name="Get Window Handles" library="SeleniumLibrary">
<var>${handles}</var>
<doc>Returns all child window handles of the selected browser as a list.</doc>
<msg timestamp="20220828 16:40:22.545" level="INFO">${handles} = ['CDwindow-A91E9C446AEE724F2C42DA11FC37ADD8', 'CDwindow-6C5DFAA8E9964106EEEB235B93754C24', 'CDwindow-68C56D88CE54A5CB09456E5C8939EECF']</msg>
<status status="PASS" starttime="20220828 16:40:22.539" endtime="20220828 16:40:22.545"/>
</kw>
<kw name="Sleep" library="BuiltIn">
<arg>2s</arg>
<doc>Pauses the test executed for the given time.</doc>
<msg timestamp="20220828 16:40:24.553" level="INFO">Slept 2 seconds</msg>
<status status="PASS" starttime="20220828 16:40:22.546" endtime="20220828 16:40:24.553"/>
</kw>
<kw name="Switch Window" library="SeleniumLibrary">
<arg>NEW</arg>
<doc>Switches to browser window matching ``locator``.</doc>
<status status="PASS" starttime="20220828 16:40:24.553" endtime="20220828 16:40:24.573"/>
</kw>
<kw name="Capture Page Screenshot" library="SeleniumLibrary">
<doc>Takes a screenshot of the current page and embeds it into a log file.</doc>
<msg timestamp="20220828 16:40:24.660" level="INFO" html="true">&lt;/td&gt;&lt;/tr&gt;&lt;tr&gt;&lt;td colspan="3"&gt;&lt;a href="selenium-screenshot-18.png"&gt;&lt;img src="selenium-screenshot-18.png" width="800px"&gt;&lt;/a&gt;</msg>
<status status="PASS" starttime="20220828 16:40:24.573" endtime="20220828 16:40:24.660"/>
</kw>
<status status="PASS" starttime="20220828 16:40:20.523" endtime="20220828 16:40:24.660"/>
</kw>
<kw name="Capture Page Screenshot" library="SeleniumLibrary">
<doc>Takes a screenshot of the current page and embeds it into a log file.</doc>
<msg timestamp="20220828 16:40:24.733" level="INFO" html="true">&lt;/td&gt;&lt;/tr&gt;&lt;tr&gt;&lt;td colspan="3"&gt;&lt;a href="selenium-screenshot-19.png"&gt;&lt;img src="selenium-screenshot-19.png" width="800px"&gt;&lt;/a&gt;</msg>
<status status="PASS" starttime="20220828 16:40:24.661" endtime="20220828 16:40:24.733"/>
</kw>
<kw name="SELECT FRAMES Edit" library="Create Qoute">
<kw name="Wait Until Page Contains Element" library="SeleniumLibrary">
<arg>xpath://*[text()="Home"]</arg>
<arg>60s</arg>
<doc>Waits until the element ``locator`` appears on the current page.</doc>
<status status="PASS" starttime="20220828 16:40:24.734" endtime="20220828 16:40:24.744"/>
</kw>
<kw name="Wait Until Element Is Visible" library="SeleniumLibrary">
<arg>xpath://iframe[@class="canvasIframe"]</arg>
<arg>120s</arg>
<doc>Waits until the element ``locator`` is visible.</doc>
<status status="PASS" starttime="20220828 16:40:24.744" endtime="20220828 16:40:24.760"/>
</kw>
<kw name="Select Frame" library="SeleniumLibrary">
<arg>//iframe[@class="canvasIframe"]</arg>
<doc>Sets frame identified by ``locator`` as the current frame.</doc>
<msg timestamp="20220828 16:40:24.760" level="INFO">Selecting frame '//iframe[@class="canvasIframe"]'.</msg>
<status status="PASS" starttime="20220828 16:40:24.760" endtime="20220828 16:40:24.776"/>
</kw>
<kw name="Sleep" library="BuiltIn">
<arg>0.9m</arg>
<doc>Pauses the test executed for the given time.</doc>
<msg timestamp="20220828 16:41:18.782" level="INFO">Slept 54 seconds</msg>
<status status="PASS" starttime="20220828 16:40:24.776" endtime="20220828 16:41:18.782"/>
</kw>
<kw name="Select Frame" library="SeleniumLibrary">
<arg>//iframe[@title="Canvas IFrame for application QuoteCountertops."]</arg>
<doc>Sets frame identified by ``locator`` as the current frame.</doc>
<msg timestamp="20220828 16:41:18.782" level="INFO">Selecting frame '//iframe[@title="Canvas IFrame for application QuoteCountertops."]'.</msg>
<status status="PASS" starttime="20220828 16:41:18.782" endtime="20220828 16:41:18.815"/>
</kw>
<kw name="Select Frame" library="SeleniumLibrary">
<arg>//iframe[@title="QuoteCountertops"]</arg>
<doc>Sets frame identified by ``locator`` as the current frame.</doc>
<msg timestamp="20220828 16:41:18.816" level="INFO">Selecting frame '//iframe[@title="QuoteCountertops"]'.</msg>
<status status="PASS" starttime="20220828 16:41:18.816" endtime="20220828 16:41:18.834"/>
</kw>
<status status="PASS" starttime="20220828 16:40:24.734" endtime="20220828 16:41:18.834"/>
</kw>
<kw name="CLICK ADD ROOM Edit" library="Create Qoute">
<kw name="Sleep" library="BuiltIn">
<arg>2s</arg>
<doc>Pauses the test executed for the given time.</doc>
<msg timestamp="20220828 16:41:20.846" level="INFO">Slept 2 seconds</msg>
<status status="PASS" starttime="20220828 16:41:18.835" endtime="20220828 16:41:20.846"/>
</kw>
<kw name="Wait Until Page Contains Element" library="SeleniumLibrary">
<arg>xpath://*[text()="Add Room"]</arg>
<arg>60s</arg>
<doc>Waits until the element ``locator`` appears on the current page.</doc>
<status status="PASS" starttime="20220828 16:41:20.846" endtime="20220828 16:41:20.856"/>
</kw>
<kw name="Click Element" library="SeleniumLibrary">
<arg>//*[@class="quotes-list__item quotes-list__item--add"]</arg>
<doc>Click the element identified by ``locator``.</doc>
<msg timestamp="20220828 16:41:20.856" level="INFO">Clicking element '//*[@class="quotes-list__item quotes-list__item--add"]'.</msg>
<status status="PASS" starttime="20220828 16:41:20.856" endtime="20220828 16:41:21.183"/>
</kw>
<kw name="Sleep" library="BuiltIn">
<arg>1s</arg>
<doc>Pauses the test executed for the given time.</doc>
<msg timestamp="20220828 16:41:22.185" level="INFO">Slept 1 second</msg>
<status status="PASS" starttime="20220828 16:41:21.184" endtime="20220828 16:41:22.185"/>
</kw>
<kw name="Get Element Count" library="SeleniumLibrary">
<var>${CountProducts}</var>
<arg>xpath://*[@class="quotes-list__item quotes-list__item--add"]</arg>
<doc>Returns the number of elements matching ``locator``.</doc>
<msg timestamp="20220828 16:41:22.195" level="INFO">${CountProducts} = 0</msg>
<status status="PASS" starttime="20220828 16:41:22.185" endtime="20220828 16:41:22.195"/>
</kw>
<if>
<branch type="IF" condition="${CountProducts}==1">
<kw name="Click Element" library="SeleniumLibrary">
<arg>//*[@class="quotes-list__item quotes-list__item--add"]</arg>
<doc>Click the element identified by ``locator``.</doc>
<status status="NOT RUN" starttime="20220828 16:41:22.196" endtime="20220828 16:41:22.196"/>
</kw>
<status status="NOT RUN" starttime="20220828 16:41:22.195" endtime="20220828 16:41:22.196"/>
</branch>
<status status="PASS" starttime="20220828 16:41:22.195" endtime="20220828 16:41:22.196"/>
</if>
<status status="PASS" starttime="20220828 16:41:18.835" endtime="20220828 16:41:22.196"/>
</kw>
<kw name="Choose Room" library="Create Qoute">
<kw name="Wait Until Page Does Not Contain Element" library="SeleniumLibrary">
<arg>xpath://*[text()="Please wait while the design is ready."]</arg>
<doc>Waits until the element ``locator`` disappears from the current page.</doc>
<status status="PASS" starttime="20220828 16:41:22.197" endtime="20220828 16:41:22.207"/>
</kw>
<kw name="Wait Until Element Is Enabled" library="SeleniumLibrary">
<arg>xpath://*[@class="bv-item-container"]/div/div/div/div[2]</arg>
<arg>100s</arg>
<doc>Waits until the element ``locator`` is enabled.</doc>
<status status="PASS" starttime="20220828 16:41:22.207" endtime="20220828 16:41:22.233"/>
</kw>
<kw name="Click Element" library="SeleniumLibrary">
<arg>xpath://*[@class="bv-item-container"]/div/div/div/div[2]</arg>
<doc>Click the element identified by ``locator``.</doc>
<msg timestamp="20220828 16:41:22.233" level="INFO">Clicking element 'xpath://*[@class="bv-item-container"]/div/div/div/div[2]'.</msg>
<status status="PASS" starttime="20220828 16:41:22.233" endtime="20220828 16:41:22.379"/>
</kw>
<kw name="Sleep" library="BuiltIn">
<arg>2s</arg>
<doc>Pauses the test executed for the given time.</doc>
<msg timestamp="20220828 16:41:24.380" level="INFO">Slept 2 seconds</msg>
<status status="PASS" starttime="20220828 16:41:22.379" endtime="20220828 16:41:24.380"/>
</kw>
<kw name="Wait Until Element Is Enabled" library="SeleniumLibrary">
<arg>xpath://*[@class="bv-item-container"]/div/div/div/div[2]/div/div[2]/button</arg>
<arg>100s</arg>
<doc>Waits until the element ``locator`` is enabled.</doc>
<status status="PASS" starttime="20220828 16:41:24.380" endtime="20220828 16:41:24.448"/>
</kw>
<kw name="Click Button" library="SeleniumLibrary">
<arg>xpath://*[@class="bv-item-container"]/div/div/div/div[2]/div/div[2]/button</arg>
<doc>Clicks the button identified by ``locator``.</doc>
<msg timestamp="20220828 16:41:24.448" level="INFO">Clicking button 'xpath://*[@class="bv-item-container"]/div/div/div/div[2]/div/div[2]/button'.</msg>
<status status="PASS" starttime="20220828 16:41:24.448" endtime="20220828 16:41:24.581"/>
</kw>
<kw name="Get Element Count" library="SeleniumLibrary">
<var>${CountProducts}</var>
<arg>xpath://*[@class="bv-item-container"]/div/div/div/div[2]/div/div[2]/button</arg>
<doc>Returns the number of elements matching ``locator``.</doc>
<msg timestamp="20220828 16:41:24.589" level="INFO">${CountProducts} = 0</msg>
<status status="PASS" starttime="20220828 16:41:24.581" endtime="20220828 16:41:24.589"/>
</kw>
<if>
<branch type="IF" condition="${CountProducts}==1">
<kw name="Click Element" library="SeleniumLibrary">
<arg>xpath://*[@class="bv-item-container"]/div/div/div/div[2]/div/div[2]/button</arg>
<doc>Click the element identified by ``locator``.</doc>
<status status="NOT RUN" starttime="20220828 16:41:24.590" endtime="20220828 16:41:24.590"/>
</kw>
<status status="NOT RUN" starttime="20220828 16:41:24.590" endtime="20220828 16:41:24.590"/>
</branch>
<status status="PASS" starttime="20220828 16:41:24.589" endtime="20220828 16:41:24.590"/>
</if>
<kw name="Wait Until Element Is Visible" library="SeleniumLibrary">
<arg>xpath://*[text()="Add to Quote"]</arg>
<arg>100s</arg>
<doc>Waits until the element ``locator`` is visible.</doc>
<status status="PASS" starttime="20220828 16:41:24.590" endtime="20220828 16:41:24.609"/>
</kw>
<kw name="Click Element" library="SeleniumLibrary">
<arg>xpath://*[text()="Add to Quote"]</arg>
<doc>Click the element identified by ``locator``.</doc>
<msg timestamp="20220828 16:41:24.610" level="INFO">Clicking element 'xpath://*[text()="Add to Quote"]'.</msg>
<status status="PASS" starttime="20220828 16:41:24.609" endtime="20220828 16:41:24.875"/>
</kw>
<kw name="Get Element Count" library="SeleniumLibrary">
<var>${CountProducts}</var>
<arg>xpath://*[contains(text(),"Product info")]</arg>
<doc>Returns the number of elements matching ``locator``.</doc>
<msg timestamp="20220828 16:41:24.907" level="INFO">${CountProducts} = 0</msg>
<status status="PASS" starttime="20220828 16:41:24.875" endtime="20220828 16:41:24.907"/>
</kw>
<if>
<branch type="IF" condition="${CountProducts}==1">
<kw name="Click Element" library="SeleniumLibrary">
<arg>xpath://*[text()="Add to Quote"]</arg>
<doc>Click the element identified by ``locator``.</doc>
<status status="NOT RUN" starttime="20220828 16:41:24.907" endtime="20220828 16:41:24.907"/>
</kw>
<status status="NOT RUN" starttime="20220828 16:41:24.907" endtime="20220828 16:41:24.907"/>
</branch>
<status status="PASS" starttime="20220828 16:41:24.907" endtime="20220828 16:41:24.907"/>
</if>
<kw name="Wait Until Element Is Visible" library="SeleniumLibrary">
<arg>xpath://*[@class="bv-item-container"]/div/div/div/div/div/div[2]/button</arg>
<arg>90s</arg>
<doc>Waits until the element ``locator`` is visible.</doc>
<status status="PASS" starttime="20220828 16:41:24.907" endtime="20220828 16:41:24.948"/>
</kw>
<kw name="Sleep" library="BuiltIn">
<arg>2s</arg>
<doc>Pauses the test executed for the given time.</doc>
<msg timestamp="20220828 16:41:26.952" level="INFO">Slept 2 seconds</msg>
<status status="PASS" starttime="20220828 16:41:24.948" endtime="20220828 16:41:26.952"/>
</kw>
<kw name="Click Button" library="SeleniumLibrary">
<arg>xpath://*[@class="bv-item-container"]/div/div/div/div/div/div[2]/button</arg>
<doc>Clicks the button identified by ``locator``.</doc>
<msg timestamp="20220828 16:41:26.952" level="INFO">Clicking button 'xpath://*[@class="bv-item-container"]/div/div/div/div/div/div[2]/button'.</msg>
<status status="PASS" starttime="20220828 16:41:26.952" endtime="20220828 16:41:27.130"/>
</kw>
<kw name="Wait Until Element Is Visible" library="SeleniumLibrary">
<arg>xpath://*[@class="ui-quantity-button ui-quantity-button--plus"]</arg>
<arg>90s</arg>
<doc>Waits until the element ``locator`` is visible.</doc>
<status status="PASS" starttime="20220828 16:41:27.130" endtime="20220828 16:41:27.157"/>
</kw>
<kw name="Click Button" library="SeleniumLibrary">
<arg>xpath://*[@class="ui-quantity-button ui-quantity-button--plus"]</arg>
<doc>Clicks the button identified by ``locator``.</doc>
<msg timestamp="20220828 16:41:27.158" level="INFO">Clicking button 'xpath://*[@class="ui-quantity-button ui-quantity-button--plus"]'.</msg>
<status status="PASS" starttime="20220828 16:41:27.158" endtime="20220828 16:41:27.283"/>
</kw>
<kw name="Click Element" library="SeleniumLibrary">
<arg>xpath://*[text()="Add to Quote"]</arg>
<doc>Click the element identified by ``locator``.</doc>
<msg timestamp="20220828 16:41:27.283" level="INFO">Clicking element 'xpath://*[text()="Add to Quote"]'.</msg>
<status status="PASS" starttime="20220828 16:41:27.283" endtime="20220828 16:41:27.515"/>
</kw>
<status status="PASS" starttime="20220828 16:41:22.197" endtime="20220828 16:41:27.515"/>
</kw>
<kw name="Add SPLASHBACK" library="Create Qoute">
<kw name="Wait Until Element Is Visible" library="SeleniumLibrary">
<arg>xpath://*[@class="bv-item-container"]/div/div/div/div/div/div[2]/button</arg>
<arg>90s</arg>
<doc>Waits until the element ``locator`` is visible.</doc>
<status status="PASS" starttime="20220828 16:41:27.516" endtime="20220828 16:41:27.590"/>
</kw>
<kw name="Sleep" library="BuiltIn">
<arg>3s</arg>
<doc>Pauses the test executed for the given time.</doc>
<msg timestamp="20220828 16:41:30.603" level="INFO">Slept 3 seconds</msg>
<status status="PASS" starttime="20220828 16:41:27.590" endtime="20220828 16:41:30.603"/>
</kw>
<kw name="Click Button" library="SeleniumLibrary">
<arg>xpath://*[@class="bv-item-container"]/div/div/div/div/div/div[2]/button</arg>
<doc>Clicks the button identified by ``locator``.</doc>
<msg timestamp="20220828 16:41:30.603" level="INFO">Clicking button 'xpath://*[@class="bv-item-container"]/div/div/div/div/div/div[2]/button'.</msg>
<status status="PASS" starttime="20220828 16:41:30.603" endtime="20220828 16:41:30.738"/>
</kw>
<kw name="Wait Until Element Is Visible" library="SeleniumLibrary">
<arg>xpath://*[@class="ui-quantity-button ui-quantity-button--plus"]</arg>
<arg>90s</arg>
<doc>Waits until the element ``locator`` is visible.</doc>
<status status="PASS" starttime="20220828 16:41:30.739" endtime="20220828 16:41:30.754"/>
</kw>
<kw name="Click Button" library="SeleniumLibrary">
<arg>xpath://*[@class="ui-quantity-button ui-quantity-button--plus"]</arg>
<doc>Clicks the button identified by ``locator``.</doc>
[...]
<status status="PASS" starttime="20220828 16:41:45.013" endtime="20220828 16:41:45.178"/>
</kw>
<status status="PASS" starttime="20220828 16:41:39.776" endtime="20220828 16:41:45.178"/>
</kw>
<kw name="Capture Page Screenshot" library="SeleniumLibrary">
<doc>Takes a screenshot of the current page and embeds it into a log file.</doc>
<msg timestamp="20220828 16:41:45.319" level="INFO" html="true">&lt;/td&gt;&lt;/tr&gt;&lt;tr&gt;&lt;td colspan="3"&gt;&lt;a href="selenium-screenshot-23.png"&gt;&lt;img src="selenium-screenshot-23.png" width="800px"&gt;&lt;/a&gt;</msg>
<status status="PASS" starttime="20220828 16:41:45.179" endtime="20220828 16:41:45.319"/>
</kw>
<kw name="Wait Until Page Does Not Contain Element" library="SeleniumLibrary">
<arg>xpath://*[text()="Save Quote"]</arg>
<arg>100s</arg>
<doc>Waits until the element ``locator`` disappears from the current page.</doc>
<status status="PASS" starttime="20220828 16:41:45.320" endtime="20220828 16:41:45.327"/>
</kw>
<kw name="Sleep" library="BuiltIn">
<arg>35s</arg>
<doc>Pauses the test executed for the given time.</doc>
<msg timestamp="20220828 16:42:20.342" level="INFO">Slept 35 seconds</msg>
<status status="PASS" starttime="20220828 16:41:45.328" endtime="20220828 16:42:20.342"/>
</kw>
<kw name="Reload Page" library="SeleniumLibrary">
<doc>Simulates user reloading page.</doc>
<status status="PASS" starttime="20220828 16:42:20.344" endtime="20220828 16:42:20.354"/>
</kw>
<kw name="Wait Until Page Contains Element" library="SeleniumLibrary">
<arg>xpath://div[text()="Job"]/parent::h1/div/span</arg>
<arg>120s</arg>
<doc>Waits until the element ``locator`` appears on the current page.</doc>
<status status="PASS" starttime="20220828 16:42:20.354" endtime="20220828 16:42:23.917"/>
</kw>
<kw name="Get Text" library="SeleniumLibrary">
<var>${CURJOB}</var>
<arg>//div[text()="Job"]/parent::h1/div/span</arg>
<doc>Returns the text value of the element identified by ``locator``.</doc>
<msg timestamp="20220828 16:42:23.935" level="INFO">${CURJOB} = JOB-17343</msg>
<status status="PASS" starttime="20220828 16:42:23.918" endtime="20220828 16:42:23.935"/>
</kw>
<kw name="Reload Page" library="SeleniumLibrary">
<doc>Simulates user reloading page.</doc>
<status status="PASS" starttime="20220828 16:42:23.936" endtime="20220828 16:42:23.938"/>
</kw>
<kw name="Wait Until Page Contains Element" library="SeleniumLibrary">
<arg>xpath://div[text()="Job"]/parent::h1/div/span</arg>
<arg>60s</arg>
<doc>Waits until the element ``locator`` appears on the current page.</doc>
<status status="PASS" starttime="20220828 16:42:23.939" endtime="20220828 16:42:28.941"/>
</kw>
<kw name="Check Price-1" library="EditeRemoveCreateQC">
<arg>${Total_Exc}</arg>
<arg>${Total_Inc}</arg>
<kw name="Wait Until Page Contains Element" library="SeleniumLibrary">
<arg>xpath://*[text()="Job Details"]</arg>
<arg>50s</arg>
<doc>Waits until the element ``locator`` appears on the current page.</doc>
<status status="PASS" starttime="20220828 16:42:28.942" endtime="20220828 16:42:28.955"/>
</kw>
<kw name="Get Text" library="SeleniumLibrary">
<var>${CURJOB}</var>
<arg>//div[text()="Job"]/parent::h1/div/span</arg>
<doc>Returns the text value of the element identified by ``locator``.</doc>
<msg timestamp="20220828 16:42:28.971" level="INFO">${CURJOB} = JOB-17343</msg>
<status status="PASS" starttime="20220828 16:42:28.955" endtime="20220828 16:42:28.971"/>
</kw>
<kw name="Sleep" library="BuiltIn">
<arg>5s</arg>
<doc>Pauses the test executed for the given time.</doc>
<msg timestamp="20220828 16:42:33.978" level="INFO">Slept 5 seconds</msg>
<status status="PASS" starttime="20220828 16:42:28.971" endtime="20220828 16:42:33.978"/>
</kw>
<kw name="Click Search CaesarStone Page" library="Common">
<arg>${CURJOB}</arg>
<kw name="Reload Page" library="SeleniumLibrary">
<doc>Simulates user reloading page.</doc>
<status status="PASS" starttime="20220828 16:42:33.979" endtime="20220828 16:42:33.987"/>
</kw>
<kw name="Wait Until Page Contains Element" library="SeleniumLibrary">
<arg>xpath://*[@class="slds-button slds-no-space slds-m-bottom_xx-small"]</arg>
<arg>60s</arg>
<doc>Waits until the element ``locator`` appears on the current page.</doc>
<status status="PASS" starttime="20220828 16:42:33.988" endtime="20220828 16:42:35.300"/>
</kw>
<kw name="Wait Until Element Is Enabled" library="SeleniumLibrary">
<arg>xpath://*[@class="slds-button slds-no-space slds-m-bottom_xx-small"]</arg>
<arg>60s</arg>
<doc>Waits until the element ``locator`` is enabled.</doc>
<status status="PASS" starttime="20220828 16:42:35.300" endtime="20220828 16:42:35.317"/>
</kw>
<kw name="Wait Until Element Is Visible" library="SeleniumLibrary">
<arg>xpath://*[@class="slds-button slds-no-space slds-m-bottom_xx-small"]</arg>
<arg>60s</arg>
<doc>Waits until the element ``locator`` is visible.</doc>
<status status="PASS" starttime="20220828 16:42:35.318" endtime="20220828 16:42:35.330"/>
</kw>
<kw name="Sleep" library="BuiltIn">
<arg>5.5s</arg>
<doc>Pauses the test executed for the given time.</doc>
<msg timestamp="20220828 16:42:40.830" level="INFO">Slept 5 seconds 500 milliseconds</msg>
<status status="PASS" starttime="20220828 16:42:35.330" endtime="20220828 16:42:40.830"/>
</kw>
<kw name="Wait Until Element Is Enabled" library="SeleniumLibrary">
<arg>xpath:(//*[@data-key="search"]/parent::lightning-primitive-icon)[1]</arg>
<arg>60s</arg>
<doc>Waits until the element ``locator`` is enabled.</doc>
<status status="PASS" starttime="20220828 16:42:40.830" endtime="20220828 16:42:40.867"/>
</kw>
<kw name="Mouse Down" library="SeleniumLibrary">
<arg>xpath:(//*[@data-key="search"]/parent::lightning-primitive-icon)[1]</arg>
<doc>Simulates pressing the left mouse button on the element ``locator``.</doc>
<msg timestamp="20220828 16:42:40.867" level="INFO">Simulating Mouse Down on element 'xpath:(//*[@data-key="search"]/parent::lightning-primitive-icon)[1]'.</msg>
<status status="PASS" starttime="20220828 16:42:40.867" endtime="20220828 16:42:41.154"/>
</kw>
<kw name="Mouse Up" library="SeleniumLibrary">
<arg>xpath:(//*[@data-key="search"]/parent::lightning-primitive-icon)[1]</arg>
<doc>Simulates releasing the left mouse button on the element ``locator``.</doc>
<msg timestamp="20220828 16:42:41.154" level="INFO">Simulating Mouse Up on element 'xpath:(//*[@data-key="search"]/parent::lightning-primitive-icon)[1]'.</msg>
<status status="PASS" starttime="20220828 16:42:41.154" endtime="20220828 16:42:41.449"/>
</kw>
<kw name="Sleep" library="BuiltIn">
<arg>1s</arg>
<doc>Pauses the test executed for the given time.</doc>
<msg timestamp="20220828 16:42:42.465" level="INFO">Slept 1 second</msg>
<status status="PASS" starttime="20220828 16:42:41.449" endtime="20220828 16:42:42.465"/>
</kw>
<kw name="Input Text" library="SeleniumLibrary">
<arg>//*[@aria-label="Search..."]</arg>
<arg>${CURJOB}</arg>
<doc>Types the given ``text`` into the text field identified by ``locator``.</doc>
<msg timestamp="20220828 16:42:42.465" level="INFO">Typing text 'JOB-17343' into text field '//*[@aria-label="Search..."]'.</msg>
<status status="PASS" starttime="20220828 16:42:42.465" endtime="20220828 16:42:42.555"/>
</kw>
<kw name="Click Element" library="SeleniumLibrary">
<arg>xpath://*[@title="Search"]</arg>
<doc>Click the element identified by ``locator``.</doc>
<msg timestamp="20220828 16:42:42.556" level="INFO">Clicking element 'xpath://*[@title="Search"]'.</msg>
<status status="PASS" starttime="20220828 16:42:42.555" endtime="20220828 16:42:42.610"/>
</kw>
<kw name="Sleep" library="BuiltIn">
<arg>2s</arg>
<doc>Pauses the test executed for the given time.</doc>
<msg timestamp="20220828 16:42:44.615" level="INFO">Slept 2 seconds</msg>
<status status="PASS" starttime="20220828 16:42:42.610" endtime="20220828 16:42:44.615"/>
</kw>
<kw name="Wait Until Page Contains Element" library="SeleniumLibrary">
<arg>xpath://*[contains(text(),"${CURJOB}")]</arg>
<arg>60s</arg>
<doc>Waits until the element ``locator`` appears on the current page.</doc>
<status status="PASS" starttime="20220828 16:42:44.615" endtime="20220828 16:42:44.634"/>
</kw>
<kw name="Wait Until Element Is Enabled" library="SeleniumLibrary">
<arg>xpath://*[contains(text(),"${CURJOB}")]</arg>
<arg>60s</arg>
<doc>Waits until the element ``locator`` is enabled.</doc>
<status status="PASS" starttime="20220828 16:42:44.634" endtime="20220828 16:42:44.651"/>
</kw>
<kw name="Sleep" library="BuiltIn">
<arg>2s</arg>
<doc>Pauses the test executed for the given time.</doc>
<msg timestamp="20220828 16:42:46.662" level="INFO">Slept 2 seconds</msg>
<status status="PASS" starttime="20220828 16:42:44.651" endtime="20220828 16:42:46.662"/>
</kw>
<kw name="Get Element Count" library="SeleniumLibrary">
<var>${CountProducts}</var>
<arg>xpath://*[contains(text(),"We searched for")]</arg>
<doc>Returns the number of elements matching ``locator``.</doc>
<msg timestamp="20220828 16:42:46.679" level="INFO">${CountProducts} = 0</msg>
<status status="PASS" starttime="20220828 16:42:46.662" endtime="20220828 16:42:46.679"/>
</kw>
<kw name="Capture Page Screenshot" library="SeleniumLibrary">
<doc>Takes a screenshot of the current page and embeds it into a log file.</doc>
<msg timestamp="20220828 16:42:46.747" level="INFO" html="true">&lt;/td&gt;&lt;/tr&gt;&lt;tr&gt;&lt;td colspan="3"&gt;&lt;a href="selenium-screenshot-24.png"&gt;&lt;img src="selenium-screenshot-24.png" width="800px"&gt;&lt;/a&gt;</msg>
<status status="PASS" starttime="20220828 16:42:46.680" endtime="20220828 16:42:46.747"/>
</kw>
<if>
<branch type="IF" condition="${CountProducts}==1">
<kw name="Capture Page Screenshot" library="SeleniumLibrary">
<doc>Takes a screenshot of the current page and embeds it into a log file.</doc>
<status status="NOT RUN" starttime="20220828 16:42:46.747" endtime="20220828 16:42:46.747"/>
</kw>
<kw name="Click Search CaesarStone Page" library="Common">
<arg>${CURJOB}</arg>
<status status="NOT RUN" starttime="20220828 16:42:46.748" endtime="20220828 16:42:46.748"/>
</kw>
<status status="NOT RUN" starttime="20220828 16:42:46.747" endtime="20220828 16:42:46.748"/>
</branch>
<status status="PASS" starttime="20220828 16:42:46.747" endtime="20220828 16:42:46.748"/>
</if>
<kw name="Get Element Count" library="SeleniumLibrary">
<var>${CountProducts}</var>
<arg>xpath://a[text()="${CURJOB}"]</arg>
<doc>Returns the number of elements matching ``locator``.</doc>
<msg timestamp="20220828 16:42:46.757" level="INFO">${CountProducts} = 1</msg>
<status status="PASS" starttime="20220828 16:42:46.748" endtime="20220828 16:42:46.757"/>
</kw>
<kw name="Capture Page Screenshot" library="SeleniumLibrary">
<doc>Takes a screenshot of the current page and embeds it into a log file.</doc>
<msg timestamp="20220828 16:42:46.828" level="INFO" html="true">&lt;/td&gt;&lt;/tr&gt;&lt;tr&gt;&lt;td colspan="3"&gt;&lt;a href="selenium-screenshot-25.png"&gt;&lt;img src="selenium-screenshot-25.png" width="800px"&gt;&lt;/a&gt;</msg>
<status status="PASS" starttime="20220828 16:42:46.757" endtime="20220828 16:42:46.828"/>
</kw>
<if>
<branch type="IF" condition="${CountProducts}==0">
<kw name="Capture Page Screenshot" library="SeleniumLibrary">
<doc>Takes a screenshot of the current page and embeds it into a log file.</doc>
<status status="NOT RUN" starttime="20220828 16:42:46.828" endtime="20220828 16:42:46.828"/>
</kw>
<kw name="Click Search CaesarStone Page" library="Common">
<arg>${CURJOB}</arg>
<status status="NOT RUN" starttime="20220828 16:42:46.828" endtime="20220828 16:42:46.828"/>
</kw>
<status status="NOT RUN" starttime="20220828 16:42:46.828" endtime="20220828 16:42:46.828"/>
</branch>
<status status="PASS" starttime="20220828 16:42:46.828" endtime="20220828 16:42:46.828"/>
</if>
<kw name="Wait Until Page Contains Element" library="SeleniumLibrary">
<arg>xpath://*[@title="${CURJOB}"]</arg>
<arg>60s</arg>
<doc>Waits until the element ``locator`` appears on the current page.</doc>
<status status="PASS" starttime="20220828 16:42:46.828" endtime="20220828 16:42:46.839"/>
</kw>
<kw name="Wait Until Element Is Visible" library="SeleniumLibrary">
<arg>xpath://*[@title="${CURJOB}"]</arg>
<arg>60s</arg>
<doc>Waits until the element ``locator`` is visible.</doc>
<status status="PASS" starttime="20220828 16:42:46.839" endtime="20220828 16:42:46.858"/>
</kw>
<kw name="Get Element Count" library="SeleniumLibrary">
<var>${CountProducts}</var>
<arg>xpath://a[text()="${CURJOB}"]</arg>
<doc>Returns the number of elements matching ``locator``.</doc>
<msg timestamp="20220828 16:42:46.864" level="INFO">${CountProducts} = 1</msg>
<status status="PASS" starttime="20220828 16:42:46.858" endtime="20220828 16:42:46.864"/>
</kw>
<kw name="Capture Page Screenshot" library="SeleniumLibrary">
<doc>Takes a screenshot of the current page and embeds it into a log file.</doc>
<msg timestamp="20220828 16:42:46.926" level="INFO" html="true">&lt;/td&gt;&lt;/tr&gt;&lt;tr&gt;&lt;td colspan="3"&gt;&lt;a href="selenium-screenshot-26.png"&gt;&lt;img src="selenium-screenshot-26.png" width="800px"&gt;&lt;/a&gt;</msg>
<status status="PASS" starttime="20220828 16:42:46.864" endtime="20220828 16:42:46.927"/>
</kw>
<kw name="Sleep" library="BuiltIn">
<arg>2s</arg>
<doc>Pauses the test executed for the given time.</doc>
<msg timestamp="20220828 16:42:48.931" level="INFO">Slept 2 seconds</msg>
<status status="PASS" starttime="20220828 16:42:46.927" endtime="20220828 16:42:48.931"/>
</kw>
<if>
<branch type="IF" condition="${CountProducts}==1">
<kw name="Wait Until Page Contains Element" library="SeleniumLibrary">
<arg>xpath://*[@title="${CURJOB}"]</arg>
<arg>60s</arg>
<doc>Waits until the element ``locator`` appears on the current page.</doc>
<status status="PASS" starttime="20220828 16:42:48.932" endtime="20220828 16:42:48.947"/>
</kw>
<kw name="Wait Until Element Is Visible" library="SeleniumLibrary">
<arg>xpath://*[@title="${CURJOB}"]</arg>
<arg>60s</arg>
<doc>Waits until the element ``locator`` is visible.</doc>
<status status="PASS" starttime="20220828 16:42:48.947" endtime="20220828 16:42:48.968"/>
</kw>
<kw name="Click Element" library="SeleniumLibrary">
<arg>xpath://*[@title="${CURJOB}"]</arg>
<doc>Click the element identified by ``locator``.</doc>
<msg timestamp="20220828 16:42:48.969" level="INFO">Clicking element 'xpath://*[@title="JOB-17343"]'.</msg>
<status status="PASS" starttime="20220828 16:42:48.968" endtime="20220828 16:42:49.035"/>
</kw>
<status status="PASS" starttime="20220828 16:42:48.932" endtime="20220828 16:42:49.035"/>
</branch>
<status status="PASS" starttime="20220828 16:42:48.931" endtime="20220828 16:42:49.035"/>
</if>
<status status="PASS" starttime="20220828 16:42:33.979" endtime="20220828 16:42:49.035"/>
</kw>
<kw name="Wait Until Page Contains Element" library="SeleniumLibrary">
<arg>xpath://*[text()="Total Retail Price Inc GST"]/parent::div/following-sibling::div/span/span</arg>
<arg>50s</arg>
<doc>Waits until the element ``locator`` appears on the current page.</doc>
<status status="PASS" starttime="20220828 16:42:49.035" endtime="20220828 16:42:49.752"/>
</kw>
<kw name="Sleep" library="BuiltIn">
<arg>7s</arg>
<doc>Pauses the test executed for the given time.</doc>
<msg timestamp="20220828 16:42:56.768" level="INFO">Slept 7 seconds</msg>
<status status="PASS" starttime="20220828 16:42:49.753" endtime="20220828 16:42:56.768"/>
</kw>
<kw name="Reload Page" library="SeleniumLibrary">
<doc>Simulates user reloading page.</doc>
<status status="PASS" starttime="20220828 16:42:56.768" endtime="20220828 16:42:56.776"/>
</kw>
<kw name="Sleep" library="BuiltIn">
<arg>7s</arg>
<doc>Pauses the test executed for the given time.</doc>
<msg timestamp="20220828 16:43:03.782" level="INFO">Slept 7 seconds</msg>
<status status="PASS" starttime="20220828 16:42:56.776" endtime="20220828 16:43:03.782"/>
</kw>
<kw name="Reload Page" library="SeleniumLibrary">
<doc>Simulates user reloading page.</doc>
<status status="PASS" starttime="20220828 16:43:03.782" endtime="20220828 16:43:03.789"/>
</kw>
<kw name="Wait Until Page Contains Element" library="SeleniumLibrary">
<arg>xpath://*[text()="Total Retail Price Inc GST"]/parent::div/following-sibling::div/span/span</arg>
<arg>50s</arg>
<doc>Waits until the element ``locator`` appears on the current page.</doc>
<status status="PASS" starttime="20220828 16:43:03.789" endtime="20220828 16:43:06.587"/>
</kw>
<kw name="Get Text" library="SeleniumLibrary">
<var>${var}</var>
<arg>xpath://*[text()="Total Retail Price Inc GST"]/parent::div/following-sibling::div/span/span</arg>
<doc>Returns the text value of the element identified by ``locator``.</doc>
<msg timestamp="20220828 16:43:06.602" level="INFO">${var} = AUD 3,877.50</msg>
<status status="PASS" starttime="20220828 16:43:06.587" endtime="20220828 16:43:06.602"/>
</kw>
<kw name="Product Price" library="functions">
<var>${Cur_Total_Exc}</var>
<arg>${var}</arg>
<msg timestamp="20220828 16:43:06.602" level="INFO">${Cur_Total_Exc} = 3,877.50</msg>
<status status="PASS" starttime="20220828 16:43:06.602" endtime="20220828 16:43:06.602"/>
</kw>
<kw name="Cut Comma" library="functions">
<var>${Cur_Total_Exc}</var>
<arg>${Cur_Total_Exc}</arg>
<msg timestamp="20220828 16:43:06.602" level="INFO">${Cur_Total_Exc} = 3877.50</msg>
<status status="PASS" starttime="20220828 16:43:06.602" endtime="20220828 16:43:06.602"/>
</kw>
<kw name="Scroll Element Into View" library="SeleniumLibrary">
<arg>xpath://*[text()="Fabricator Comments"]</arg>
<doc>Scrolls the element identified by ``locator`` into view.</doc>
<status status="PASS" starttime="20220828 16:43:06.602" endtime="20220828 16:43:07.045"/>
</kw>
<kw name="Capture Page Screenshot" library="SeleniumLibrary">
<doc>Takes a screenshot of the current page and embeds it into a log file.</doc>
<msg timestamp="20220828 16:43:07.111" level="INFO" html="true">&lt;/td&gt;&lt;/tr&gt;&lt;tr&gt;&lt;td colspan="3"&gt;&lt;a href="selenium-screenshot-27.png"&gt;&lt;img src="selenium-screenshot-27.png" width="800px"&gt;&lt;/a&gt;</msg>
<status status="PASS" starttime="20220828 16:43:07.045" endtime="20220828 16:43:07.112"/>
</kw>
<kw name="Should Be True" library="BuiltIn">
<arg>${Total_Inc} == ${Cur_Total_Exc}</arg>
<doc>Fails if the given condition is not true.</doc>
<status status="PASS" starttime="20220828 16:43:07.112" endtime="20220828 16:43:07.112"/>
</kw>
<status status="PASS" starttime="20220828 16:42:28.942" endtime="20220828 16:43:07.112"/>
</kw>
<kw name="Compare New And Old Total Price">
<arg>${Old_Total_Exc}</arg>
<arg>${Total_Exc} #check if the price changed</arg>
<kw name="Should Be True" library="BuiltIn">
<arg>${Total_Exc} &gt;= ${Old_Total_Exc}</arg>
<doc>Fails if the given condition is not true.</doc>
<status status="PASS" starttime="20220828 16:43:07.113" endtime="20220828 16:43:07.114"/>
</kw>
<status status="PASS" starttime="20220828 16:43:07.113" endtime="20220828 16:43:07.115"/>
</kw>
<status status="PASS" starttime="20220828 16:37:18.833" endtime="20220828 16:43:07.115"/>
</test>
<kw name="Terminate Web Tests" library="Common" type="TEARDOWN">
<kw name="Sleep" library="BuiltIn">
<arg>5s</arg>
<doc>Pauses the test executed for the given time.</doc>
<msg timestamp="20220828 16:43:12.127" level="INFO">Slept 5 seconds</msg>
<status status="PASS" starttime="20220828 16:43:07.116" endtime="20220828 16:43:12.127"/>
</kw>
<kw name="Close Browser" library="SeleniumLibrary">
<doc>Closes the current browser.</doc>
<status status="PASS" starttime="20220828 16:43:12.127" endtime="20220828 16:43:14.311"/>
</kw>
<status status="PASS" starttime="20220828 16:43:07.116" endtime="20220828 16:43:14.311"/>
</kw>
<doc>Creation Quick Quote Add(1 room,1 product)</doc>
<status status="PASS" starttime="20220828 16:37:03.704" endtime="20220828 16:43:14.311"/>
</suite>
<statistics>
<total>
<stat pass="1" fail="0" skip="0">All Tests</stat>
</total>
<tag>
</tag>
<suite>
<stat pass="1" fail="0" skip="0" id="s1" name="EditQoute(QC)Add">EditQoute(QC)Add</stat>
</suite>
</statistics>
<errors>
</errors>
</robot>
