<?xml version="1.0" encoding="UTF-8"?>
<robot generator="Robot 5.0.1 (Python 3.10.6 on win32)" generated="20220825 10:49:35.023" rpa="false" schemaversion="3">
<suite id="s1" name="Tests" source="C:\Users\abeer.hasan\Desktop\CaesarStone-Prod\Tests">
<suite id="s1-s1" name="CreateQoute" source="C:\Users\abeer.hasan\Desktop\CaesarStone-Prod\Tests\CreateQoute.robot">
<kw name="Initiate Web Tests" library="Login Retailer" type="SETUP">
<arg>${BROWSER}</arg>
<arg>${BROWSER_OPTIONS}</arg>
<kw name="Begin Web Test" library="Common">
<arg>${Browser}</arg>
<arg>${Options}</arg>
<kw name="Open Browser" library="SeleniumLibrary">
<arg>about:blank</arg>
<arg>${Browser}</arg>
<arg>options=${Options}</arg>
<doc>Opens a new browser instance to the optional ``url``.</doc>
<msg timestamp="20220825 10:49:35.799" level="INFO">Opening browser 'chrome' to base url 'about:blank'.</msg>
<status status="PASS" starttime="20220825 10:49:35.799" endtime="20220825 10:49:38.798"/>
</kw>
<status status="PASS" starttime="20220825 10:49:35.799" endtime="20220825 10:49:38.798"/>
</kw>
<kw name="Login To CSpartial" library="Login Retailer">
<kw name="Read Input" library="functions">
<var>${cspartial login_page}</var>
<arg>2</arg>
<arg>1</arg>
<msg timestamp="20220825 10:49:38.810" level="INFO">${cspartial login_page} = https://caesarstone.my.salesforce.com/</msg>
<status status="PASS" starttime="20220825 10:49:38.798" endtime="20220825 10:49:38.810"/>
</kw>
<kw name="Read Input" library="functions">
<var>${login_username}</var>
<arg>2</arg>
<arg>2</arg>
<msg timestamp="20220825 10:49:38.819" level="INFO">${login_username} = sftestuser@caesarstone.com</msg>
<status status="PASS" starttime="20220825 10:49:38.810" endtime="20220825 10:49:38.819"/>
</kw>
<kw name="Read Input" library="functions">
<var>${login_password}</var>
<arg>2</arg>
<arg>3</arg>
<msg timestamp="20220825 10:49:38.819" level="INFO">${login_password} = 1q2w3e4r5t6y</msg>
<status status="PASS" starttime="20220825 10:49:38.819" endtime="20220825 10:49:38.819"/>
</kw>
<kw name="Go To" library="SeleniumLibrary">
<arg>${cspartial login_page}</arg>
<doc>Navigates the current browser window to the provided ``url``.</doc>
<msg timestamp="20220825 10:49:38.819" level="INFO">Opening url 'https://caesarstone.my.salesforce.com/'</msg>
<status status="PASS" starttime="20220825 10:49:38.819" endtime="20220825 10:49:42.513"/>
</kw>
<kw name="Get Window Size" library="SeleniumLibrary">
<var>${G}</var>
<doc>Returns current window width and height as integers.</doc>
<msg timestamp="20220825 10:49:42.521" level="INFO">${G} = (1360, 768)</msg>
<status status="PASS" starttime="20220825 10:49:42.513" endtime="20220825 10:49:42.521"/>
</kw>
<kw name="Wait Until Page Contains" library="SeleniumLibrary">
<arg>Forgot Your Password?</arg>
<doc>Waits until ``text`` appears on the current page.</doc>
<status status="PASS" starttime="20220825 10:49:42.521" endtime="20220825 10:49:42.536"/>
</kw>
<kw name="Execute Javascript" library="SeleniumLibrary">
<arg>document.getElementById('username').value="sftestuser@caesarstone.com"</arg>
<doc>Executes the given JavaScript code with possible arguments.</doc>
<msg timestamp="20220825 10:49:42.536" level="INFO">Executing JavaScript:
document.getElementById('username').value="sftestuser@caesarstone.com"
Without any arguments.</msg>
<status status="PASS" starttime="20220825 10:49:42.536" endtime="20220825 10:49:42.536"/>
</kw>
<kw name="Capture Page Screenshot" library="SeleniumLibrary">
<doc>Takes a screenshot of the current page and embeds it into a log file.</doc>
<msg timestamp="20220825 10:49:42.751" level="INFO" html="true">&lt;/td&gt;&lt;/tr&gt;&lt;tr&gt;&lt;td colspan="3"&gt;&lt;a href="selenium-screenshot-1051.png"&gt;&lt;img src="selenium-screenshot-1051.png" width="800px"&gt;&lt;/a&gt;</msg>
<status status="PASS" starttime="20220825 10:49:42.536" endtime="20220825 10:49:42.751"/>
</kw>
<kw name="Execute Javascript" library="SeleniumLibrary">
<arg>document.getElementById('password').value="1q2w3e4r5t6y"</arg>
<doc>Executes the given JavaScript code with possible arguments.</doc>
<msg timestamp="20220825 10:49:42.751" level="INFO">Executing JavaScript:
document.getElementById('password').value="1q2w3e4r5t6y"
Without any arguments.</msg>
<status status="PASS" starttime="20220825 10:49:42.751" endtime="20220825 10:49:42.785"/>
</kw>
<kw name="Capture Page Screenshot" library="SeleniumLibrary">
<doc>Takes a screenshot of the current page and embeds it into a log file.</doc>
<msg timestamp="20220825 10:49:42.978" level="INFO" html="true">&lt;/td&gt;&lt;/tr&gt;&lt;tr&gt;&lt;td colspan="3"&gt;&lt;a href="selenium-screenshot-1052.png"&gt;&lt;img src="selenium-screenshot-1052.png" width="800px"&gt;&lt;/a&gt;</msg>
<status status="PASS" starttime="20220825 10:49:42.785" endtime="20220825 10:49:42.978"/>
</kw>
<kw name="Get Window Size" library="SeleniumLibrary">
<var>${G}</var>
<doc>Returns current window width and height as integers.</doc>
<msg timestamp="20220825 10:49:42.986" level="INFO">${G} = (1360, 768)</msg>
<status status="PASS" starttime="20220825 10:49:42.978" endtime="20220825 10:49:42.986"/>
</kw>
<kw name="Click Element" library="SeleniumLibrary">
<arg>rememberUn</arg>
<doc>Click the element identified by ``locator``.</doc>
<msg timestamp="20220825 10:49:42.986" level="INFO">Clicking element 'rememberUn'.</msg>
<status status="PASS" starttime="20220825 10:49:42.986" endtime="20220825 10:49:43.019"/>
</kw>
<kw name="Capture Page Screenshot" library="SeleniumLibrary">
<doc>Takes a screenshot of the current page and embeds it into a log file.</doc>
<msg timestamp="20220825 10:49:43.193" level="INFO" html="true">&lt;/td&gt;&lt;/tr&gt;&lt;tr&gt;&lt;td colspan="3"&gt;&lt;a href="selenium-screenshot-1053.png"&gt;&lt;img src="selenium-screenshot-1053.png" width="800px"&gt;&lt;/a&gt;</msg>
<status status="PASS" starttime="20220825 10:49:43.019" endtime="20220825 10:49:43.193"/>
</kw>
<kw name="Click Button" library="SeleniumLibrary">
<arg>Login</arg>
<doc>Clicks the button identified by ``locator``.</doc>
<msg timestamp="20220825 10:49:43.193" level="INFO">Clicking button 'Login'.</msg>
<status status="PASS" starttime="20220825 10:49:43.193" endtime="20220825 10:49:43.234"/>
</kw>
<kw name="Wait Until Page Contains Element" library="SeleniumLibrary">
<arg>xpath://*[contains(text(),"Caesarstone")]</arg>
<arg>60s</arg>
<doc>Waits until the element ``locator`` appears on the current page.</doc>
<status status="PASS" starttime="20220825 10:49:43.234" endtime="20220825 10:49:50.141"/>
</kw>
<status status="PASS" starttime="20220825 10:49:38.798" endtime="20220825 10:49:50.141"/>
</kw>
<status status="PASS" starttime="20220825 10:49:35.799" endtime="20220825 10:49:50.141"/>
</kw>
<test id="s1-s1-t1" name="Create Qoute one produst+room" line="19">
<kw name="Process1 (one room &amp; product)" library="Create Qoute">
<kw name="Read Input" library="functions">
<var>${User_Link_Page}</var>
<arg>2</arg>
<arg>5</arg>
<msg timestamp="20220825 10:49:50.149" level="INFO">${User_Link_Page} = https://caesarstone.lightning.force.com/lightning/r/Contact/0033V00000QR1D0QAL/view</msg>
<status status="PASS" starttime="20220825 10:49:50.141" endtime="20220825 10:49:50.149"/>
</kw>
<kw name="Navigating To &quot;Experience As User&quot;" library="Common">
<arg>${User_Link_Page}</arg>
<kw name="Navigate To To Giving Link Page" library="Common">
<arg>${User_Link}</arg>
<kw name="Go To" library="SeleniumLibrary">
<arg>${User_Link}</arg>
<doc>Navigates the current browser window to the provided ``url``.</doc>
<msg timestamp="20220825 10:49:50.158" level="INFO">Opening url 'https://caesarstone.lightning.force.com/lightning/r/Contact/0033V00000QR1D0QAL/view'</msg>
<status status="PASS" starttime="20220825 10:49:50.158" endtime="20220825 10:49:51.500"/>
</kw>
<kw name="Go To" library="SeleniumLibrary">
<arg>${User_Link}</arg>
<doc>Navigates the current browser window to the provided ``url``.</doc>
<msg timestamp="20220825 10:49:51.501" level="INFO">Opening url 'https://caesarstone.lightning.force.com/lightning/r/Contact/0033V00000QR1D0QAL/view'</msg>
<status status="PASS" starttime="20220825 10:49:51.500" endtime="20220825 10:49:52.099"/>
</kw>
<kw name="Wait Until Page Contains Element" library="SeleniumLibrary">
<arg>xpath://*[text()="Account Name"]</arg>
<arg>60s</arg>
<doc>Waits until the element ``locator`` appears on the current page.</doc>
<status status="PASS" starttime="20220825 10:49:52.099" endtime="20220825 10:49:53.606"/>
</kw>
<kw name="Wait Until Page Contains Element" library="SeleniumLibrary">
<arg>${ARROW&gt;Show more actions}</arg>
<arg>60s</arg>
<doc>Waits until the element ``locator`` appears on the current page.</doc>
<status status="PASS" starttime="20220825 10:49:53.606" endtime="20220825 10:49:54.148"/>
</kw>
<status status="PASS" starttime="20220825 10:49:50.158" endtime="20220825 10:49:54.148"/>
</kw>
<kw name="Login To Experience As User" library="Common">
<kw name="Wait Until Element Is Visible" library="SeleniumLibrary">
<arg>${ARROW&gt;Show more actions}</arg>
<arg>60s</arg>
<doc>Waits until the element ``locator`` is visible.</doc>
<status status="PASS" starttime="20220825 10:49:54.148" endtime="20220825 10:49:54.242"/>
</kw>
<kw name="Sleep" library="BuiltIn">
<arg>0.5s</arg>
<doc>Pauses the test executed for the given time.</doc>
<msg timestamp="20220825 10:49:54.758" level="INFO">Slept 500 milliseconds</msg>
<status status="PASS" starttime="20220825 10:49:54.242" endtime="20220825 10:49:54.758"/>
</kw>
<kw name="Click Button" library="SeleniumLibrary">
<arg>${ARROW&gt;Show more actions}</arg>
<doc>Clicks the button identified by ``locator``.</doc>
<msg timestamp="20220825 10:49:54.758" level="INFO">Clicking button 'xpath://*[@class="slds-button slds-button_icon-border-filled"]'.</msg>
<status status="PASS" starttime="20220825 10:49:54.758" endtime="20220825 10:49:54.878"/>
</kw>
<kw name="Get Element Count" library="SeleniumLibrary">
<var>${CountProducts}</var>
<arg>xpath://*[text()="Log in to Experience as User"]</arg>
<doc>Returns the number of elements matching ``locator``.</doc>
<msg timestamp="20220825 10:49:54.894" level="INFO">${CountProducts} = 1</msg>
<status status="PASS" starttime="20220825 10:49:54.878" endtime="20220825 10:49:54.894"/>
</kw>
<if>
<branch type="IF" condition="${CountProducts}==0">
<kw name="Click Element" library="SeleniumLibrary">
<arg>${ARROW&gt;Show more actions}</arg>
<doc>Click the element identified by ``locator``.</doc>
<status status="NOT RUN" starttime="20220825 10:49:54.894" endtime="20220825 10:49:54.894"/>
</kw>
<status status="NOT RUN" starttime="20220825 10:49:54.894" endtime="20220825 10:49:54.894"/>
</branch>
<status status="PASS" starttime="20220825 10:49:54.894" endtime="20220825 10:49:54.894"/>
</if>
<kw name="Wait Until Page Contains Element" library="SeleniumLibrary">
<arg>xpath://*[text()="Log in to Experience as User"]</arg>
<arg>60s</arg>
<doc>Waits until the element ``locator`` appears on the current page.</doc>
<status status="PASS" starttime="20220825 10:49:54.894" endtime="20220825 10:49:54.910"/>
</kw>
<kw name="Click Element" library="SeleniumLibrary">
<arg>${Log in to Experience as User}</arg>
<doc>Click the element identified by ``locator``.</doc>
<msg timestamp="20220825 10:49:54.910" level="INFO">Clicking element 'xpath://*[text()="Log in to Experience as User"]'.</msg>
<status status="PASS" starttime="20220825 10:49:54.910" endtime="20220825 10:49:54.954"/>
</kw>
<kw name="Wait Until Page Does Not Contain Element" library="SeleniumLibrary">
<arg>xpath://*[text()="Log in to Experience as User"]</arg>
<arg>30s</arg>
<doc>Waits until the element ``locator`` disappears from the current page.</doc>
<status status="PASS" starttime="20220825 10:49:54.954" endtime="20220825 10:50:00.362"/>
</kw>
<kw name="Get Element Count" library="SeleniumLibrary">
<var>${CountProducts}</var>
<arg>${ARROW&gt;Show more actions}</arg>
<doc>Returns the number of elements matching ``locator``.</doc>
<msg timestamp="20220825 10:50:00.362" level="INFO">${CountProducts} = 0</msg>
<status status="PASS" starttime="20220825 10:50:00.362" endtime="20220825 10:50:00.362"/>
</kw>
<if>
<branch type="IF" condition="${CountProducts}==1">
<kw name="Login To Experience As User" library="Common">
<status status="NOT RUN" starttime="20220825 10:50:00.362" endtime="20220825 10:50:00.362"/>
</kw>
<status status="NOT RUN" starttime="20220825 10:50:00.362" endtime="20220825 10:50:00.362"/>
</branch>
<status status="PASS" starttime="20220825 10:50:00.362" endtime="20220825 10:50:00.362"/>
</if>
<status status="PASS" starttime="20220825 10:49:54.148" endtime="20220825 10:50:00.362"/>
</kw>
<status status="PASS" starttime="20220825 10:49:50.149" endtime="20220825 10:50:00.362"/>
</kw>
<kw name="Select Frames" library="Create Qoute">
<kw name="Wait Until Page Contains Element" library="SeleniumLibrary">
<arg>xpath:(//*[@class="slds-button slds-button_brand"])[1]</arg>
<arg>130s</arg>
<doc>Waits until the element ``locator`` appears on the current page.</doc>
<status status="PASS" starttime="20220825 10:50:00.362" endtime="20220825 10:50:02.471"/>
</kw>
<kw name="Click Element" library="SeleniumLibrary">
<arg>xpath:(//*[@class="slds-button slds-button_brand"])[1]</arg>
<doc>Click the element identified by ``locator``.</doc>
<msg timestamp="20220825 10:50:02.471" level="INFO">Clicking element 'xpath:(//*[@class="slds-button slds-button_brand"])[1]'.</msg>
<status status="PASS" starttime="20220825 10:50:02.471" endtime="20220825 10:50:02.553"/>
</kw>
<kw name="Wait Until Element Is Visible" library="SeleniumLibrary">
<arg>xpath://iframe[@class="canvasIframe"]</arg>
<arg>90s</arg>
<doc>Waits until the element ``locator`` is visible.</doc>
<status status="PASS" starttime="20220825 10:50:02.553" endtime="20220825 10:50:03.031"/>
</kw>
<kw name="Select Frame" library="SeleniumLibrary">
<arg>//iframe[@class="canvasIframe"]</arg>
<doc>Sets frame identified by ``locator`` as the current frame.</doc>
<msg timestamp="20220825 10:50:03.031" level="INFO">Selecting frame '//iframe[@class="canvasIframe"]'.</msg>
<status status="PASS" starttime="20220825 10:50:03.031" endtime="20220825 10:50:03.054"/>
</kw>
<kw name="Sleep" library="BuiltIn">
<arg>0.9m</arg>
<doc>Pauses the test executed for the given time.</doc>
<msg timestamp="20220825 10:50:57.068" level="INFO">Slept 54 seconds</msg>
<status status="PASS" starttime="20220825 10:50:03.054" endtime="20220825 10:50:57.069"/>
</kw>
<kw name="Wait Until Element Is Enabled" library="SeleniumLibrary">
<arg>xpath://iframe[@title="Canvas IFrame for application QuoteCountertops."]</arg>
<arg>90s</arg>
<doc>Waits until the element ``locator`` is enabled.</doc>
<status status="PASS" starttime="20220825 10:50:57.069" endtime="20220825 10:50:57.129"/>
</kw>
<kw name="Select Frame" library="SeleniumLibrary">
<arg>//iframe[@title="Canvas IFrame for application QuoteCountertops."]</arg>
<doc>Sets frame identified by ``locator`` as the current frame.</doc>
<msg timestamp="20220825 10:50:57.135" level="INFO">Selecting frame '//iframe[@title="Canvas IFrame for application QuoteCountertops."]'.</msg>
<status status="PASS" starttime="20220825 10:50:57.129" endtime="20220825 10:50:57.185"/>
</kw>
<kw name="Select Frame" library="SeleniumLibrary">
<arg>//iframe[@title="QuoteCountertops"]</arg>
<doc>Sets frame identified by ``locator`` as the current frame.</doc>
<msg timestamp="20220825 10:50:57.185" level="INFO">Selecting frame '//iframe[@title="QuoteCountertops"]'.</msg>
<status status="PASS" starttime="20220825 10:50:57.185" endtime="20220825 10:50:57.243"/>
</kw>
<status status="PASS" starttime="20220825 10:50:00.362" endtime="20220825 10:50:57.243"/>
</kw>
<kw name="Choose Room" library="Create Qoute">
<kw name="Wait Until Page Does Not Contain Element" library="SeleniumLibrary">
<arg>xpath://*[text()="Please wait while the design is ready."]</arg>
<doc>Waits until the element ``locator`` disappears from the current page.</doc>
<status status="PASS" starttime="20220825 10:50:57.252" endtime="20220825 10:50:57.286"/>
</kw>
<kw name="Wait Until Element Is Enabled" library="SeleniumLibrary">
<arg>xpath://*[@class="bv-item-container"]/div/div/div/div[2]</arg>
<arg>100s</arg>
<doc>Waits until the element ``locator`` is enabled.</doc>
<status status="PASS" starttime="20220825 10:50:57.287" endtime="20220825 10:50:57.389"/>
</kw>
<kw name="Click Element" library="SeleniumLibrary">
<arg>xpath://*[@class="bv-item-container"]/div/div/div/div[2]</arg>
<doc>Click the element identified by ``locator``.</doc>
<msg timestamp="20220825 10:50:57.390" level="INFO">Clicking element 'xpath://*[@class="bv-item-container"]/div/div/div/div[2]'.</msg>
<status status="PASS" starttime="20220825 10:50:57.390" endtime="20220825 10:50:57.922"/>
</kw>
<kw name="Sleep" library="BuiltIn">
<arg>2s</arg>
<doc>Pauses the test executed for the given time.</doc>
<msg timestamp="20220825 10:50:59.925" level="INFO">Slept 2 seconds</msg>
<status status="PASS" starttime="20220825 10:50:57.922" endtime="20220825 10:50:59.925"/>
</kw>
<kw name="Wait Until Element Is Enabled" library="SeleniumLibrary">
<arg>xpath://*[@class="bv-item-container"]/div/div/div/div[2]/div/div[2]/button</arg>
<arg>100s</arg>
<doc>Waits until the element ``locator`` is enabled.</doc>
<status status="PASS" starttime="20220825 10:50:59.925" endtime="20220825 10:50:59.989"/>
</kw>
<kw name="Click Button" library="SeleniumLibrary">
<arg>xpath://*[@class="bv-item-container"]/div/div/div/div[2]/div/div[2]/button</arg>
<doc>Clicks the button identified by ``locator``.</doc>
<msg timestamp="20220825 10:50:59.989" level="INFO">Clicking button 'xpath://*[@class="bv-item-container"]/div/div/div/div[2]/div/div[2]/button'.</msg>
<status status="PASS" starttime="20220825 10:50:59.989" endtime="20220825 10:51:00.312"/>
</kw>
<kw name="Get Element Count" library="SeleniumLibrary">
<var>${CountProducts}</var>
<arg>xpath://*[@class="bv-item-container"]/div/div/div/div[2]/div/div[2]/button</arg>
<doc>Returns the number of elements matching ``locator``.</doc>
<msg timestamp="20220825 10:51:00.325" level="INFO">${CountProducts} = 0</msg>
<status status="PASS" starttime="20220825 10:51:00.313" endtime="20220825 10:51:00.325"/>
</kw>
<if>
<branch type="IF" condition="${CountProducts}==1">
<kw name="Click Element" library="SeleniumLibrary">
<arg>xpath://*[@class="bv-item-container"]/div/div/div/div[2]/div/div[2]/button</arg>
<doc>Click the element identified by ``locator``.</doc>
<status status="NOT RUN" starttime="20220825 10:51:00.325" endtime="20220825 10:51:00.325"/>
</kw>
<status status="NOT RUN" starttime="20220825 10:51:00.325" endtime="20220825 10:51:00.325"/>
</branch>
<status status="PASS" starttime="20220825 10:51:00.325" endtime="20220825 10:51:00.325"/>
</if>
<kw name="Wait Until Element Is Visible" library="SeleniumLibrary">
<arg>xpath://*[text()="Add to Quote"]</arg>
<arg>100s</arg>
<doc>Waits until the element ``locator`` is visible.</doc>
<status status="PASS" starttime="20220825 10:51:00.325" endtime="20220825 10:51:00.372"/>
</kw>
<kw name="Click Element" library="SeleniumLibrary">
<arg>xpath://*[text()="Add to Quote"]</arg>
<doc>Click the element identified by ``locator``.</doc>
<msg timestamp="20220825 10:51:00.372" level="INFO">Clicking element 'xpath://*[text()="Add to Quote"]'.</msg>
<status status="PASS" starttime="20220825 10:51:00.372" endtime="20220825 10:51:00.853"/>
</kw>
<kw name="Get Element Count" library="SeleniumLibrary">
<var>${CountProducts}</var>
<arg>xpath://*[contains(text(),"Product info")]</arg>
<doc>Returns the number of elements matching ``locator``.</doc>
<msg timestamp="20220825 10:51:00.893" level="INFO">${CountProducts} = 0</msg>
<status status="PASS" starttime="20220825 10:51:00.853" endtime="20220825 10:51:00.893"/>
</kw>
<if>
<branch type="IF" condition="${CountProducts}==1">
<kw name="Click Element" library="SeleniumLibrary">
<arg>xpath://*[text()="Add to Quote"]</arg>
<doc>Click the element identified by ``locator``.</doc>
<status status="NOT RUN" starttime="20220825 10:51:00.893" endtime="20220825 10:51:00.893"/>
</kw>
<status status="NOT RUN" starttime="20220825 10:51:00.893" endtime="20220825 10:51:00.893"/>
</branch>
<status status="PASS" starttime="20220825 10:51:00.893" endtime="20220825 10:51:00.893"/>
</if>
<kw name="Wait Until Element Is Visible" library="SeleniumLibrary">
<arg>xpath://*[@class="bv-item-container"]/div/div/div/div/div/div[2]/button</arg>
<arg>90s</arg>
<doc>Waits until the element ``locator`` is visible.</doc>
<status status="PASS" starttime="20220825 10:51:00.893" endtime="20220825 10:51:01.503"/>
</kw>
<kw name="Sleep" library="BuiltIn">
<arg>2s</arg>
<doc>Pauses the test executed for the given time.</doc>
<msg timestamp="20220825 10:51:03.518" level="INFO">Slept 2 seconds</msg>
<status status="PASS" starttime="20220825 10:51:01.503" endtime="20220825 10:51:03.518"/>
</kw>
<kw name="Click Button" library="SeleniumLibrary">
<arg>xpath://*[@class="bv-item-container"]/div/div/div/div/div/div[2]/button</arg>
<doc>Clicks the button identified by ``locator``.</doc>
<msg timestamp="20220825 10:51:03.520" level="INFO">Clicking button 'xpath://*[@class="bv-item-container"]/div/div/div/div/div/div[2]/button'.</msg>
<status status="PASS" starttime="20220825 10:51:03.519" endtime="20220825 10:51:03.977"/>
</kw>
<kw name="Wait Until Element Is Visible" library="SeleniumLibrary">
<arg>xpath://*[@class="ui-quantity-button ui-quantity-button--plus"]</arg>
<arg>90s</arg>
<doc>Waits until the element ``locator`` is visible.</doc>
<status status="PASS" starttime="20220825 10:51:03.977" endtime="20220825 10:51:04.026"/>
</kw>
<kw name="Click Button" library="SeleniumLibrary">
<arg>xpath://*[@class="ui-quantity-button ui-quantity-button--plus"]</arg>
<doc>Clicks the button identified by ``locator``.</doc>
<msg timestamp="20220825 10:51:04.027" level="INFO">Clicking button 'xpath://*[@class="ui-quantity-button ui-quantity-button--plus"]'.</msg>
<status status="PASS" starttime="20220825 10:51:04.027" endtime="20220825 10:51:04.307"/>
</kw>
<kw name="Click Element" library="SeleniumLibrary">
<arg>xpath://*[text()="Add to Quote"]</arg>
<doc>Click the element identified by ``locator``.</doc>
<msg timestamp="20220825 10:51:04.309" level="INFO">Clicking element 'xpath://*[text()="Add to Quote"]'.</msg>
<status status="PASS" starttime="20220825 10:51:04.307" endtime="20220825 10:51:04.817"/>
</kw>
<status status="PASS" starttime="20220825 10:50:57.243" endtime="20220825 10:51:04.817"/>
</kw>
<kw name="Add SPLASHBACK" library="Create Qoute">
<kw name="Wait Until Element Is Visible" library="SeleniumLibrary">
<arg>xpath://*[@class="bv-item-container"]/div/div/div/div/div/div[2]/button</arg>
<arg>90s</arg>
<doc>Waits until the element ``locator`` is visible.</doc>
<status status="PASS" starttime="20220825 10:51:04.817" endtime="20220825 10:51:04.922"/>
</kw>
<kw name="Sleep" library="BuiltIn">
<arg>3s</arg>
<doc>Pauses the test executed for the given time.</doc>
<msg timestamp="20220825 10:51:07.925" level="INFO">Slept 3 seconds</msg>
<status status="PASS" starttime="20220825 10:51:04.922" endtime="20220825 10:51:07.927"/>
</kw>
<kw name="Click Button" library="SeleniumLibrary">
<arg>xpath://*[@class="bv-item-container"]/div/div/div/div/div/div[2]/button</arg>
<doc>Clicks the button identified by ``locator``.</doc>
<msg timestamp="20220825 10:51:07.927" level="INFO">Clicking button 'xpath://*[@class="bv-item-container"]/div/div/div/div/div/div[2]/button'.</msg>
<status status="PASS" starttime="20220825 10:51:07.927" endtime="20220825 10:51:08.443"/>
</kw>
<kw name="Wait Until Element Is Visible" library="SeleniumLibrary">
<arg>xpath://*[@class="ui-quantity-button ui-quantity-button--plus"]</arg>
<arg>90s</arg>
<doc>Waits until the element ``locator`` is visible.</doc>
<status status="PASS" starttime="20220825 10:51:08.443" endtime="20220825 10:51:08.485"/>
</kw>
<kw name="Click Button" library="SeleniumLibrary">
<arg>xpath://*[@class="ui-quantity-button ui-quantity-button--plus"]</arg>
<doc>Clicks the button identified by ``locator``.</doc>
<msg timestamp="20220825 10:51:08.485" level="INFO">Clicking button 'xpath://*[@class="ui-quantity-button ui-quantity-button--plus"]'.</msg>
<status status="PASS" starttime="20220825 10:51:08.485" endtime="20220825 10:51:08.722"/>
</kw>
<kw name="Click Element" library="SeleniumLibrary">
<arg>xpath://*[text()="Add to Quote"]</arg>
<doc>Click the element identified by ``locator``.</doc>
<msg timestamp="20220825 10:51:08.722" level="INFO">Clicking element 'xpath://*[text()="Add to Quote"]'.</msg>
<status status="PASS" starttime="20220825 10:51:08.722" endtime="20220825 10:51:09.194"/>
</kw>
<kw name="Sleep" library="BuiltIn">
<arg>1s</arg>
<doc>Pauses the test executed for the given time.</doc>
<msg timestamp="20220825 10:51:10.209" level="INFO">Slept 1 second</msg>
<status status="PASS" starttime="20220825 10:51:09.194" endtime="20220825 10:51:10.209"/>
</kw>
<status status="PASS" starttime="20220825 10:51:04.817" endtime="20220825 10:51:10.209"/>
</kw>
<kw name="Add Edge" library="Create Qoute">
<kw name="Wait Until Element Is Visible" library="SeleniumLibrary">
<arg>xpath://*[@class="bv-item-container"]/div/div[1]/div/div[1]/div/div[1]</arg>
<arg>90s</arg>
<doc>Waits until the element ``locator`` is visible.</doc>
<status status="PASS" starttime="20220825 10:51:10.209" endtime="20220825 10:51:10.263"/>
</kw>
<kw name="Click Element" library="SeleniumLibrary">
<arg>xpath://*[@class="bv-item-container"]/div/div[1]/div/div[1]/div</arg>
<doc>Click the element identified by ``locator``.</doc>
<msg timestamp="20220825 10:51:10.263" level="INFO">Clicking element 'xpath://*[@class="bv-item-container"]/div/div[1]/div/div[1]/div'.</msg>
<status status="PASS" starttime="20220825 10:51:10.263" endtime="20220825 10:51:10.721"/>
</kw>
<kw name="Click Element" library="SeleniumLibrary">
<arg>xpath://*[@class="bv-item-container"]/div/div[1]/div/div[1]/div[1]/div[2]/button</arg>
<doc>Click the element identified by ``locator``.</doc>
<msg timestamp="20220825 10:51:10.721" level="INFO">Clicking element 'xpath://*[@class="bv-item-container"]/div/div[1]/div/div[1]/div[1]/div[2]/button'.</msg>
<status status="PASS" starttime="20220825 10:51:10.721" endtime="20220825 10:51:11.521"/>
</kw>
<kw name="Sleep" library="BuiltIn">
<arg>1s</arg>
<doc>Pauses the test executed for the given time.</doc>
<msg timestamp="20220825 10:51:12.527" level="INFO">Slept 1 second</msg>
<status status="PASS" starttime="20220825 10:51:11.521" endtime="20220825 10:51:12.527"/>
</kw>
<kw name="Get Element Count" library="SeleniumLibrary">
<var>${CountProducts1}</var>
<arg>xpath://*[@class="bv-item-container"]/div/div[1]/div/div[1]/div[1]/div[2]/button</arg>
<doc>Returns the number of elements matching ``locator``.</doc>
<msg timestamp="20220825 10:51:12.548" level="INFO">${CountProducts1} = 0</msg>
<status status="PASS" starttime="20220825 10:51:12.527" endtime="20220825 10:51:12.548"/>
</kw>
<if>
<branch type="IF" condition="${CountProducts1}==1">
<kw name="Click Element" library="SeleniumLibrary">
<arg>xpath://*[@class="bv-item-container"]/div/div[1]/div/div[1]/div[1]/div[2]/button</arg>
<doc>Click the element identified by ``locator``.</doc>
<status status="NOT RUN" starttime="20220825 10:51:12.550" endtime="20220825 10:51:12.550"/>
</kw>
<status status="NOT RUN" starttime="20220825 10:51:12.548" endtime="20220825 10:51:12.550"/>
</branch>
<status status="PASS" starttime="20220825 10:51:12.548" endtime="20220825 10:51:12.550"/>
</if>
<kw name="Wait Until Element Is Visible" library="SeleniumLibrary">
<arg>xpath://*[text()="Add to Quote"]</arg>
<arg>90s</arg>
<doc>Waits until the element ``locator`` is visible.</doc>
<status status="PASS" starttime="20220825 10:51:12.551" endtime="20220825 10:51:12.584"/>
</kw>
<kw name="Click Element" library="SeleniumLibrary">
<arg>xpath://*[text()="Add to Quote"]</arg>
<doc>Click the element identified by ``locator``.</doc>
<msg timestamp="20220825 10:51:12.584" level="INFO">Clicking element 'xpath://*[text()="Add to Quote"]'.</msg>
<status status="PASS" starttime="20220825 10:51:12.584" endtime="20220825 10:51:13.120"/>
</kw>
<kw name="Get Element Count" library="SeleniumLibrary">
<var>${CountProducts}</var>
<arg>xpath://*[contains(text(),"Product info")]</arg>
<doc>Returns the number of elements matching ``locator``.</doc>
<msg timestamp="20220825 10:51:13.286" level="INFO">${CountProducts} = 0</msg>
<status status="PASS" starttime="20220825 10:51:13.120" endtime="20220825 10:51:13.286"/>
</kw>
<if>
<branch type="IF" condition="${CountProducts}&gt;0">
<kw name="Click Element" library="SeleniumLibrary">
<arg>xpath://*[text()="Add to Quote"]</arg>
<doc>Click the element identified by ``locator``.</doc>
<status status="NOT RUN" starttime="20220825 10:51:13.286" endtime="20220825 10:51:13.286"/>
</kw>
<status status="NOT RUN" starttime="20220825 10:51:13.286" endtime="20220825 10:51:13.286"/>
</branch>
<status status="PASS" starttime="20220825 10:51:13.286" endtime="20220825 10:51:13.286"/>
</if>
<kw name="Wait Until Page Does Not Contain Element" library="SeleniumLibrary">
<arg>xpath://*[contains(text(),"Product info")]</arg>
<arg>50s</arg>
<doc>Waits until the element ``locator`` disappears from the current page.</doc>
<status status="PASS" starttime="20220825 10:51:13.286" endtime="20220825 10:51:13.311"/>
</kw>
<status status="PASS" starttime="20220825 10:51:10.209" endtime="20220825 10:51:13.311"/>
</kw>
<kw name="Wait Until Page Does Not Contain Element" library="SeleniumLibrary">
<arg>xpath://*[contains(text(),"Additional Tap Hole")]</arg>
<arg>50s</arg>
<doc>Waits until the element ``locator`` disappears from the current page.</doc>
<status status="PASS" starttime="20220825 10:51:13.311" endtime="20220825 10:51:13.339"/>
</kw>
<kw name="Click Element" library="SeleniumLibrary">
<arg>xpath://*[text()="Add to Quote"]</arg>
<doc>Click the element identified by ``locator``.</doc>
<msg timestamp="20220825 10:51:13.339" level="INFO">Clicking element 'xpath://*[text()="Add to Quote"]'.</msg>
<status status="PASS" starttime="20220825 10:51:13.339" endtime="20220825 10:51:13.807"/>
</kw>
<kw name="Click Element" library="SeleniumLibrary">
<arg>xpath://*[text()="Add to Quote"]</arg>
<doc>Click the element identified by ``locator``.</doc>
<msg timestamp="20220825 10:51:13.808" level="INFO">Clicking element 'xpath://*[text()="Add to Quote"]'.</msg>
<status status="PASS" starttime="20220825 10:51:13.807" endtime="20220825 10:51:14.236"/>
</kw>
<kw name="Click Element" library="SeleniumLibrary">
<arg>xpath://*[text()="Add to Quote"]</arg>
<doc>Click the element identified by ``locator``.</doc>
<msg timestamp="20220825 10:51:14.236" level="INFO">Clicking element 'xpath://*[text()="Add to Quote"]'.</msg>
<status status="PASS" starttime="20220825 10:51:14.236" endtime="20220825 10:51:15.011"/>
</kw>
<kw name="Click Element" library="SeleniumLibrary">
<arg>xpath://*[text()="Save Quote"]</arg>
<doc>Click the element identified by ``locator``.</doc>
<msg timestamp="20220825 10:51:15.016" level="INFO">Clicking element 'xpath://*[text()="Save Quote"]'.</msg>
<status status="PASS" starttime="20220825 10:51:15.015" endtime="20220825 10:51:15.375"/>
</kw>
<status status="PASS" starttime="20220825 10:49:50.141" endtime="20220825 10:51:15.375"/>
</kw>
<kw name="Capture Page Screenshot" library="SeleniumLibrary">
<doc>Takes a screenshot of the current page and embeds it into a log file.</doc>
<msg timestamp="20220825 10:51:15.973" level="INFO" html="true">&lt;/td&gt;&lt;/tr&gt;&lt;tr&gt;&lt;td colspan="3"&gt;&lt;a href="selenium-screenshot-1054.png"&gt;&lt;img src="selenium-screenshot-1054.png" width="800px"&gt;&lt;/a&gt;</msg>
<status status="PASS" starttime="20220825 10:51:15.380" endtime="20220825 10:51:15.973"/>
</kw>
<kw name="Get Text" library="SeleniumLibrary">
<var>${Total_Exc}</var>
<arg>xpath:(//*[@class="dcart-column__value"])[1]</arg>
<doc>Returns the text value of the element identified by ``locator``.</doc>
<msg timestamp="20220825 10:51:16.026" level="INFO">${Total_Exc} = $168.40</msg>
<status status="PASS" starttime="20220825 10:51:15.973" endtime="20220825 10:51:16.026"/>
</kw>
<kw name="Set Variable" library="BuiltIn">
<var>${Total_Inc}</var>
<arg>000</arg>
<doc>Returns the given values which can then be assigned to a variables.</doc>
<msg timestamp="20220825 10:51:16.026" level="INFO">${Total_Inc} = 000</msg>
<status status="PASS" starttime="20220825 10:51:16.026" endtime="20220825 10:51:16.026"/>
</kw>
<kw name="Substringg" library="functions">
<var>${Total_Exc}</var>
<arg>${Total_Exc}</arg>
<msg timestamp="20220825 10:51:16.029" level="INFO">${Total_Exc} = 168.40</msg>
<status status="PASS" starttime="20220825 10:51:16.026" endtime="20220825 10:51:16.030"/>
</kw>
<kw name="Multiple 10" library="functions">
<var>${Total_Exc}</var>
<arg>${Total_Exc}</arg>
<msg timestamp="20220825 10:51:16.030" level="INFO">${Total_Exc} = 1684.0</msg>
<status status="PASS" starttime="20220825 10:51:16.030" endtime="20220825 10:51:16.030"/>
</kw>
<kw name="Process2 (one room &amp; product)" library="Create Qoute">
<kw name="Sleep" library="BuiltIn">
<arg>2s</arg>
<doc>Pauses the test executed for the given time.</doc>
<msg timestamp="20220825 10:51:18.046" level="INFO">Slept 2 seconds</msg>
<status status="PASS" starttime="20220825 10:51:16.030" endtime="20220825 10:51:18.046"/>
</kw>
<kw name="Choose Customer" library="Create Qoute">
<kw name="Get Element Count" library="SeleniumLibrary">
<var>${CountProducts}</var>
<arg>xpath://span[text()="customer"]/parent::div/following-sibling::div/div/li</arg>
<doc>Returns the number of elements matching ``locator``.</doc>
<msg timestamp="20220825 10:51:18.073" level="INFO">${CountProducts} = 1</msg>
<status status="PASS" starttime="20220825 10:51:18.046" endtime="20220825 10:51:18.073"/>
</kw>
<if>
<branch type="IF" condition="${CountProducts}==0">
<kw name="Click Element" library="SeleniumLibrary">
<arg>xpath://*[text()="Add Customer"]</arg>
<doc>Click the element identified by ``locator``.</doc>
<status status="NOT RUN" starttime="20220825 10:51:18.073" endtime="20220825 10:51:18.073"/>
</kw>
<kw name="Input Text" library="SeleniumLibrary">
<arg>firstName</arg>
<arg>Automated</arg>
<doc>Types the given ``text`` into the text field identified by ``locator``.</doc>
<status status="NOT RUN" starttime="20220825 10:51:18.073" endtime="20220825 10:51:18.073"/>
</kw>
<kw name="Input Text" library="SeleniumLibrary">
<arg>lastName</arg>
<arg>Test</arg>
<doc>Types the given ``text`` into the text field identified by ``locator``.</doc>
<status status="NOT RUN" starttime="20220825 10:51:18.073" endtime="20220825 10:51:18.073"/>
</kw>
<kw name="Input Text" library="SeleniumLibrary">
<arg>city</arg>
<arg>${CityInput}</arg>
<doc>Types the given ``text`` into the text field identified by ``locator``.</doc>
<status status="NOT RUN" starttime="20220825 10:51:18.073" endtime="20220825 10:51:18.073"/>
</kw>
<kw name="Input Text" library="SeleniumLibrary">
<arg>state</arg>
<arg>Australian Capital Territory</arg>
<doc>Types the given ``text`` into the text field identified by ``locator``.</doc>
<status status="NOT RUN" starttime="20220825 10:51:18.073" endtime="20220825 10:51:18.073"/>
</kw>
<status status="NOT RUN" starttime="20220825 10:51:18.073" endtime="20220825 10:51:18.073"/>
</branch>
<branch type="ELSE IF" condition="${CountProducts}&gt;0">
<kw name="Click Element" library="SeleniumLibrary">
<arg>xpath://*[text()="customer"]/parent::div/parent::div/div[2]/div/li[${CountProducts}]</arg>
<doc>Click the element identified by ``locator``.</doc>
<msg timestamp="20220825 10:51:18.073" level="INFO">Clicking element 'xpath://*[text()="customer"]/parent::div/parent::div/div[2]/div/li[1]'.</msg>
<status status="PASS" starttime="20220825 10:51:18.073" endtime="20220825 10:51:18.389"/>
</kw>
<status status="PASS" starttime="20220825 10:51:18.073" endtime="20220825 10:51:18.389"/>
</branch>
<status status="PASS" starttime="20220825 10:51:18.073" endtime="20220825 10:51:18.389"/>
</if>
<status status="PASS" starttime="20220825 10:51:18.046" endtime="20220825 10:51:18.389"/>
</kw>
<kw name="Save Qoute" library="Create Qoute">
<kw name="Get Title" library="SeleniumLibrary">
<var>${url}</var>
<doc>Returns the title of the current page.</doc>
<msg timestamp="20220825 10:51:18.398" level="INFO">${url} = Quote</msg>
<status status="PASS" starttime="20220825 10:51:18.389" endtime="20220825 10:51:18.398"/>
</kw>
<kw name="Click Element" library="SeleniumLibrary">
<arg>xpath:(//*[text()="Save Quote"])[2]</arg>
<doc>Click the element identified by ``locator``.</doc>
<msg timestamp="20220825 10:51:18.398" level="INFO">Clicking element 'xpath:(//*[text()="Save Quote"])[2]'.</msg>
<status status="PASS" starttime="20220825 10:51:18.398" endtime="20220825 10:51:18.662"/>
</kw>
<kw name="Wait Until Page Contains Element" library="SeleniumLibrary">
<arg>xpath://*[text()="View &amp; Process Job"]</arg>
<arg>100s</arg>
<doc>Waits until the element ``locator`` appears on the current page.</doc>
<status status="PASS" starttime="20220825 10:51:18.663" endtime="20220825 10:51:23.486"/>
</kw>
<kw name="Switch Window" library="SeleniumLibrary">
<arg>${url}</arg>
<doc>Switches to browser window matching ``locator``.</doc>
<status status="PASS" starttime="20220825 10:51:23.486" endtime="20220825 10:51:23.541"/>
</kw>
<status status="PASS" starttime="20220825 10:51:18.389" endtime="20220825 10:51:23.541"/>
</kw>
<kw name="Select Frame" library="SeleniumLibrary">
<arg>//iframe[@class="canvasIframe"]</arg>
<doc>Sets frame identified by ``locator`` as the current frame.</doc>
<msg timestamp="20220825 10:51:23.542" level="INFO">Selecting frame '//iframe[@class="canvasIframe"]'.</msg>
<status status="PASS" starttime="20220825 10:51:23.542" endtime="20220825 10:51:23.620"/>
</kw>
<kw name="Select Frame" library="SeleniumLibrary">
<arg>//iframe[@title="Canvas IFrame for application QuoteCountertops."]</arg>
<doc>Sets frame identified by ``locator`` as the current frame.</doc>
<msg timestamp="20220825 10:51:23.621" level="INFO">Selecting frame '//iframe[@title="Canvas IFrame for application QuoteCountertops."]'.</msg>
<status status="PASS" starttime="20220825 10:51:23.620" endtime="20220825 10:51:23.665"/>
</kw>
<kw name="Select Frame" library="SeleniumLibrary">
<arg>//iframe[@title="QuoteCountertops"]</arg>
<doc>Sets frame identified by ``locator`` as the current frame.</doc>
<msg timestamp="20220825 10:51:23.665" level="INFO">Selecting frame '//iframe[@title="QuoteCountertops"]'.</msg>
<status status="PASS" starttime="20220825 10:51:23.665" endtime="20220825 10:51:23.711"/>
</kw>
<kw name="Wait Until Page Contains Element" library="SeleniumLibrary">
<arg>xpath://*[text()="View &amp; Process Job"]</arg>
<arg>60s</arg>
<doc>Waits until the element ``locator`` appears on the current page.</doc>
<status status="PASS" starttime="20220825 10:51:23.711" endtime="20220825 10:51:23.735"/>
</kw>
<kw name="Click Element" library="SeleniumLibrary">
<arg>xpath://*[text()="View &amp; Process Job"]</arg>
<doc>Click the element identified by ``locator``.</doc>
<msg timestamp="20220825 10:51:23.735" level="INFO">Clicking element 'xpath://*[text()="View &amp; Process Job"]'.</msg>
<status status="PASS" starttime="20220825 10:51:23.735" endtime="20220825 10:51:23.988"/>
</kw>
<kw name="Capture Page Screenshot" library="SeleniumLibrary">
<doc>Takes a screenshot of the current page and embeds it into a log file.</doc>
<msg timestamp="20220825 10:51:24.544" level="INFO" html="true">&lt;/td&gt;&lt;/tr&gt;&lt;tr&gt;&lt;td colspan="3"&gt;&lt;a href="selenium-screenshot-1055.png"&gt;&lt;img src="selenium-screenshot-1055.png" width="800px"&gt;&lt;/a&gt;</msg>
<status status="PASS" starttime="20220825 10:51:23.989" endtime="20220825 10:51:24.544"/>
</kw>
<status status="PASS" starttime="20220825 10:51:16.030" endtime="20220825 10:51:24.544"/>
</kw>
<kw name="Sleep" library="BuiltIn">
<arg>35s</arg>
<doc>Pauses the test executed for the given time.</doc>
<msg timestamp="20220825 10:51:59.546" level="INFO">Slept 35 seconds</msg>
<status status="PASS" starttime="20220825 10:51:24.545" endtime="20220825 10:51:59.546"/>
</kw>
<kw name="Reload Page" library="SeleniumLibrary">
<doc>Simulates user reloading page.</doc>
<status status="PASS" starttime="20220825 10:51:59.547" endtime="20220825 10:51:59.558"/>
</kw>
<kw name="Wait Until Page Contains Element" library="SeleniumLibrary">
<arg>xpath://*[text()="Job"]</arg>
<arg>30s</arg>
<doc>Waits until the element ``locator`` appears on the current page.</doc>
<status status="PASS" starttime="20220825 10:51:59.559" endtime="20220825 10:52:04.780"/>
</kw>
<kw name="Check Price" library="EditeRemoveCreateQC">
<arg>${Total_Inc}</arg>
<arg>${Total_Exc}</arg>
<kw name="Wait Until Page Contains Element" library="SeleniumLibrary">
<arg>xpath://*[text()="Job Details"]</arg>
<arg>50s</arg>
<doc>Waits until the element ``locator`` appears on the current page.</doc>
<status status="PASS" starttime="20220825 10:52:04.780" endtime="20220825 10:52:04.805"/>
</kw>
<kw name="Get Text" library="SeleniumLibrary">
<var>${CURJOB}</var>
<arg>//div[text()="Job"]/parent::h1/div/span</arg>
<doc>Returns the text value of the element identified by ``locator``.</doc>
<msg timestamp="20220825 10:52:04.847" level="INFO">${CURJOB} = JOB-17171</msg>
<status status="PASS" starttime="20220825 10:52:04.805" endtime="20220825 10:52:04.847"/>
</kw>
<kw name="Sleep" library="BuiltIn">
<arg>5s</arg>
<doc>Pauses the test executed for the given time.</doc>
<msg timestamp="20220825 10:52:09.858" level="INFO">Slept 5 seconds</msg>
<status status="PASS" starttime="20220825 10:52:04.847" endtime="20220825 10:52:09.858"/>
</kw>
<kw name="Click Search CaesarStone Page" library="Common">
<arg>${CURJOB}</arg>
<kw name="Reload Page" library="SeleniumLibrary">
<doc>Simulates user reloading page.</doc>
<status status="PASS" starttime="20220825 10:52:09.858" endtime="20220825 10:52:09.866"/>
</kw>
<kw name="Wait Until Page Contains Element" library="SeleniumLibrary">
<arg>xpath://*[@class="slds-button slds-no-space slds-m-bottom_xx-small"]</arg>
<arg>60s</arg>
<doc>Waits until the element ``locator`` appears on the current page.</doc>
<status status="PASS" starttime="20220825 10:52:09.866" endtime="20220825 10:52:12.571"/>
</kw>
<kw name="Wait Until Element Is Enabled" library="SeleniumLibrary">
<arg>xpath://*[@class="slds-button slds-no-space slds-m-bottom_xx-small"]</arg>
<arg>60s</arg>
<doc>Waits until the element ``locator`` is enabled.</doc>
<status status="PASS" starttime="20220825 10:52:12.571" endtime="20220825 10:52:12.627"/>
</kw>
<kw name="Wait Until Element Is Visible" library="SeleniumLibrary">
<arg>xpath://*[@class="slds-button slds-no-space slds-m-bottom_xx-small"]</arg>
<arg>60s</arg>
<doc>Waits until the element ``locator`` is visible.</doc>
<status status="PASS" starttime="20220825 10:52:12.627" endtime="20220825 10:52:12.663"/>
</kw>
<kw name="Sleep" library="BuiltIn">
<arg>5.5s</arg>
<doc>Pauses the test executed for the given time.</doc>
<msg timestamp="20220825 10:52:18.164" level="INFO">Slept 5 seconds 500 milliseconds</msg>
<status status="PASS" starttime="20220825 10:52:12.663" endtime="20220825 10:52:18.165"/>
</kw>
<kw name="Wait Until Element Is Enabled" library="SeleniumLibrary">
<arg>xpath:(//*[@data-key="search"]/parent::lightning-primitive-icon)[1]</arg>
<arg>60s</arg>
<doc>Waits until the element ``locator`` is enabled.</doc>
<status status="PASS" starttime="20220825 10:52:18.165" endtime="20220825 10:52:18.219"/>
</kw>
<kw name="Mouse Down" library="SeleniumLibrary">
<arg>xpath:(//*[@data-key="search"]/parent::lightning-primitive-icon)[1]</arg>
<doc>Simulates pressing the left mouse button on the element ``locator``.</doc>
<msg timestamp="20220825 10:52:18.219" level="INFO">Simulating Mouse Down on element 'xpath:(//*[@data-key="search"]/parent::lightning-primitive-icon)[1]'.</msg>
<status status="PASS" starttime="20220825 10:52:18.219" endtime="20220825 10:52:18.519"/>
</kw>
<kw name="Mouse Up" library="SeleniumLibrary">
<arg>xpath:(//*[@data-key="search"]/parent::lightning-primitive-icon)[1]</arg>
<doc>Simulates releasing the left mouse button on the element ``locator``.</doc>
<msg timestamp="20220825 10:52:18.519" level="INFO">Simulating Mouse Up on element 'xpath:(//*[@data-key="search"]/parent::lightning-primitive-icon)[1]'.</msg>
<status status="PASS" starttime="20220825 10:52:18.519" endtime="20220825 10:52:18.853"/>
</kw>
<kw name="Sleep" library="BuiltIn">
<arg>1s</arg>
<doc>Pauses the test executed for the given time.</doc>
<msg timestamp="20220825 10:52:19.865" level="INFO">Slept 1 second</msg>
<status status="PASS" starttime="20220825 10:52:18.853" endtime="20220825 10:52:19.865"/>
</kw>
<kw name="Input Text" library="SeleniumLibrary">
<arg>//*[@aria-label="Search..."]</arg>
<arg>${CURJOB}</arg>
<doc>Types the given ``text`` into the text field identified by ``locator``.</doc>
<msg timestamp="20220825 10:52:19.865" level="INFO">Typing text 'JOB-17171' into text field '//*[@aria-label="Search..."]'.</msg>
<status status="PASS" starttime="20220825 10:52:19.865" endtime="20220825 10:52:20.064"/>
</kw>
<kw name="Click Element" library="SeleniumLibrary">
<arg>xpath://*[@title="Search"]</arg>
<doc>Click the element identified by ``locator``.</doc>
<msg timestamp="20220825 10:52:20.064" level="INFO">Clicking element 'xpath://*[@title="Search"]'.</msg>
<status status="PASS" starttime="20220825 10:52:20.064" endtime="20220825 10:52:20.192"/>
</kw>
<kw name="Sleep" library="BuiltIn">
<arg>2s</arg>
<doc>Pauses the test executed for the given time.</doc>
<msg timestamp="20220825 10:52:22.200" level="INFO">Slept 2 seconds</msg>
<status status="PASS" starttime="20220825 10:52:20.193" endtime="20220825 10:52:22.200"/>
</kw>
<kw name="Wait Until Page Contains Element" library="SeleniumLibrary">
<arg>xpath://*[contains(text(),"${CURJOB}")]</arg>
<arg>60s</arg>
<doc>Waits until the element ``locator`` appears on the current page.</doc>
<status status="PASS" starttime="20220825 10:52:22.200" endtime="20220825 10:52:22.221"/>
</kw>
<kw name="Wait Until Element Is Enabled" library="SeleniumLibrary">
<arg>xpath://*[contains(text(),"${CURJOB}")]</arg>
<arg>60s</arg>
<doc>Waits until the element ``locator`` is enabled.</doc>
<status status="PASS" starttime="20220825 10:52:22.221" endtime="20220825 10:52:22.260"/>
</kw>
<kw name="Sleep" library="BuiltIn">
<arg>2s</arg>
<doc>Pauses the test executed for the given time.</doc>
<msg timestamp="20220825 10:52:24.267" level="INFO">Slept 2 seconds</msg>
<status status="PASS" starttime="20220825 10:52:22.260" endtime="20220825 10:52:24.267"/>
</kw>
<kw name="Get Element Count" library="SeleniumLibrary">
<var>${CountProducts}</var>
<arg>xpath://*[contains(text(),"We searched for")]</arg>
<doc>Returns the number of elements matching ``locator``.</doc>
<msg timestamp="20220825 10:52:24.286" level="INFO">${CountProducts} = 0</msg>
<status status="PASS" starttime="20220825 10:52:24.267" endtime="20220825 10:52:24.286"/>
</kw>
<kw name="Capture Page Screenshot" library="SeleniumLibrary">
<doc>Takes a screenshot of the current page and embeds it into a log file.</doc>
<msg timestamp="20220825 10:52:24.639" level="INFO" html="true">&lt;/td&gt;&lt;/tr&gt;&lt;tr&gt;&lt;td colspan="3"&gt;&lt;a href="selenium-screenshot-1056.png"&gt;&lt;img src="selenium-screenshot-1056.png" width="800px"&gt;&lt;/a&gt;</msg>
<status status="PASS" starttime="20220825 10:52:24.286" endtime="20220825 10:52:24.639"/>
</kw>
<if>
<branch type="IF" condition="${CountProducts}==1">
<kw name="Capture Page Screenshot" library="SeleniumLibrary">
<doc>Takes a screenshot of the current page and embeds it into a log file.</doc>
<status status="NOT RUN" starttime="20220825 10:52:24.639" endtime="20220825 10:52:24.639"/>
</kw>
<kw name="Click Search CaesarStone Page" library="Common">
<arg>${CURJOB}</arg>
<status status="NOT RUN" starttime="20220825 10:52:24.639" endtime="20220825 10:52:24.639"/>
</kw>
<status status="NOT RUN" starttime="20220825 10:52:24.639" endtime="20220825 10:52:24.639"/>
</branch>
<status status="PASS" starttime="20220825 10:52:24.639" endtime="20220825 10:52:24.639"/>
</if>
<kw name="Get Element Count" library="SeleniumLibrary">
<var>${CountProducts}</var>
<arg>xpath://a[text()="${CURJOB}"]</arg>
<doc>Returns the number of elements matching ``locator``.</doc>
<msg timestamp="20220825 10:52:24.686" level="INFO">${CountProducts} = 1</msg>
<status status="PASS" starttime="20220825 10:52:24.639" endtime="20220825 10:52:24.686"/>
</kw>
<kw name="Capture Page Screenshot" library="SeleniumLibrary">
<doc>Takes a screenshot of the current page and embeds it into a log file.</doc>
<msg timestamp="20220825 10:52:25.111" level="INFO" html="true">&lt;/td&gt;&lt;/tr&gt;&lt;tr&gt;&lt;td colspan="3"&gt;&lt;a href="selenium-screenshot-1057.png"&gt;&lt;img src="selenium-screenshot-1057.png" width="800px"&gt;&lt;/a&gt;</msg>
<status status="PASS" starttime="20220825 10:52:24.686" endtime="20220825 10:52:25.111"/>
</kw>
<if>
<branch type="IF" condition="${CountProducts}==0">
<kw name="Capture Page Screenshot" library="SeleniumLibrary">
<doc>Takes a screenshot of the current page and embeds it into a log file.</doc>
<status status="NOT RUN" starttime="20220825 10:52:25.111" endtime="20220825 10:52:25.111"/>
</kw>
<kw name="Click Search CaesarStone Page" library="Common">
<arg>${CURJOB}</arg>
<status status="NOT RUN" starttime="20220825 10:52:25.111" endtime="20220825 10:52:25.111"/>
</kw>
<status status="NOT RUN" starttime="20220825 10:52:25.111" endtime="20220825 10:52:25.111"/>
</branch>
<status status="PASS" starttime="20220825 10:52:25.111" endtime="20220825 10:52:25.111"/>
</if>
<kw name="Wait Until Page Contains Element" library="SeleniumLibrary">
<arg>xpath://*[@title="${CURJOB}"]</arg>
<arg>60s</arg>
<doc>Waits until the element ``locator`` appears on the current page.</doc>
<status status="PASS" starttime="20220825 10:52:25.111" endtime="20220825 10:52:25.126"/>
</kw>
<kw name="Wait Until Element Is Visible" library="SeleniumLibrary">
<arg>xpath://*[@title="${CURJOB}"]</arg>
<arg>60s</arg>
<doc>Waits until the element ``locator`` is visible.</doc>
<status status="PASS" starttime="20220825 10:52:25.126" endtime="20220825 10:52:25.167"/>
</kw>
<kw name="Get Element Count" library="SeleniumLibrary">
<var>${CountProducts}</var>
<arg>xpath://a[text()="${CURJOB}"]</arg>
<doc>Returns the number of elements matching ``locator``.</doc>
<msg timestamp="20220825 10:52:25.180" level="INFO">${CountProducts} = 1</msg>
<status status="PASS" starttime="20220825 10:52:25.169" endtime="20220825 10:52:25.180"/>
</kw>
<kw name="Capture Page Screenshot" library="SeleniumLibrary">
<doc>Takes a screenshot of the current page and embeds it into a log file.</doc>
<msg timestamp="20220825 10:52:25.574" level="INFO" html="true">&lt;/td&gt;&lt;/tr&gt;&lt;tr&gt;&lt;td colspan="3"&gt;&lt;a href="selenium-screenshot-1058.png"&gt;&lt;img src="selenium-screenshot-1058.png" width="800px"&gt;&lt;/a&gt;</msg>
<status status="PASS" starttime="20220825 10:52:25.180" endtime="20220825 10:52:25.574"/>
</kw>
<kw name="Sleep" library="BuiltIn">
<arg>2s</arg>
<doc>Pauses the test executed for the given time.</doc>
<msg timestamp="20220825 10:52:27.593" level="INFO">Slept 2 seconds</msg>
<status status="PASS" starttime="20220825 10:52:25.574" endtime="20220825 10:52:27.593"/>
</kw>
<if>
<branch type="IF" condition="${CountProducts}==1">
<kw name="Wait Until Page Contains Element" library="SeleniumLibrary">
<arg>xpath://*[@title="${CURJOB}"]</arg>
<arg>60s</arg>
<doc>Waits until the element ``locator`` appears on the current page.</doc>
<status status="PASS" starttime="20220825 10:52:27.593" endtime="20220825 10:52:27.610"/>
</kw>
<kw name="Wait Until Element Is Visible" library="SeleniumLibrary">
<arg>xpath://*[@title="${CURJOB}"]</arg>
<arg>60s</arg>
<doc>Waits until the element ``locator`` is visible.</doc>
<status status="PASS" starttime="20220825 10:52:27.610" endtime="20220825 10:52:27.637"/>
</kw>
<kw name="Click Element" library="SeleniumLibrary">
<arg>xpath://*[@title="${CURJOB}"]</arg>
<doc>Click the element identified by ``locator``.</doc>
<msg timestamp="20220825 10:52:27.637" level="INFO">Clicking element 'xpath://*[@title="JOB-17171"]'.</msg>
<status status="PASS" starttime="20220825 10:52:27.637" endtime="20220825 10:52:27.826"/>
</kw>
<status status="PASS" starttime="20220825 10:52:27.593" endtime="20220825 10:52:27.826"/>
</branch>
<status status="PASS" starttime="20220825 10:52:27.593" endtime="20220825 10:52:27.826"/>
</if>
<status status="PASS" starttime="20220825 10:52:09.858" endtime="20220825 10:52:27.826"/>
</kw>
<kw name="Wait Until Page Contains Element" library="SeleniumLibrary">
<arg>xpath://*[text()="Total Retail Price Exc GST"]/parent::div/following-sibling::div/span/span</arg>
<arg>50s</arg>
<doc>Waits until the element ``locator`` appears on the current page.</doc>
<status status="PASS" starttime="20220825 10:52:27.826" endtime="20220825 10:52:29.138"/>
</kw>
<kw name="Sleep" library="BuiltIn">
<arg>7s</arg>
<doc>Pauses the test executed for the given time.</doc>
<msg timestamp="20220825 10:52:36.151" level="INFO">Slept 7 seconds</msg>
<status status="PASS" starttime="20220825 10:52:29.138" endtime="20220825 10:52:36.151"/>
</kw>
<kw name="Reload Page" library="SeleniumLibrary">
<doc>Simulates user reloading page.</doc>
<status status="PASS" starttime="20220825 10:52:36.151" endtime="20220825 10:52:36.154"/>
</kw>
<kw name="Sleep" library="BuiltIn">
<arg>7s</arg>
<doc>Pauses the test executed for the given time.</doc>
<msg timestamp="20220825 10:52:43.166" level="INFO">Slept 7 seconds</msg>
<status status="PASS" starttime="20220825 10:52:36.154" endtime="20220825 10:52:43.166"/>
</kw>
<kw name="Reload Page" library="SeleniumLibrary">
<doc>Simulates user reloading page.</doc>
<status status="PASS" starttime="20220825 10:52:43.166" endtime="20220825 10:52:43.166"/>
</kw>
<kw name="Wait Until Page Contains Element" library="SeleniumLibrary">
<arg>xpath://*[text()="Total Retail Price Exc GST"]/parent::div/following-sibling::div/span/span</arg>
<arg>50s</arg>
<doc>Waits until the element ``locator`` appears on the current page.</doc>
<status status="PASS" starttime="20220825 10:52:43.166" endtime="20220825 10:52:47.385"/>
</kw>
<kw name="Get Text" library="SeleniumLibrary">
<var>${var}</var>
<arg>xpath://*[text()="Total Retail Price Exc GST"]/parent::div/following-sibling::div/span/span</arg>
<doc>Returns the text value of the element identified by ``locator``.</doc>
<msg timestamp="20220825 10:52:47.450" level="INFO">${var} = AUD 0.00</msg>
<status status="PASS" starttime="20220825 10:52:47.385" endtime="20220825 10:52:47.450"/>
</kw>
<kw name="Product Price" library="functions">
<var>${Cur_Total_Exc}</var>
<arg>${var}</arg>
<msg timestamp="20220825 10:52:47.450" level="INFO">${Cur_Total_Exc} = 0.00</msg>
<status status="PASS" starttime="20220825 10:52:47.450" endtime="20220825 10:52:47.450"/>
</kw>
<kw name="Cut Comma" library="functions">
<var>${Cur_Total_Exc}</var>
<arg>${Cur_Total_Exc}</arg>
<msg timestamp="20220825 10:52:47.459" level="INFO">${Cur_Total_Exc} = 0.00</msg>
<status status="PASS" starttime="20220825 10:52:47.450" endtime="20220825 10:52:47.459"/>
</kw>
<kw name="Scroll Element Into View" library="SeleniumLibrary">
<arg>xpath://*[text()="Fabricator Comments"]</arg>
<doc>Scrolls the element identified by ``locator`` into view.</doc>
<status status="PASS" starttime="20220825 10:52:47.459" endtime="20220825 10:52:48.251"/>
</kw>
<kw name="Capture Page Screenshot" library="SeleniumLibrary">
<doc>Takes a screenshot of the current page and embeds it into a log file.</doc>
<msg timestamp="20220825 10:52:48.894" level="INFO" html="true">&lt;/td&gt;&lt;/tr&gt;&lt;tr&gt;&lt;td colspan="3"&gt;&lt;a href="selenium-screenshot-1059.png"&gt;&lt;img src="selenium-screenshot-1059.png" width="800px"&gt;&lt;/a&gt;</msg>
<status status="PASS" starttime="20220825 10:52:48.251" endtime="20220825 10:52:48.894"/>
</kw>
<kw name="Should Be True" library="BuiltIn">
<arg>${Total_Exc} == ${Cur_Total_Exc}</arg>
<doc>Fails if the given condition is not true.</doc>
<msg timestamp="20220825 10:52:48.894" level="FAIL">'1684.0 == 0.00' should be true.</msg>
<status status="FAIL" starttime="20220825 10:52:48.894" endtime="20220825 10:52:48.894"/>
</kw>
<status status="FAIL" starttime="20220825 10:52:04.780" endtime="20220825 10:52:48.894"/>
</kw>
<kw name="Varify Created Quote (one room &amp; product)" library="EditeRemoveCreateQC">
<status status="NOT RUN" starttime="20220825 10:52:48.900" endtime="20220825 10:52:48.900"/>
</kw>
<status status="FAIL" starttime="20220825 10:49:50.141" endtime="20220825 10:52:48.900">'1684.0 == 0.00' should be true.</status>
</test>
<kw name="Terminate Web Tests" library="Common" type="TEARDOWN">
<kw name="Sleep" library="BuiltIn">
<arg>5s</arg>
<doc>Pauses the test executed for the given time.</doc>
<msg timestamp="20220825 10:52:53.907" level="INFO">Slept 5 seconds</msg>
<status status="PASS" starttime="20220825 10:52:48.900" endtime="20220825 10:52:53.907"/>
</kw>
<kw name="Close Browser" library="SeleniumLibrary">
<doc>Closes the current browser.</doc>
<status status="PASS" starttime="20220825 10:52:53.908" endtime="20220825 10:52:56.286"/>
</kw>
<status status="PASS" starttime="20220825 10:52:48.900" endtime="20220825 10:52:56.286"/>
</kw>
<doc>Creation Simple Quote (QC) (1 room,1 product)</doc>
<status status="FAIL" starttime="20220825 10:49:35.054" endtime="20220825 10:52:56.286"/>
</suite>
<suite id="s1-s2" name="CreateQuickQuote" source="C:\Users\abeer.hasan\Desktop\CaesarStone-Prod\Tests\CreateQuickQuote.robot">
<kw name="Initiate Web Tests" library="Login Retailer" type="SETUP">
<arg>${BROWSER}</arg>
<arg>${BROWSER_OPTIONS}</arg>
<kw name="Begin Web Test" library="Common">
<arg>${Browser}</arg>
<arg>${Options}</arg>
<kw name="Open Browser" library="SeleniumLibrary">
<arg>about:blank</arg>
<arg>${Browser}</arg>
<arg>options=${Options}</arg>
<doc>Opens a new browser instance to the optional ``url``.</doc>
<msg timestamp="20220825 10:52:56.364" level="INFO">Opening browser 'chrome' to base url 'about:blank'.</msg>
<status status="PASS" starttime="20220825 10:52:56.356" endtime="20220825 10:52:58.414"/>
</kw>
<status status="PASS" starttime="20220825 10:52:56.356" endtime="20220825 10:52:58.414"/>
</kw>
<kw name="Login To CSpartial" library="Login Retailer">
<kw name="Read Input" library="functions">
<var>${cspartial login_page}</var>
<arg>2</arg>
<arg>1</arg>
<msg timestamp="20220825 10:52:58.423" level="INFO">${cspartial login_page} = https://caesarstone.my.salesforce.com/</msg>
<status status="PASS" starttime="20220825 10:52:58.414" endtime="20220825 10:52:58.423"/>
</kw>
<kw name="Read Input" library="functions">
<var>${login_username}</var>
<arg>2</arg>
<arg>2</arg>
<msg timestamp="20220825 10:52:58.440" level="INFO">${login_username} = sftestuser@caesarstone.com</msg>
<status status="PASS" starttime="20220825 10:52:58.423" endtime="20220825 10:52:58.440"/>
</kw>
<kw name="Read Input" library="functions">
<var>${login_password}</var>
<arg>2</arg>
<arg>3</arg>
<msg timestamp="20220825 10:52:58.456" level="INFO">${login_password} = 1q2w3e4r5t6y</msg>
<status status="PASS" starttime="20220825 10:52:58.440" endtime="20220825 10:52:58.456"/>
</kw>
<kw name="Go To" library="SeleniumLibrary">
<arg>${cspartial login_page}</arg>
<doc>Navigates the current browser window to the provided ``url``.</doc>
<msg timestamp="20220825 10:52:58.456" level="INFO">Opening url 'https://caesarstone.my.salesforce.com/'</msg>
<status status="PASS" starttime="20220825 10:52:58.456" endtime="20220825 10:52:59.612"/>
</kw>
<kw name="Get Window Size" library="SeleniumLibrary">
<var>${G}</var>
<doc>Returns current window width and height as integers.</doc>
<msg timestamp="20220825 10:52:59.619" level="INFO">${G} = (1360, 768)</msg>
<status status="PASS" starttime="20220825 10:52:59.612" endtime="20220825 10:52:59.619"/>
</kw>
<kw name="Wait Until Page Contains" library="SeleniumLibrary">
<arg>Forgot Your Password?</arg>
<doc>Waits until ``text`` appears on the current page.</doc>
<status status="PASS" starttime="20220825 10:52:59.619" endtime="20220825 10:52:59.636"/>
</kw>
<kw name="Execute Javascript" library="SeleniumLibrary">
<arg>document.getElementById('username').value="sftestuser@caesarstone.com"</arg>
<doc>Executes the given JavaScript code with possible arguments.</doc>
<msg timestamp="20220825 10:52:59.636" level="INFO">Executing JavaScript:
document.getElementById('username').value="sftestuser@caesarstone.com"
Without any arguments.</msg>
<status status="PASS" starttime="20220825 10:52:59.636" endtime="20220825 10:52:59.654"/>
</kw>
<kw name="Capture Page Screenshot" library="SeleniumLibrary">
<doc>Takes a screenshot of the current page and embeds it into a log file.</doc>
<msg timestamp="20220825 10:52:59.956" level="INFO" html="true">&lt;/td&gt;&lt;/tr&gt;&lt;tr&gt;&lt;td colspan="3"&gt;&lt;a href="selenium-screenshot-1060.png"&gt;&lt;img src="selenium-screenshot-1060.png" width="800px"&gt;&lt;/a&gt;</msg>
<status status="PASS" starttime="20220825 10:52:59.654" endtime="20220825 10:52:59.956"/>
</kw>
<kw name="Execute Javascript" library="SeleniumLibrary">
<arg>document.getElementById('password').value="1q2w3e4r5t6y"</arg>
<doc>Executes the given JavaScript code with possible arguments.</doc>
<msg timestamp="20220825 10:52:59.957" level="INFO">Executing JavaScript:
document.getElementById('password').value="1q2w3e4r5t6y"
Without any arguments.</msg>
<status status="PASS" starttime="20220825 10:52:59.956" endtime="20220825 10:53:00.321"/>
</kw>
<kw name="Capture Page Screenshot" library="SeleniumLibrary">
<doc>Takes a screenshot of the current page and embeds it into a log file.</doc>
<msg timestamp="20220825 10:53:00.722" level="INFO" html="true">&lt;/td&gt;&lt;/tr&gt;&lt;tr&gt;&lt;td colspan="3"&gt;&lt;a href="selenium-screenshot-1061.png"&gt;&lt;img src="selenium-screenshot-1061.png" width="800px"&gt;&lt;/a&gt;</msg>
<status status="PASS" starttime="20220825 10:53:00.321" endtime="20220825 10:53:00.722"/>
</kw>
<kw name="Get Window Size" library="SeleniumLibrary">
<var>${G}</var>
<doc>Returns current window width and height as integers.</doc>
<msg timestamp="20220825 10:53:00.726" level="INFO">${G} = (1360, 768)</msg>
<status status="PASS" starttime="20220825 10:53:00.722" endtime="20220825 10:53:00.726"/>
</kw>
<kw name="Click Element" library="SeleniumLibrary">
<arg>rememberUn</arg>
<doc>Click the element identified by ``locator``.</doc>
<msg timestamp="20220825 10:53:00.726" level="INFO">Clicking element 'rememberUn'.</msg>
<status status="PASS" starttime="20220825 10:53:00.726" endtime="20220825 10:53:00.838"/>
</kw>
<kw name="Capture Page Screenshot" library="SeleniumLibrary">
<doc>Takes a screenshot of the current page and embeds it into a log file.</doc>
<msg timestamp="20220825 10:53:01.306" level="INFO" html="true">&lt;/td&gt;&lt;/tr&gt;&lt;tr&gt;&lt;td colspan="3"&gt;&lt;a href="selenium-screenshot-1062.png"&gt;&lt;img src="selenium-screenshot-1062.png" width="800px"&gt;&lt;/a&gt;</msg>
<status status="PASS" starttime="20220825 10:53:00.838" endtime="20220825 10:53:01.306"/>
</kw>
<kw name="Click Button" library="SeleniumLibrary">
<arg>Login</arg>
<doc>Clicks the button identified by ``locator``.</doc>
<msg timestamp="20220825 10:53:01.306" level="INFO">Clicking button 'Login'.</msg>
<status status="PASS" starttime="20220825 10:53:01.306" endtime="20220825 10:53:02.656"/>
</kw>
<kw name="Wait Until Page Contains Element" library="SeleniumLibrary">
<arg>xpath://*[contains(text(),"Caesarstone")]</arg>
<arg>60s</arg>
<doc>Waits until the element ``locator`` appears on the current page.</doc>
<status status="PASS" starttime="20220825 10:53:02.656" endtime="20220825 10:53:11.235"/>
</kw>
<status status="PASS" starttime="20220825 10:52:58.414" endtime="20220825 10:53:11.235"/>
</kw>
<status status="PASS" starttime="20220825 10:52:56.356" endtime="20220825 10:53:11.235"/>
</kw>
<test id="s1-s2-t1" name="Create Quick Qoute one produst+room" line="36">
<kw name="Read Input" library="functions">
<var>${csConnectTest_Owner_aus1 page}</var>
<arg>2</arg>
<arg>5</arg>
<msg timestamp="20220825 10:53:11.251" level="INFO">${csConnectTest_Owner_aus1 page} = https://caesarstone.lightning.force.com/lightning/r/Contact/0033V00000QR1D0QAL/view</msg>
<status status="PASS" starttime="20220825 10:53:11.235" endtime="20220825 10:53:11.251"/>
</kw>
<kw name="Navigating To &quot;Experience As User&quot;" library="Common">
<arg>${csConnectTest_Owner_aus1 page}</arg>
<kw name="Navigate To To Giving Link Page" library="Common">
<arg>${User_Link}</arg>
<kw name="Go To" library="SeleniumLibrary">
<arg>${User_Link}</arg>
<doc>Navigates the current browser window to the provided ``url``.</doc>
<msg timestamp="20220825 10:53:11.251" level="INFO">Opening url 'https://caesarstone.lightning.force.com/lightning/r/Contact/0033V00000QR1D0QAL/view'</msg>
<status status="PASS" starttime="20220825 10:53:11.251" endtime="20220825 10:53:12.759"/>
</kw>
<kw name="Go To" library="SeleniumLibrary">
<arg>${User_Link}</arg>
<doc>Navigates the current browser window to the provided ``url``.</doc>
<msg timestamp="20220825 10:53:12.759" level="INFO">Opening url 'https://caesarstone.lightning.force.com/lightning/r/Contact/0033V00000QR1D0QAL/view'</msg>
<status status="PASS" starttime="20220825 10:53:12.759" endtime="20220825 10:53:13.939"/>
</kw>
<kw name="Wait Until Page Contains Element" library="SeleniumLibrary">
<arg>xpath://*[text()="Account Name"]</arg>
<arg>60s</arg>
<doc>Waits until the element ``locator`` appears on the current page.</doc>
<status status="PASS" starttime="20220825 10:53:13.939" endtime="20220825 10:53:16.539"/>
</kw>
<kw name="Wait Until Page Contains Element" library="SeleniumLibrary">
<arg>${ARROW&gt;Show more actions}</arg>
<arg>60s</arg>
<doc>Waits until the element ``locator`` appears on the current page.</doc>
<status status="PASS" starttime="20220825 10:53:16.539" endtime="20220825 10:53:17.125"/>
</kw>
<status status="PASS" starttime="20220825 10:53:11.251" endtime="20220825 10:53:17.125"/>
</kw>
<kw name="Login To Experience As User" library="Common">
<kw name="Wait Until Element Is Visible" library="SeleniumLibrary">
<arg>${ARROW&gt;Show more actions}</arg>
<arg>60s</arg>
<doc>Waits until the element ``locator`` is visible.</doc>
<status status="PASS" starttime="20220825 10:53:17.125" endtime="20220825 10:53:17.160"/>
</kw>
<kw name="Sleep" library="BuiltIn">
<arg>0.5s</arg>
<doc>Pauses the test executed for the given time.</doc>
<msg timestamp="20220825 10:53:17.677" level="INFO">Slept 500 milliseconds</msg>
<status status="PASS" starttime="20220825 10:53:17.160" endtime="20220825 10:53:17.677"/>
</kw>
<kw name="Click Button" library="SeleniumLibrary">
<arg>${ARROW&gt;Show more actions}</arg>
<doc>Clicks the button identified by ``locator``.</doc>
<msg timestamp="20220825 10:53:17.677" level="INFO">Clicking button 'xpath://*[@class="slds-button slds-button_icon-border-filled"]'.</msg>
<status status="PASS" starttime="20220825 10:53:17.677" endtime="20220825 10:53:17.865"/>
</kw>
<kw name="Get Element Count" library="SeleniumLibrary">
<var>${CountProducts}</var>
<arg>xpath://*[text()="Log in to Experience as User"]</arg>
<doc>Returns the number of elements matching ``locator``.</doc>
<msg timestamp="20220825 10:53:17.890" level="INFO">${CountProducts} = 1</msg>
<status status="PASS" starttime="20220825 10:53:17.865" endtime="20220825 10:53:17.890"/>
</kw>
<if>
<branch type="IF" condition="${CountProducts}==0">
<kw name="Click Element" library="SeleniumLibrary">
<arg>${ARROW&gt;Show more actions}</arg>
<doc>Click the element identified by ``locator``.</doc>
<status status="NOT RUN" starttime="20220825 10:53:17.893" endtime="20220825 10:53:17.893"/>
</kw>
<status status="NOT RUN" starttime="20220825 10:53:17.893" endtime="20220825 10:53:17.893"/>
</branch>
<status status="PASS" starttime="20220825 10:53:17.890" endtime="20220825 10:53:17.893"/>
</if>
<kw name="Wait Until Page Contains Element" library="SeleniumLibrary">
<arg>xpath://*[text()="Log in to Experience as User"]</arg>
<arg>60s</arg>
<doc>Waits until the element ``locator`` appears on the current page.</doc>
<status status="PASS" starttime="20220825 10:53:17.893" endtime="20220825 10:53:17.901"/>
</kw>
<kw name="Click Element" library="SeleniumLibrary">
<arg>${Log in to Experience as User}</arg>
<doc>Click the element identified by ``locator``.</doc>
<msg timestamp="20220825 10:53:17.901" level="INFO">Clicking element 'xpath://*[text()="Log in to Experience as User"]'.</msg>
<status status="PASS" starttime="20220825 10:53:17.901" endtime="20220825 10:53:18.008"/>
</kw>
<kw name="Wait Until Page Does Not Contain Element" library="SeleniumLibrary">
<arg>xpath://*[text()="Log in to Experience as User"]</arg>
<arg>30s</arg>
<doc>Waits until the element ``locator`` disappears from the current page.</doc>
<status status="PASS" starttime="20220825 10:53:18.008" endtime="20220825 10:53:23.195"/>
</kw>
<kw name="Get Element Count" library="SeleniumLibrary">
<var>${CountProducts}</var>
<arg>${ARROW&gt;Show more actions}</arg>
<doc>Returns the number of elements matching ``locator``.</doc>
<msg timestamp="20220825 10:53:23.204" level="INFO">${CountProducts} = 0</msg>
<status status="PASS" starttime="20220825 10:53:23.195" endtime="20220825 10:53:23.204"/>
</kw>
<if>
<branch type="IF" condition="${CountProducts}==1">
<kw name="Login To Experience As User" library="Common">
<status status="NOT RUN" starttime="20220825 10:53:23.204" endtime="20220825 10:53:23.204"/>
</kw>
<status status="NOT RUN" starttime="20220825 10:53:23.204" endtime="20220825 10:53:23.204"/>
</branch>
<status status="PASS" starttime="20220825 10:53:23.204" endtime="20220825 10:53:23.204"/>
</if>
<status status="PASS" starttime="20220825 10:53:17.125" endtime="20220825 10:53:23.204"/>
</kw>
<status status="PASS" starttime="20220825 10:53:11.251" endtime="20220825 10:53:23.204"/>
</kw>
<kw name="Clicking &quot;Create Quick Quote&quot; On Navbar" library="Create Quick Quote">
<kw name="Verify Being On &quot;Retailer&quot; Page" library="Create Quick Quote">
<kw name="Wait Until Page Contains Element" library="SeleniumLibrary">
<arg>xpath://*[contains(text(),"Create Quick Quote")]</arg>
<arg>100s</arg>
<doc>Waits until the element ``locator`` appears on the current page.</doc>
<status status="PASS" starttime="20220825 10:53:23.204" endtime="20220825 10:53:24.086"/>
</kw>
<status status="PASS" starttime="20220825 10:53:23.204" endtime="20220825 10:53:24.086"/>
</kw>
<kw name="Click Element" library="SeleniumLibrary">
<arg>xpath://*[@id="6"]</arg>
<doc>Click the element identified by ``locator``.</doc>
<msg timestamp="20220825 10:53:24.086" level="INFO">Clicking element 'xpath://*[@id="6"]'.</msg>
<status status="PASS" starttime="20220825 10:53:24.086" endtime="20220825 10:53:24.210"/>
</kw>
<kw name="Capture Page Screenshot" library="SeleniumLibrary">
<doc>Takes a screenshot of the current page and embeds it into a log file.</doc>
<msg timestamp="20220825 10:53:24.682" level="INFO" html="true">&lt;/td&gt;&lt;/tr&gt;&lt;tr&gt;&lt;td colspan="3"&gt;&lt;a href="selenium-screenshot-1063.png"&gt;&lt;img src="selenium-screenshot-1063.png" width="800px"&gt;&lt;/a&gt;</msg>
<status status="PASS" starttime="20220825 10:53:24.210" endtime="20220825 10:53:24.683"/>
</kw>
<kw name="Sleep" library="BuiltIn">
<arg>4s</arg>
<doc>Pauses the test executed for the given time.</doc>
<msg timestamp="20220825 10:53:28.687" level="INFO">Slept 4 seconds</msg>
<status status="PASS" starttime="20220825 10:53:24.683" endtime="20220825 10:53:28.687"/>
</kw>
<kw name="Get Element Count" library="SeleniumLibrary">
<var>${present}</var>
<arg>xpath://*[text()="Please fill in the consumer details"]</arg>
<doc>Returns the number of elements matching ``locator``.</doc>
<msg timestamp="20220825 10:53:28.705" level="INFO">${present} = 0</msg>
<status status="PASS" starttime="20220825 10:53:28.687" endtime="20220825 10:53:28.705"/>
</kw>
<if>
<branch type="IF" condition="${present}==0">
<kw name="Clicking &quot;Create Quick Quote&quot; On Navbar" library="Create Quick Quote">
<kw name="Verify Being On &quot;Retailer&quot; Page" library="Create Quick Quote">
<kw name="Wait Until Page Contains Element" library="SeleniumLibrary">
<arg>xpath://*[contains(text(),"Create Quick Quote")]</arg>
<arg>100s</arg>
<doc>Waits until the element ``locator`` appears on the current page.</doc>
<status status="PASS" starttime="20220825 10:53:28.705" endtime="20220825 10:53:28.727"/>
</kw>
<status status="PASS" starttime="20220825 10:53:28.705" endtime="20220825 10:53:28.727"/>
</kw>
<kw name="Click Element" library="SeleniumLibrary">
<arg>xpath://*[@id="6"]</arg>
<doc>Click the element identified by ``locator``.</doc>
<msg timestamp="20220825 10:53:28.727" level="INFO">Clicking element 'xpath://*[@id="6"]'.</msg>
<status status="PASS" starttime="20220825 10:53:28.727" endtime="20220825 10:53:28.864"/>
</kw>
<kw name="Capture Page Screenshot" library="SeleniumLibrary">
<doc>Takes a screenshot of the current page and embeds it into a log file.</doc>
<msg timestamp="20220825 10:53:29.281" level="INFO" html="true">&lt;/td&gt;&lt;/tr&gt;&lt;tr&gt;&lt;td colspan="3"&gt;&lt;a href="selenium-screenshot-1064.png"&gt;&lt;img src="selenium-screenshot-1064.png" width="800px"&gt;&lt;/a&gt;</msg>
<status status="PASS" starttime="20220825 10:53:28.864" endtime="20220825 10:53:29.281"/>
</kw>
<kw name="Sleep" library="BuiltIn">
<arg>4s</arg>
<doc>Pauses the test executed for the given time.</doc>
<msg timestamp="20220825 10:53:33.296" level="INFO">Slept 4 seconds</msg>
<status status="PASS" starttime="20220825 10:53:29.281" endtime="20220825 10:53:33.296"/>
</kw>
<kw name="Get Element Count" library="SeleniumLibrary">
<var>${present}</var>
<arg>xpath://*[text()="Please fill in the consumer details"]</arg>
<doc>Returns the number of elements matching ``locator``.</doc>
<msg timestamp="20220825 10:53:33.305" level="INFO">${present} = 1</msg>
<status status="PASS" starttime="20220825 10:53:33.296" endtime="20220825 10:53:33.305"/>
</kw>
<if>
<branch type="IF" condition="${present}==0">
<kw name="Clicking &quot;Create Quick Quote&quot; On Navbar" library="Create Quick Quote">
<status status="NOT RUN" starttime="20220825 10:53:33.305" endtime="20220825 10:53:33.305"/>
</kw>
<status status="NOT RUN" starttime="20220825 10:53:33.305" endtime="20220825 10:53:33.305"/>
</branch>
<status status="PASS" starttime="20220825 10:53:33.305" endtime="20220825 10:53:33.305"/>
</if>
<status status="PASS" starttime="20220825 10:53:28.705" endtime="20220825 10:53:33.305"/>
</kw>
<status status="PASS" starttime="20220825 10:53:28.705" endtime="20220825 10:53:33.305"/>
</branch>
<status status="PASS" starttime="20220825 10:53:28.705" endtime="20220825 10:53:33.313"/>
</if>
<status status="PASS" starttime="20220825 10:53:23.204" endtime="20220825 10:53:33.313"/>
</kw>
<kw name="Filling &quot;Customer Details&quot; Form" library="Create Quick Quote">
<kw name="Verify Being On &quot;Customer Details&quot; Page" library="Create Quick Quote">
<kw name="Wait Until Page Contains Element" library="SeleniumLibrary">
<arg>xpath://*[text()="Please fill in the consumer details"]</arg>
<arg>60s</arg>
<doc>Waits until the element ``locator`` appears on the current page.</doc>
<status status="PASS" starttime="20220825 10:53:33.313" endtime="20220825 10:53:33.328"/>
</kw>
<status status="PASS" starttime="20220825 10:53:33.313" endtime="20220825 10:53:33.329"/>
</kw>
<kw name="Input Text" library="SeleniumLibrary">
<arg>firstName</arg>
<arg>Automated</arg>
<doc>Types the given ``text`` into the text field identified by ``locator``.</doc>
<msg timestamp="20220825 10:53:33.330" level="INFO">Typing text 'Automated' into text field 'firstName'.</msg>
<status status="PASS" starttime="20220825 10:53:33.329" endtime="20220825 10:53:33.484"/>
</kw>
<kw name="Input Text" library="SeleniumLibrary">
<arg>lastName</arg>
<arg>Test</arg>
<doc>Types the given ``text`` into the text field identified by ``locator``.</doc>
<msg timestamp="20220825 10:53:33.484" level="INFO">Typing text 'Test' into text field 'lastName'.</msg>
<status status="PASS" starttime="20220825 10:53:33.484" endtime="20220825 10:53:33.624"/>
</kw>
<kw name="Execute Javascript" library="SeleniumLibrary">
<arg>document.getElementsByTagName('email').value="caesarstone.testing@gmail.com"</arg>
<doc>Executes the given JavaScript code with possible arguments.</doc>
<msg timestamp="20220825 10:53:33.632" level="INFO">Executing JavaScript:
document.getElementsByTagName('email').value="caesarstone.testing@gmail.com"
Without any arguments.</msg>
<status status="PASS" starttime="20220825 10:53:33.624" endtime="20220825 10:53:33.632"/>
</kw>
<kw name="Input Text" library="SeleniumLibrary">
<arg>phone</arg>
<arg>+1 586 789 9785</arg>
<doc>Types the given ``text`` into the text field identified by ``locator``.</doc>
<msg timestamp="20220825 10:53:33.640" level="INFO">Typing text '+1 586 789 9785' into text field 'phone'.</msg>
<status status="PASS" starttime="20220825 10:53:33.640" endtime="20220825 10:53:33.814"/>
</kw>
<kw name="Scroll Element Into View" library="SeleniumLibrary">
<arg>xpath://*[@name="country"]</arg>
<doc>Scrolls the element identified by ``locator`` into view.</doc>
<status status="PASS" starttime="20220825 10:53:33.814" endtime="20220825 10:53:34.134"/>
</kw>
<kw name="Click Element" library="SeleniumLibrary">
<arg>xpath://*[@name="country"]</arg>
<doc>Click the element identified by ``locator``.</doc>
<msg timestamp="20220825 10:53:34.134" level="INFO">Clicking element 'xpath://*[@name="country"]'.</msg>
<status status="PASS" starttime="20220825 10:53:34.134" endtime="20220825 10:53:34.247"/>
</kw>
<kw name="Click Element" library="SeleniumLibrary">
<arg>xpath://*[text()="Australia"]</arg>
<doc>Click the element identified by ``locator``.</doc>
<msg timestamp="20220825 10:53:34.247" level="INFO">Clicking element 'xpath://*[text()="Australia"]'.</msg>
<status status="PASS" starttime="20220825 10:53:34.247" endtime="20220825 10:53:34.329"/>
</kw>
<kw name="Input Text" library="SeleniumLibrary">
<arg>postalCode</arg>
<arg>123456</arg>
<doc>Types the given ``text`` into the text field identified by ``locator``.</doc>
<msg timestamp="20220825 10:53:34.329" level="INFO">Typing text '123456' into text field 'postalCode'.</msg>
<status status="PASS" starttime="20220825 10:53:34.329" endtime="20220825 10:53:34.521"/>
</kw>
<kw name="Sleep" library="BuiltIn">
<arg>1s</arg>
<doc>Pauses the test executed for the given time.</doc>
<msg timestamp="20220825 10:53:35.524" level="INFO">Slept 1 second</msg>
<status status="PASS" starttime="20220825 10:53:34.521" endtime="20220825 10:53:35.524"/>
</kw>
<kw name="Input Text" library="SeleniumLibrary">
<arg>xpath://*[@name="city"]</arg>
<arg>City</arg>
<doc>Types the given ``text`` into the text field identified by ``locator``.</doc>
<msg timestamp="20220825 10:53:35.524" level="INFO">Typing text 'City' into text field 'xpath://*[@name="city"]'.</msg>
<status status="PASS" starttime="20220825 10:53:35.524" endtime="20220825 10:53:35.673"/>
</kw>
<kw name="Click Element" library="SeleniumLibrary">
<arg>xpath://*[@name="province"]</arg>
<doc>Click the element identified by ``locator``.</doc>
<msg timestamp="20220825 10:53:35.673" level="INFO">Clicking element 'xpath://*[@name="province"]'.</msg>
<status status="PASS" starttime="20220825 10:53:35.673" endtime="20220825 10:53:35.786"/>
</kw>
<kw name="Scroll Element Into View" library="SeleniumLibrary">
<arg>xpath://*[@name="province"]</arg>
[...]
<kw name="Sleep" library="BuiltIn">
<arg>2s</arg>
<doc>Pauses the test executed for the given time.</doc>
<msg timestamp="20220825 11:06:58.663" level="INFO">Slept 2 seconds</msg>
<status status="PASS" starttime="20220825 11:06:56.657" endtime="20220825 11:06:58.663"/>
</kw>
<kw name="Wait Until Element Is Visible" library="SeleniumLibrary">
<arg>xpath:(//*[@class="ui-quantity-button ui-quantity-button--plus"])[1]</arg>
<arg>90s</arg>
<doc>Waits until the element ``locator`` is visible.</doc>
<status status="PASS" starttime="20220825 11:06:58.663" endtime="20220825 11:06:58.697"/>
</kw>
<kw name="Click Button" library="SeleniumLibrary">
<arg>xpath:(//*[@class="ui-quantity-button ui-quantity-button--plus"])[1]</arg>
<doc>Clicks the button identified by ``locator``.</doc>
<msg timestamp="20220825 11:06:58.697" level="INFO">Clicking button 'xpath:(//*[@class="ui-quantity-button ui-quantity-button--plus"])[1]'.</msg>
<status status="PASS" starttime="20220825 11:06:58.697" endtime="20220825 11:06:58.839"/>
</kw>
<kw name="Click Element" library="SeleniumLibrary">
<arg>xpath://*[text()="Add to Quote"]</arg>
<doc>Click the element identified by ``locator``.</doc>
<msg timestamp="20220825 11:06:58.839" level="INFO">Clicking element 'xpath://*[text()="Add to Quote"]'.</msg>
<status status="PASS" starttime="20220825 11:06:58.839" endtime="20220825 11:06:59.195"/>
</kw>
<kw name="Click Element" library="SeleniumLibrary">
<arg>xpath://*[text()="Save Quote"]</arg>
<doc>Click the element identified by ``locator``.</doc>
<msg timestamp="20220825 11:06:59.195" level="INFO">Clicking element 'xpath://*[text()="Save Quote"]'.</msg>
<status status="PASS" starttime="20220825 11:06:59.195" endtime="20220825 11:06:59.395"/>
</kw>
<kw name="Sleep" library="BuiltIn">
<arg>2s</arg>
<doc>Pauses the test executed for the given time.</doc>
<msg timestamp="20220825 11:07:01.398" level="INFO">Slept 2 seconds</msg>
<status status="PASS" starttime="20220825 11:06:59.395" endtime="20220825 11:07:01.398"/>
</kw>
<status status="PASS" starttime="20220825 11:06:56.657" endtime="20220825 11:07:01.398"/>
</kw>
<kw name="Capture Page Screenshot" library="SeleniumLibrary">
<doc>Takes a screenshot of the current page and embeds it into a log file.</doc>
<msg timestamp="20220825 11:07:01.679" level="INFO" html="true">&lt;/td&gt;&lt;/tr&gt;&lt;tr&gt;&lt;td colspan="3"&gt;&lt;a href="selenium-screenshot-1112.png"&gt;&lt;img src="selenium-screenshot-1112.png" width="800px"&gt;&lt;/a&gt;</msg>
<status status="PASS" starttime="20220825 11:07:01.398" endtime="20220825 11:07:01.679"/>
</kw>
<kw name="Get Text" library="SeleniumLibrary">
<var>${Total_Inc}</var>
<arg>xpath:(//*[@class="dcart-column__value"])[2]</arg>
<doc>Returns the text value of the element identified by ``locator``.</doc>
<msg timestamp="20220825 11:07:01.714" level="INFO">${Total_Inc} = $2355.10</msg>
<status status="PASS" starttime="20220825 11:07:01.679" endtime="20220825 11:07:01.714"/>
</kw>
<kw name="Get Text" library="SeleniumLibrary">
<var>${Total_Exc}</var>
<arg>xpath:(//*[@class="dcart-column__value"])[1]</arg>
<doc>Returns the text value of the element identified by ``locator``.</doc>
<msg timestamp="20220825 11:07:01.738" level="INFO">${Total_Exc} = $214.10</msg>
<status status="PASS" starttime="20220825 11:07:01.714" endtime="20220825 11:07:01.738"/>
</kw>
<kw name="Substringg" library="functions">
<var>${Total_Inc}</var>
<arg>${Total_Inc}</arg>
<msg timestamp="20220825 11:07:01.738" level="INFO">${Total_Inc} = 2355.10</msg>
<status status="PASS" starttime="20220825 11:07:01.738" endtime="20220825 11:07:01.738"/>
</kw>
<kw name="Substringg" library="functions">
<var>${Total_Exc}</var>
<arg>${Total_Exc}</arg>
<msg timestamp="20220825 11:07:01.738" level="INFO">${Total_Exc} = 214.10</msg>
<status status="PASS" starttime="20220825 11:07:01.738" endtime="20220825 11:07:01.738"/>
</kw>
<kw name="Multiple 10" library="functions">
<var>${Total_Exc}</var>
<arg>${Total_Exc}</arg>
<msg timestamp="20220825 11:07:01.738" level="INFO">${Total_Exc} = 2141.0</msg>
<status status="PASS" starttime="20220825 11:07:01.738" endtime="20220825 11:07:01.738"/>
</kw>
<kw name="Choose Customer" library="Create Qoute">
<kw name="Get Element Count" library="SeleniumLibrary">
<var>${CountProducts}</var>
<arg>xpath://span[text()="customer"]/parent::div/following-sibling::div/div/li</arg>
<doc>Returns the number of elements matching ``locator``.</doc>
<msg timestamp="20220825 11:07:01.752" level="INFO">${CountProducts} = 1</msg>
<status status="PASS" starttime="20220825 11:07:01.738" endtime="20220825 11:07:01.752"/>
</kw>
<if>
<branch type="IF" condition="${CountProducts}==0">
<kw name="Click Element" library="SeleniumLibrary">
<arg>xpath://*[text()="Add Customer"]</arg>
<doc>Click the element identified by ``locator``.</doc>
<status status="NOT RUN" starttime="20220825 11:07:01.752" endtime="20220825 11:07:01.752"/>
</kw>
<kw name="Input Text" library="SeleniumLibrary">
<arg>firstName</arg>
<arg>Automated</arg>
<doc>Types the given ``text`` into the text field identified by ``locator``.</doc>
<status status="NOT RUN" starttime="20220825 11:07:01.752" endtime="20220825 11:07:01.752"/>
</kw>
<kw name="Input Text" library="SeleniumLibrary">
<arg>lastName</arg>
<arg>Test</arg>
<doc>Types the given ``text`` into the text field identified by ``locator``.</doc>
<status status="NOT RUN" starttime="20220825 11:07:01.752" endtime="20220825 11:07:01.752"/>
</kw>
<kw name="Input Text" library="SeleniumLibrary">
<arg>city</arg>
<arg>${CityInput}</arg>
<doc>Types the given ``text`` into the text field identified by ``locator``.</doc>
<status status="NOT RUN" starttime="20220825 11:07:01.752" endtime="20220825 11:07:01.752"/>
</kw>
<kw name="Input Text" library="SeleniumLibrary">
<arg>state</arg>
<arg>Australian Capital Territory</arg>
<doc>Types the given ``text`` into the text field identified by ``locator``.</doc>
<status status="NOT RUN" starttime="20220825 11:07:01.752" endtime="20220825 11:07:01.752"/>
</kw>
<status status="NOT RUN" starttime="20220825 11:07:01.752" endtime="20220825 11:07:01.752"/>
</branch>
<branch type="ELSE IF" condition="${CountProducts}&gt;0">
<kw name="Click Element" library="SeleniumLibrary">
<arg>xpath://*[text()="customer"]/parent::div/parent::div/div[2]/div/li[${CountProducts}]</arg>
<doc>Click the element identified by ``locator``.</doc>
<msg timestamp="20220825 11:07:01.752" level="INFO">Clicking element 'xpath://*[text()="customer"]/parent::div/parent::div/div[2]/div/li[1]'.</msg>
<status status="PASS" starttime="20220825 11:07:01.752" endtime="20220825 11:07:01.893"/>
</kw>
<status status="PASS" starttime="20220825 11:07:01.752" endtime="20220825 11:07:01.893"/>
</branch>
<status status="PASS" starttime="20220825 11:07:01.752" endtime="20220825 11:07:01.893"/>
</if>
<status status="PASS" starttime="20220825 11:07:01.738" endtime="20220825 11:07:01.893"/>
</kw>
<kw name="Save Qoute" library="Create Qoute">
<kw name="Get Title" library="SeleniumLibrary">
<var>${url}</var>
<doc>Returns the title of the current page.</doc>
<msg timestamp="20220825 11:07:01.901" level="INFO">${url} = Quote</msg>
<status status="PASS" starttime="20220825 11:07:01.893" endtime="20220825 11:07:01.901"/>
</kw>
<kw name="Click Element" library="SeleniumLibrary">
<arg>xpath:(//*[text()="Save Quote"])[2]</arg>
<doc>Click the element identified by ``locator``.</doc>
<msg timestamp="20220825 11:07:01.901" level="INFO">Clicking element 'xpath:(//*[text()="Save Quote"])[2]'.</msg>
<status status="PASS" starttime="20220825 11:07:01.901" endtime="20220825 11:07:02.063"/>
</kw>
<kw name="Wait Until Page Contains Element" library="SeleniumLibrary">
<arg>xpath://*[text()="View &amp; Process Job"]</arg>
<arg>100s</arg>
<doc>Waits until the element ``locator`` appears on the current page.</doc>
<status status="PASS" starttime="20220825 11:07:02.063" endtime="20220825 11:07:10.480"/>
</kw>
<kw name="Switch Window" library="SeleniumLibrary">
<arg>${url}</arg>
<doc>Switches to browser window matching ``locator``.</doc>
<status status="PASS" starttime="20220825 11:07:10.480" endtime="20220825 11:07:10.499"/>
</kw>
<status status="PASS" starttime="20220825 11:07:01.893" endtime="20220825 11:07:10.499"/>
</kw>
<kw name="View &amp; Process Job" library="Create Qoute">
<kw name="Select Frame" library="SeleniumLibrary">
<arg>//iframe[@class="canvasIframe"]</arg>
<doc>Sets frame identified by ``locator`` as the current frame.</doc>
<msg timestamp="20220825 11:07:10.499" level="INFO">Selecting frame '//iframe[@class="canvasIframe"]'.</msg>
<status status="PASS" starttime="20220825 11:07:10.499" endtime="20220825 11:07:10.530"/>
</kw>
<kw name="Select Frame" library="SeleniumLibrary">
<arg>//iframe[@title="Canvas IFrame for application QuoteCountertops."]</arg>
<doc>Sets frame identified by ``locator`` as the current frame.</doc>
<msg timestamp="20220825 11:07:10.530" level="INFO">Selecting frame '//iframe[@title="Canvas IFrame for application QuoteCountertops."]'.</msg>
<status status="PASS" starttime="20220825 11:07:10.530" endtime="20220825 11:07:10.561"/>
</kw>
<kw name="Select Frame" library="SeleniumLibrary">
<arg>//iframe[@title="QuoteCountertops"]</arg>
<doc>Sets frame identified by ``locator`` as the current frame.</doc>
<msg timestamp="20220825 11:07:10.561" level="INFO">Selecting frame '//iframe[@title="QuoteCountertops"]'.</msg>
<status status="PASS" starttime="20220825 11:07:10.561" endtime="20220825 11:07:10.586"/>
</kw>
<kw name="QC CREATED" library="Create Qoute">
<kw name="Wait Until Page Contains Element" library="SeleniumLibrary">
<arg>xpath://*[text()="View &amp; Process Job"]</arg>
<arg>60s</arg>
<doc>Waits until the element ``locator`` appears on the current page.</doc>
<status status="PASS" starttime="20220825 11:07:10.586" endtime="20220825 11:07:10.595"/>
</kw>
<kw name="Click Element" library="SeleniumLibrary">
<arg>xpath://*[text()="View &amp; Process Job"]</arg>
<doc>Click the element identified by ``locator``.</doc>
<msg timestamp="20220825 11:07:10.595" level="INFO">Clicking element 'xpath://*[text()="View &amp; Process Job"]'.</msg>
<status status="PASS" starttime="20220825 11:07:10.595" endtime="20220825 11:07:10.736"/>
</kw>
<kw name="Capture Page Screenshot" library="SeleniumLibrary">
<doc>Takes a screenshot of the current page and embeds it into a log file.</doc>
<msg timestamp="20220825 11:07:10.997" level="INFO" html="true">&lt;/td&gt;&lt;/tr&gt;&lt;tr&gt;&lt;td colspan="3"&gt;&lt;a href="selenium-screenshot-1113.png"&gt;&lt;img src="selenium-screenshot-1113.png" width="800px"&gt;&lt;/a&gt;</msg>
<status status="PASS" starttime="20220825 11:07:10.736" endtime="20220825 11:07:10.997"/>
</kw>
<status status="PASS" starttime="20220825 11:07:10.586" endtime="20220825 11:07:10.997"/>
</kw>
<status status="PASS" starttime="20220825 11:07:10.499" endtime="20220825 11:07:10.997"/>
</kw>
<kw name="Sleep" library="BuiltIn">
<arg>35s</arg>
<doc>Pauses the test executed for the given time.</doc>
<msg timestamp="20220825 11:07:46.010" level="INFO">Slept 35 seconds</msg>
<status status="PASS" starttime="20220825 11:07:10.997" endtime="20220825 11:07:46.010"/>
</kw>
<kw name="Reload Page" library="SeleniumLibrary">
<doc>Simulates user reloading page.</doc>
<status status="PASS" starttime="20220825 11:07:46.010" endtime="20220825 11:07:46.011"/>
</kw>
<kw name="Wait Until Page Contains Element" library="SeleniumLibrary">
<arg>xpath://*[text()="Job"]</arg>
<arg>120s</arg>
<doc>Waits until the element ``locator`` appears on the current page.</doc>
<status status="PASS" starttime="20220825 11:07:46.011" endtime="20220825 11:07:53.817"/>
</kw>
<kw name="Check Price" library="EditeRemoveCreateQC">
<arg>${Total_Inc}</arg>
<arg>${Total_Exc}</arg>
<kw name="Wait Until Page Contains Element" library="SeleniumLibrary">
<arg>xpath://*[text()="Job Details"]</arg>
<arg>50s</arg>
<doc>Waits until the element ``locator`` appears on the current page.</doc>
<status status="PASS" starttime="20220825 11:07:53.817" endtime="20220825 11:07:53.833"/>
</kw>
<kw name="Get Text" library="SeleniumLibrary">
<var>${CURJOB}</var>
<arg>//div[text()="Job"]/parent::h1/div/span</arg>
<doc>Returns the text value of the element identified by ``locator``.</doc>
<msg timestamp="20220825 11:07:53.857" level="INFO">${CURJOB} = JOB-17175</msg>
<status status="PASS" starttime="20220825 11:07:53.833" endtime="20220825 11:07:53.857"/>
</kw>
<kw name="Sleep" library="BuiltIn">
<arg>5s</arg>
<doc>Pauses the test executed for the given time.</doc>
<msg timestamp="20220825 11:07:58.858" level="INFO">Slept 5 seconds</msg>
<status status="PASS" starttime="20220825 11:07:53.857" endtime="20220825 11:07:58.858"/>
</kw>
<kw name="Click Search CaesarStone Page" library="Common">
<arg>${CURJOB}</arg>
<kw name="Reload Page" library="SeleniumLibrary">
<doc>Simulates user reloading page.</doc>
<status status="PASS" starttime="20220825 11:07:58.858" endtime="20220825 11:07:58.858"/>
</kw>
<kw name="Wait Until Page Contains Element" library="SeleniumLibrary">
<arg>xpath://*[@class="slds-button slds-no-space slds-m-bottom_xx-small"]</arg>
<arg>60s</arg>
<doc>Waits until the element ``locator`` appears on the current page.</doc>
<status status="PASS" starttime="20220825 11:07:58.858" endtime="20220825 11:08:01.013"/>
</kw>
<kw name="Wait Until Element Is Enabled" library="SeleniumLibrary">
<arg>xpath://*[@class="slds-button slds-no-space slds-m-bottom_xx-small"]</arg>
<arg>60s</arg>
<doc>Waits until the element ``locator`` is enabled.</doc>
<status status="PASS" starttime="20220825 11:08:01.013" endtime="20220825 11:08:01.040"/>
</kw>
<kw name="Wait Until Element Is Visible" library="SeleniumLibrary">
<arg>xpath://*[@class="slds-button slds-no-space slds-m-bottom_xx-small"]</arg>
<arg>60s</arg>
<doc>Waits until the element ``locator`` is visible.</doc>
<status status="PASS" starttime="20220825 11:08:01.040" endtime="20220825 11:08:01.064"/>
</kw>
<kw name="Sleep" library="BuiltIn">
<arg>5.5s</arg>
<doc>Pauses the test executed for the given time.</doc>
<msg timestamp="20220825 11:08:06.570" level="INFO">Slept 5 seconds 500 milliseconds</msg>
<status status="PASS" starttime="20220825 11:08:01.064" endtime="20220825 11:08:06.570"/>
</kw>
<kw name="Wait Until Element Is Enabled" library="SeleniumLibrary">
<arg>xpath:(//*[@data-key="search"]/parent::lightning-primitive-icon)[1]</arg>
<arg>60s</arg>
<doc>Waits until the element ``locator`` is enabled.</doc>
<status status="PASS" starttime="20220825 11:08:06.570" endtime="20220825 11:08:06.604"/>
</kw>
<kw name="Mouse Down" library="SeleniumLibrary">
<arg>xpath:(//*[@data-key="search"]/parent::lightning-primitive-icon)[1]</arg>
<doc>Simulates pressing the left mouse button on the element ``locator``.</doc>
<msg timestamp="20220825 11:08:06.604" level="INFO">Simulating Mouse Down on element 'xpath:(//*[@data-key="search"]/parent::lightning-primitive-icon)[1]'.</msg>
<status status="PASS" starttime="20220825 11:08:06.604" endtime="20220825 11:08:06.887"/>
</kw>
<kw name="Mouse Up" library="SeleniumLibrary">
<arg>xpath:(//*[@data-key="search"]/parent::lightning-primitive-icon)[1]</arg>
<doc>Simulates releasing the left mouse button on the element ``locator``.</doc>
<msg timestamp="20220825 11:08:06.887" level="INFO">Simulating Mouse Up on element 'xpath:(//*[@data-key="search"]/parent::lightning-primitive-icon)[1]'.</msg>
<status status="PASS" starttime="20220825 11:08:06.887" endtime="20220825 11:08:07.182"/>
</kw>
<kw name="Sleep" library="BuiltIn">
<arg>1s</arg>
<doc>Pauses the test executed for the given time.</doc>
<msg timestamp="20220825 11:08:08.183" level="INFO">Slept 1 second</msg>
<status status="PASS" starttime="20220825 11:08:07.182" endtime="20220825 11:08:08.183"/>
</kw>
<kw name="Input Text" library="SeleniumLibrary">
<arg>//*[@aria-label="Search..."]</arg>
<arg>${CURJOB}</arg>
<doc>Types the given ``text`` into the text field identified by ``locator``.</doc>
<msg timestamp="20220825 11:08:08.183" level="INFO">Typing text 'JOB-17175' into text field '//*[@aria-label="Search..."]'.</msg>
<status status="PASS" starttime="20220825 11:08:08.183" endtime="20220825 11:08:08.274"/>
</kw>
<kw name="Click Element" library="SeleniumLibrary">
<arg>xpath://*[@title="Search"]</arg>
<doc>Click the element identified by ``locator``.</doc>
<msg timestamp="20220825 11:08:08.274" level="INFO">Clicking element 'xpath://*[@title="Search"]'.</msg>
<status status="PASS" starttime="20220825 11:08:08.274" endtime="20220825 11:08:08.348"/>
</kw>
<kw name="Sleep" library="BuiltIn">
<arg>2s</arg>
<doc>Pauses the test executed for the given time.</doc>
<msg timestamp="20220825 11:08:10.353" level="INFO">Slept 2 seconds</msg>
<status status="PASS" starttime="20220825 11:08:08.348" endtime="20220825 11:08:10.353"/>
</kw>
<kw name="Wait Until Page Contains Element" library="SeleniumLibrary">
<arg>xpath://*[contains(text(),"${CURJOB}")]</arg>
<arg>60s</arg>
<doc>Waits until the element ``locator`` appears on the current page.</doc>
<status status="PASS" starttime="20220825 11:08:10.353" endtime="20220825 11:08:10.368"/>
</kw>
<kw name="Wait Until Element Is Enabled" library="SeleniumLibrary">
<arg>xpath://*[contains(text(),"${CURJOB}")]</arg>
<arg>60s</arg>
<doc>Waits until the element ``locator`` is enabled.</doc>
<status status="PASS" starttime="20220825 11:08:10.368" endtime="20220825 11:08:10.384"/>
</kw>
<kw name="Sleep" library="BuiltIn">
<arg>2s</arg>
<doc>Pauses the test executed for the given time.</doc>
<msg timestamp="20220825 11:08:12.395" level="INFO">Slept 2 seconds</msg>
<status status="PASS" starttime="20220825 11:08:10.384" endtime="20220825 11:08:12.395"/>
</kw>
<kw name="Get Element Count" library="SeleniumLibrary">
<var>${CountProducts}</var>
<arg>xpath://*[contains(text(),"We searched for")]</arg>
<doc>Returns the number of elements matching ``locator``.</doc>
<msg timestamp="20220825 11:08:12.403" level="INFO">${CountProducts} = 0</msg>
<status status="PASS" starttime="20220825 11:08:12.395" endtime="20220825 11:08:12.403"/>
</kw>
<kw name="Capture Page Screenshot" library="SeleniumLibrary">
<doc>Takes a screenshot of the current page and embeds it into a log file.</doc>
<msg timestamp="20220825 11:08:12.561" level="INFO" html="true">&lt;/td&gt;&lt;/tr&gt;&lt;tr&gt;&lt;td colspan="3"&gt;&lt;a href="selenium-screenshot-1114.png"&gt;&lt;img src="selenium-screenshot-1114.png" width="800px"&gt;&lt;/a&gt;</msg>
<status status="PASS" starttime="20220825 11:08:12.403" endtime="20220825 11:08:12.561"/>
</kw>
<if>
<branch type="IF" condition="${CountProducts}==1">
<kw name="Capture Page Screenshot" library="SeleniumLibrary">
<doc>Takes a screenshot of the current page and embeds it into a log file.</doc>
<status status="NOT RUN" starttime="20220825 11:08:12.561" endtime="20220825 11:08:12.561"/>
</kw>
<kw name="Click Search CaesarStone Page" library="Common">
<arg>${CURJOB}</arg>
<status status="NOT RUN" starttime="20220825 11:08:12.561" endtime="20220825 11:08:12.561"/>
</kw>
<status status="NOT RUN" starttime="20220825 11:08:12.561" endtime="20220825 11:08:12.561"/>
</branch>
<status status="PASS" starttime="20220825 11:08:12.561" endtime="20220825 11:08:12.561"/>
</if>
<kw name="Get Element Count" library="SeleniumLibrary">
<var>${CountProducts}</var>
<arg>xpath://a[text()="${CURJOB}"]</arg>
<doc>Returns the number of elements matching ``locator``.</doc>
<msg timestamp="20220825 11:08:12.570" level="INFO">${CountProducts} = 1</msg>
<status status="PASS" starttime="20220825 11:08:12.561" endtime="20220825 11:08:12.570"/>
</kw>
<kw name="Capture Page Screenshot" library="SeleniumLibrary">
<doc>Takes a screenshot of the current page and embeds it into a log file.</doc>
<msg timestamp="20220825 11:08:12.743" level="INFO" html="true">&lt;/td&gt;&lt;/tr&gt;&lt;tr&gt;&lt;td colspan="3"&gt;&lt;a href="selenium-screenshot-1115.png"&gt;&lt;img src="selenium-screenshot-1115.png" width="800px"&gt;&lt;/a&gt;</msg>
